[ 2016-11-28T17:03:40+08:00 ] ::1 /muke/Home/Index/Home/Index/logincheck
ERR: 非法操作:Home

[ 2016-11-28T17:04:21+08:00 ] ::1 /muke/Home/Index/Home/Index/logincheck
ERR: 非法操作:Home

[ 2016-11-28T17:08:15+08:00 ] ::1 /muke/Home/Index/Home/Index/logincheck
ERR: 非法操作:Home

[ 2016-11-28T17:12:25+08:00 ] ::1 /muke/Home/Index/Home/Index/logincheck
ERR: 非法操作:Home

[ 2016-11-28T17:17:20+08:00 ] ::1 /muke/Home/Index/Home/Index/logincheck
ERR: 非法操作:Home

[ 2016-11-28T17:37:37+08:00 ] ::1 /muke/Home/Index/Home/Index/logincheck
ERR: 非法操作:Home

[ 2016-11-28T19:27:15+08:00 ] ::1 /muke/Home/Common/Common/css/contact.css
ERR: 无法加载控制器:Common

[ 2016-11-28T19:29:55+08:00 ] ::1 /muke/Home/contact.css
ERR: 无法加载控制器:Contact.css

[ 2016-11-28T19:30:53+08:00 ] ::1 /muke/Home/contact.css
ERR: 无法加载控制器:Contact.css

[ 2016-11-28T19:31:26+08:00 ] ::1 /muke/Home/Index/contact.css
ERR: 非法操作:contact.css

[ 2016-11-28T19:33:16+08:00 ] ::1 /muke/Home/Index/contact.css
ERR: 非法操作:contact.css

[ 2016-11-28T19:34:16+08:00 ] ::1 /muke/Home/Index/contact.css
ERR: 非法操作:contact.css

[ 2016-11-28T19:34:26+08:00 ] ::1 /muke/Home/Index/contact.css
ERR: 非法操作:contact.css

[ 2016-11-28T19:35:10+08:00 ] ::1 /muke/Home/Index/contact.css
ERR: 非法操作:contact.css

[ 2016-11-28T19:37:04+08:00 ] ::1 /muke/Home/Index/contact.css
ERR: 非法操作:contact.css

[ 2016-11-28T19:37:27+08:00 ] ::1 /muke/Home/Index/contact.css
ERR: 非法操作:contact.css

[ 2016-11-28T19:37:59+08:00 ] ::1 /muke/Home/Index/contact.css
ERR: 非法操作:contact.css

[ 2016-11-28T19:38:05+08:00 ] ::1 /muke/Home/Index/contact.css
ERR: 非法操作:contact.css

