[ 2016-12-07T15:51:05+08:00 ] ::1 /muke/Home/Common/js/jquery.min.js
ERR: 无法加载控制器:Common

[ 2016-12-07T15:51:05+08:00 ] ::1 /muke/Home/Common/css/style.css
ERR: 无法加载控制器:Common

[ 2016-12-07T15:51:05+08:00 ] ::1 /muke/Home/Common/css/bootstrap.min.css
ERR: 无法加载控制器:Common

[ 2016-12-07T15:51:05+08:00 ] ::1 /muke/Home/Common/css/font-awesome.css
ERR: 无法加载控制器:Common

[ 2016-12-07T15:51:05+08:00 ] ::1 /muke/Home/Common/js/bootstrap.min.js
ERR: 无法加载控制器:Common

[ 2016-12-07T15:51:06+08:00 ] ::1 /muke/Home/Common/js/bootstrap.min.js
ERR: 无法加载控制器:Common

[ 2016-12-07T15:56:15+08:00 ] ::1 /muke/Home/Common/css/font-awesome.css
ERR: 无法加载控制器:Common

[ 2016-12-07T15:56:15+08:00 ] ::1 /muke/Home/Common/css/bootstrap.min.css
ERR: 无法加载控制器:Common

[ 2016-12-07T15:56:15+08:00 ] ::1 /muke/Home/Common/css/style.css
ERR: 无法加载控制器:Common

[ 2016-12-07T15:56:15+08:00 ] ::1 /muke/Home/Common/js/jquery.min.js
ERR: 无法加载控制器:Common

[ 2016-12-07T15:56:15+08:00 ] ::1 /muke/Home/Common/js/bootstrap.min.js
ERR: 无法加载控制器:Common

[ 2016-12-07T15:56:16+08:00 ] ::1 /muke/Home/Common/js/jquery.min.js
ERR: 无法加载控制器:Common

[ 2016-12-07T15:56:16+08:00 ] ::1 /muke/Home/Common/js/bootstrap.min.js
ERR: 无法加载控制器:Common

[ 2016-12-07T15:56:22+08:00 ] ::1 /muke/Home/Common/css/bootstrap.min.css
ERR: 无法加载控制器:Common

[ 2016-12-07T15:56:22+08:00 ] ::1 /muke/Home/Common/css/font-awesome.css
ERR: 无法加载控制器:Common

[ 2016-12-07T15:56:22+08:00 ] ::1 /muke/Home/Common/css/style.css
ERR: 无法加载控制器:Common

[ 2016-12-07T15:56:22+08:00 ] ::1 /muke/Home/Common/js/jquery.min.js
ERR: 无法加载控制器:Common

[ 2016-12-07T15:56:22+08:00 ] ::1 /muke/Home/Common/js/bootstrap.min.js
ERR: 无法加载控制器:Common

[ 2016-12-07T15:56:24+08:00 ] ::1 /muke/Home/Common/css/bootstrap.min.css
ERR: 无法加载控制器:Common

[ 2016-12-07T15:56:24+08:00 ] ::1 /muke/Home/Common/css/font-awesome.css
ERR: 无法加载控制器:Common

[ 2016-12-07T15:56:24+08:00 ] ::1 /muke/Home/Common/css/style.css
ERR: 无法加载控制器:Common

[ 2016-12-07T15:56:25+08:00 ] ::1 /muke/Home/Common/js/jquery.min.js
ERR: 无法加载控制器:Common

[ 2016-12-07T15:56:25+08:00 ] ::1 /muke/Home/Common/js/bootstrap.min.js
ERR: 无法加载控制器:Common

[ 2016-12-07T15:56:26+08:00 ] ::1 /muke/Home/Common/js/bootstrap.min.js
ERR: 无法加载控制器:Common

[ 2016-12-07T15:56:30+08:00 ] ::1 /muke/Home/Common/css/bootstrap.min.css
ERR: 无法加载控制器:Common

[ 2016-12-07T15:56:30+08:00 ] ::1 /muke/Home/Common/css/style.css
ERR: 无法加载控制器:Common

[ 2016-12-07T15:56:31+08:00 ] ::1 /muke/Home/Common/css/font-awesome.css
ERR: 无法加载控制器:Common

