[ 2016-12-03T20:34:27+08:00 ] ::1 /muke/Home/Index/Home/Index/logout
ERR: 非法操作:Home

[ 2016-12-03T20:34:52+08:00 ] ::1 /muke/Home/Index/Home/Index/logout
ERR: 非法操作:Home

[ 2016-12-03T20:36:03+08:00 ] ::1 /muke/Home/Index/Home/Index/login
ERR: 非法操作:Home

[ 2016-12-03T20:36:55+08:00 ] ::1 /muke/Home/Index/Home/Index/login
ERR: 非法操作:Home

[ 2016-12-03T20:40:11+08:00 ] ::1 /muke/Home/Index/Home/Index/login
ERR: 非法操作:Home

[ 2016-12-03T21:13:59+08:00 ] ::1 /muke/Home/Index/Home/Index/contact
ERR: 非法操作:Home

[ 2016-12-03T21:26:32+08:00 ] ::1 /muke/Home/Index/Home/Index/contact
ERR: 非法操作:Home

[ 2016-12-03T21:28:20+08:00 ] ::1 /muke/Home/View/contact
ERR: 无法加载控制器:View

[ 2016-12-03T21:28:39+08:00 ] ::1 /muke/Home/contact
ERR: 无法加载控制器:Contact

[ 2016-12-03T21:54:20+08:00 ] ::1 /muke/Home/Index/Home/Index/login
ERR: 非法操作:Home

[ 2016-12-03T21:54:41+08:00 ] ::1 /muke/Home/Index/Home/Index/login
ERR: 非法操作:Home

