[ 2016-10-06T19:40:19+08:00 ] ::1 /muke/Home/Index/Home/Index/logincheck?username=halo&password=12345&submit=
ERR: 非法操作:Home

[ 2016-10-06T19:43:30+08:00 ] ::1 /muke/Home/Index/Home/Index/logincheck
ERR: 非法操作:Home

[ 2016-10-06T19:46:31+08:00 ] ::1 /muke/Home/Index/Home/Index/logincheck?username=weartfawe&password=aweukhkweaho&submit=
ERR: 非法操作:Home

[ 2016-10-06T20:05:36+08:00 ] ::1 /muke/Home/App/Common/Common/css/bootstrap.min.css
ERR: 无法加载控制器:App

[ 2016-10-06T20:05:36+08:00 ] ::1 /muke/Home/App/Common/Common/js/jquery.min.js
ERR: 无法加载控制器:App

[ 2016-10-06T20:05:37+08:00 ] ::1 /muke/Home/App/Common/Common/js/bootstrap.js
ERR: 无法加载控制器:App

[ 2016-10-06T20:05:37+08:00 ] ::1 /muke/Home/App/Common/Common/css/bootstrap.css
ERR: 无法加载控制器:App

[ 2016-10-06T20:05:37+08:00 ] ::1 /muke/Home/App/Common/Common/css/style.css
ERR: 无法加载控制器:App

[ 2016-10-06T20:05:37+08:00 ] ::1 /muke/Home/App/Common/Common/css/owl.carousel.css
ERR: 无法加载控制器:App

[ 2016-10-06T20:05:37+08:00 ] ::1 /muke/Home/App/Common/Common/css/slider.css
ERR: 无法加载控制器:App

[ 2016-10-06T20:05:37+08:00 ] ::1 /muke/Home/App/Common/Common/fonts/css/font-awesome.min.css
ERR: 无法加载控制器:App

[ 2016-10-06T20:05:37+08:00 ] ::1 /muke/Home/App/Common/Common/js/bootstrap.min.js
ERR: 无法加载控制器:App

[ 2016-10-06T20:05:37+08:00 ] ::1 /muke/Home/App/Common/Common/js/modernizr.custom.28468.js
ERR: 无法加载控制器:App

[ 2016-10-06T20:05:37+08:00 ] ::1 /muke/Home/App/Common/Common/js/jquery.cslider.js
ERR: 无法加载控制器:App

[ 2016-10-06T20:05:37+08:00 ] ::1 /muke/Home/App/Common/Common/js/jquery.min.js
ERR: 无法加载控制器:App

[ 2016-10-06T20:05:37+08:00 ] ::1 /muke/Home/App/Common/Common/js/owl.carousel.js
ERR: 无法加载控制器:App

[ 2016-10-06T20:05:37+08:00 ] ::1 /muke/Home/App/Common/Common/js/bootstrap.js
ERR: 无法加载控制器:App

[ 2016-10-06T20:05:37+08:00 ] ::1 /muke/Home/App/Common/Common/js/bootstrap.min.js
ERR: 无法加载控制器:App

[ 2016-10-06T20:05:38+08:00 ] ::1 /muke/Home/App/Common/Common/css/slider.css
ERR: 无法加载控制器:App

[ 2016-10-06T20:05:38+08:00 ] ::1 /muke/Home/App/Common/Common/js/modernizr.custom.28468.js
ERR: 无法加载控制器:App

[ 2016-10-06T20:05:38+08:00 ] ::1 /muke/Home/App/Common/Common/js/jquery.cslider.js
ERR: 无法加载控制器:App

[ 2016-10-06T20:05:38+08:00 ] ::1 /muke/Home/App/Common/Common/css/owl.carousel.css
ERR: 无法加载控制器:App

[ 2016-10-06T20:05:38+08:00 ] ::1 /muke/Home/App/Common/Common/js/owl.carousel.js
ERR: 无法加载控制器:App

[ 2016-10-06T20:05:38+08:00 ] ::1 /muke/Home/App/Common/Common/fonts/css/font-awesome.min.css
ERR: 无法加载控制器:App

[ 2016-10-06T20:05:47+08:00 ] ::1 /muke/Home/Index/checklogin
ERR: 非法操作:checklogin

[ 2016-10-06T20:08:58+08:00 ] ::1 /muke/Home/Index/checklogin
ERR: 非法操作:checklogin

[ 2016-10-06T20:09:00+08:00 ] ::1 /muke/Home/App/Common/Common/css/bootstrap.css
ERR: 无法加载控制器:App

[ 2016-10-06T20:09:00+08:00 ] ::1 /muke/Home/App/Common/Common/css/bootstrap.min.css
ERR: 无法加载控制器:App

[ 2016-10-06T20:09:00+08:00 ] ::1 /muke/Home/App/Common/Common/js/bootstrap.min.js
ERR: 无法加载控制器:App

[ 2016-10-06T20:09:01+08:00 ] ::1 /muke/Home/App/Common/Common/js/jquery.min.js
ERR: 无法加载控制器:App

[ 2016-10-06T20:09:01+08:00 ] ::1 /muke/Home/App/Common/Common/js/bootstrap.js
ERR: 无法加载控制器:App

[ 2016-10-06T20:09:01+08:00 ] ::1 /muke/Home/App/Common/Common/css/owl.carousel.css
ERR: 无法加载控制器:App

[ 2016-10-06T20:09:01+08:00 ] ::1 /muke/Home/App/Common/Common/css/style.css
ERR: 无法加载控制器:App

[ 2016-10-06T20:09:01+08:00 ] ::1 /muke/Home/App/Common/Common/css/slider.css
ERR: 无法加载控制器:App

[ 2016-10-06T20:09:01+08:00 ] ::1 /muke/Home/App/Common/Common/fonts/css/font-awesome.min.css
ERR: 无法加载控制器:App

[ 2016-10-06T20:09:01+08:00 ] ::1 /muke/Home/App/Common/Common/js/modernizr.custom.28468.js
ERR: 无法加载控制器:App

[ 2016-10-06T20:09:01+08:00 ] ::1 /muke/Home/App/Common/Common/js/jquery.cslider.js
ERR: 无法加载控制器:App

[ 2016-10-06T20:09:01+08:00 ] ::1 /muke/Home/App/Common/Common/js/owl.carousel.js
ERR: 无法加载控制器:App

[ 2016-10-06T20:09:01+08:00 ] ::1 /muke/Home/App/Common/Common/js/bootstrap.js
ERR: 无法加载控制器:App

[ 2016-10-06T20:09:01+08:00 ] ::1 /muke/Home/App/Common/Common/js/bootstrap.min.js
ERR: 无法加载控制器:App

[ 2016-10-06T20:09:01+08:00 ] ::1 /muke/Home/App/Common/Common/css/slider.css
ERR: 无法加载控制器:App

[ 2016-10-06T20:09:01+08:00 ] ::1 /muke/Home/App/Common/Common/js/modernizr.custom.28468.js
ERR: 无法加载控制器:App

[ 2016-10-06T20:09:01+08:00 ] ::1 /muke/Home/App/Common/Common/js/jquery.cslider.js
ERR: 无法加载控制器:App

[ 2016-10-06T20:09:02+08:00 ] ::1 /muke/Home/App/Common/Common/js/owl.carousel.js
ERR: 无法加载控制器:App

[ 2016-10-06T20:09:02+08:00 ] ::1 /muke/Home/App/Common/Common/css/owl.carousel.css
ERR: 无法加载控制器:App

[ 2016-10-06T20:09:02+08:00 ] ::1 /muke/Home/App/Common/Common/fonts/css/font-awesome.min.css
ERR: 无法加载控制器:App

[ 2016-10-06T21:06:11+08:00 ] ::1 /muke/Home/Index/index.php
ERR: 非法操作:index.php

[ 2016-10-06T21:22:25+08:00 ] ::1 /muke/Home/Index/Home/Index/index.php
ERR: 非法操作:Home

[ 2016-10-06T21:22:48+08:00 ] ::1 /muke/Home/Index/index.php
ERR: 非法操作:index.php

[ 2016-10-06T22:15:41+08:00 ] ::1 /muke/Home/Index/logincheck
ERR: Think\Model:assign方法不存在！

[ 2016-10-06T22:27:47+08:00 ] ::1 /muke/index.php
ERR: 模板不存在:./App/Home/View//muke/index.php.html

[ 2016-10-06T22:27:47+08:00 ] ::1 /muke/index.php
ERR: 模板不存在:./App/Home/View//muke/index.php.html

[ 2016-10-06T22:27:57+08:00 ] ::1 /muke/Home/Index/index/
ERR: 模板不存在:./App/Home/View//muke/index.php.html

[ 2016-10-06T22:28:10+08:00 ] ::1 /muke/index.php
ERR: 模板不存在:./App/Home/View//muke/index.php.html

[ 2016-10-06T22:28:24+08:00 ] ::1 /muke/index.php
ERR: 模板不存在:./App/Home/View//index.php.html

