[ 2016-10-08T11:36:09+08:00 ] ::1 /muke/Home/Index/contact
ERR: Think\Model:assign方法不存在！

[ 2016-10-08T12:27:21+08:00 ] ::1 /muke/Home/Index/contact
ERR: 1064:You have an error in your SQL syntax; check the manual that corresponds to your MySQL server version for the right syntax to use near '* )' at line 1
 [ SQL语句 ] : SELECT * FROM `mk_message` WHERE ( * ) 

[ 2016-10-08T13:34:17+08:00 ] ::1 /muke/Home/Index/contact
ERR: 1054:Unknown column 'status' in 'where clause'
 [ SQL语句 ] : SELECT * FROM `mk_message` WHERE ( status=1 ) ORDER BY lastdate LIMIT 0,4  

[ 2016-10-08T13:34:46+08:00 ] ::1 /muke/Home/Index/contact
ERR: 1054:Unknown column 'status' in 'where clause'
 [ SQL语句 ] : SELECT * FROM `mk_message` WHERE ( status=1 ) ORDER BY lastdate LIMIT 0,4  

[ 2016-10-08T13:34:51+08:00 ] ::1 /muke/Home/Index/contact
ERR: 1054:Unknown column 'status' in 'where clause'
 [ SQL语句 ] : SELECT * FROM `mk_message` WHERE ( status=1 ) ORDER BY lastdate LIMIT 0,4  

[ 2016-10-08T13:35:08+08:00 ] ::1 /muke/Home/Index/contact
ERR: 1054:Unknown column 'status' in 'where clause'
 [ SQL语句 ] : SELECT * FROM `mk_message` WHERE ( status=1 ) ORDER BY lastdate LIMIT 0,4  

[ 2016-10-08T13:35:32+08:00 ] ::1 /muke/Home/Index/contact
ERR: 1054:Unknown column 'status' in 'where clause'
 [ SQL语句 ] : SELECT COUNT(*) AS tp_count FROM `mk_message` WHERE ( status=1 ) LIMIT 1  

[ 2016-10-08T13:36:11+08:00 ] ::1 /muke/Home/Index/contact
ERR: 1054:Unknown column 'status' in 'where clause'
 [ SQL语句 ] : SELECT * FROM `mk_message` WHERE ( status=1 ) ORDER BY lastdate LIMIT 0,4  

[ 2016-10-08T13:37:42+08:00 ] ::1 /muke/Home/Index/contact
ERR: 1054:Unknown column 'status' in 'where clause'
 [ SQL语句 ] : SELECT * FROM `mk_message` WHERE ( status=1 ) ORDER BY lastdate LIMIT 0,4  

[ 2016-10-08T13:38:26+08:00 ] ::1 /muke/Home/Index/contact
ERR: 1054:Unknown column 'status' in 'where clause'
 [ SQL语句 ] : SELECT * FROM `mk_message` WHERE ( status=1 ) ORDER BY lastdate LIMIT 0,4  

[ 2016-10-08T13:41:12+08:00 ] ::1 /muke/Home/Index/contact
ERR: 1054:Unknown column '$count' in 'where clause'
 [ SQL语句 ] : SELECT * FROM `mk_message` WHERE ( $count ) ORDER BY id LIMIT 0,4  

[ 2016-10-08T13:43:26+08:00 ] ::1 /muke/Home/Index/contact
ERR: 1054:Unknown column '$count' in 'where clause'
 [ SQL语句 ] : SELECT * FROM `mk_message` WHERE ( $count ) ORDER BY id LIMIT 0,4  

[ 2016-10-08T13:45:09+08:00 ] ::1 /muke/Home/Index/contact
ERR: 1054:Unknown column '$count' in 'where clause'
 [ SQL语句 ] : SELECT * FROM `mk_message` WHERE ( $count ) ORDER BY id LIMIT 0,4  

[ 2016-10-08T16:04:31+08:00 ] ::1 /muke/Home/index.php
ERR: 无法加载控制器:Index.php

[ 2016-10-08T16:53:52+08:00 ] ::1 /muke/Home/View/logincheck
ERR: 无法加载控制器:View

[ 2016-10-08T17:01:49+08:00 ] ::1 /muke/Home/Viewlogincheck
ERR: 无法加载控制器:Viewlogincheck

[ 2016-10-08T17:02:49+08:00 ] ::1 /muke/Home/Viewlogincheck
ERR: 无法加载控制器:Viewlogincheck

[ 2016-10-08T17:04:05+08:00 ] ::1 /muke/Home/View/logincheck
ERR: 无法加载控制器:View

[ 2016-10-08T17:06:53+08:00 ] ::1 /muke/Home/View/logincheck
ERR: 无法加载控制器:View

[ 2016-10-08T18:07:23+08:00 ] ::1 /muke/Home/View/logincheck
ERR: 无法加载控制器:View

[ 2016-10-08T18:10:18+08:00 ] ::1 /muke/Home/View/logincheck
ERR: 无法加载控制器:View

[ 2016-10-08T18:11:25+08:00 ] ::1 /muke/Home/View/logincheck
ERR: 无法加载控制器:View

[ 2016-10-08T18:14:13+08:00 ] ::1 /muke/Home/View/logincheck
ERR: 无法加载控制器:View

