[ 2016-12-06T00:50:25+08:00 ] ::1 /muke/Admin/Index/logincheck
ERR: 1146:Table 'muke.mk_tuser' doesn't exist
 [ SQL语句 ] : SHOW COLUMNS FROM `mk_tuser`

[ 2016-12-06T00:50:41+08:00 ] ::1 /muke/Admin/Index/logincheck
ERR: 1146:Table 'muke.mk_tuser' doesn't exist
 [ SQL语句 ] : SHOW COLUMNS FROM `mk_tuser`

[ 2016-12-06T00:52:01+08:00 ] ::1 /muke/Admin/Index/logincheck
ERR: 1146:Table 'muke.mk_tuser' doesn't exist
 [ SQL语句 ] : SHOW COLUMNS FROM `mk_tuser`

[ 2016-12-06T08:42:23+08:00 ] ::1 /muke/Admin/manage
ERR: 无法加载控制器:Manage

[ 2016-12-06T08:42:56+08:00 ] ::1 /muke/Admin/Index/js/jquery.min.js
ERR: 非法操作:js

[ 2016-12-06T08:42:56+08:00 ] ::1 /muke/Admin/Index/css/bootstrap.min.css
ERR: 非法操作:css

[ 2016-12-06T08:42:56+08:00 ] ::1 /muke/Admin/Index/css/style.css
ERR: 非法操作:css

[ 2016-12-06T08:42:56+08:00 ] ::1 /muke/Admin/Index/css/font-awesome.css
ERR: 非法操作:css

[ 2016-12-06T08:42:56+08:00 ] ::1 /muke/Admin/Index/css/custom.css
ERR: 非法操作:css

[ 2016-12-06T08:42:56+08:00 ] ::1 /muke/Admin/Index/css/lines.css
ERR: 非法操作:css

[ 2016-12-06T08:42:56+08:00 ] ::1 /muke/Admin/Index/js/metisMenu.min.js
ERR: 非法操作:js

[ 2016-12-06T08:42:56+08:00 ] ::1 /muke/Admin/Index/js/custom.js
ERR: 非法操作:js

[ 2016-12-06T08:42:56+08:00 ] ::1 /muke/Admin/Index/js/rickshaw.js
ERR: 非法操作:js

[ 2016-12-06T08:42:56+08:00 ] ::1 /muke/Admin/Index/js/d3.v3.js
ERR: 非法操作:js

[ 2016-12-06T08:42:57+08:00 ] ::1 /muke/Admin/Index/css/clndr.css
ERR: 非法操作:css

[ 2016-12-06T08:42:57+08:00 ] ::1 /muke/Admin/Index/css/jqvmap.css
ERR: 非法操作:css

[ 2016-12-06T08:42:57+08:00 ] ::1 /muke/Admin/Index/css/custom.css
ERR: 非法操作:css

[ 2016-12-06T08:42:57+08:00 ] ::1 /muke/Admin/Index/js/underscore-min.js
ERR: 非法操作:js

[ 2016-12-06T08:42:57+08:00 ] ::1 /muke/Admin/Index/js/moment-2.2.1.js
ERR: 非法操作:js

[ 2016-12-06T08:42:57+08:00 ] ::1 /muke/Admin/Index/js/clndr.js
ERR: 非法操作:js

[ 2016-12-06T08:42:57+08:00 ] ::1 /muke/Admin/Index/js/custom.js
ERR: 非法操作:js

[ 2016-12-06T08:42:57+08:00 ] ::1 /muke/Admin/Index/js/site.js
ERR: 非法操作:js

[ 2016-12-06T08:42:57+08:00 ] ::1 /muke/Admin/Index/js/d3.v3.js
ERR: 非法操作:js

[ 2016-12-06T08:42:57+08:00 ] ::1 /muke/Admin/Index/js/jquery.vmap.js
ERR: 非法操作:js

[ 2016-12-06T08:42:57+08:00 ] ::1 /muke/Admin/Index/js/rickshaw.js
ERR: 非法操作:js

[ 2016-12-06T08:42:57+08:00 ] ::1 /muke/Admin/Index/js/jquery.vmap.sampledata.js
ERR: 非法操作:js

[ 2016-12-06T08:42:58+08:00 ] ::1 /muke/Admin/Index/js/jquery.vmap.world.js
ERR: 非法操作:js

[ 2016-12-06T08:42:58+08:00 ] ::1 /muke/Admin/Index/js/bootstrap.min.js
ERR: 非法操作:js

[ 2016-12-06T08:42:58+08:00 ] ::1 /muke/Admin/Index/css/clndr.css
ERR: 非法操作:css

[ 2016-12-06T08:42:58+08:00 ] ::1 /muke/Admin/Index/js/underscore-min.js
ERR: 非法操作:js

[ 2016-12-06T08:42:58+08:00 ] ::1 /muke/Admin/Index/js/moment-2.2.1.js
ERR: 非法操作:js

[ 2016-12-06T08:42:58+08:00 ] ::1 /muke/Admin/Index/js/clndr.js
ERR: 非法操作:js

[ 2016-12-06T08:42:58+08:00 ] ::1 /muke/Admin/Index/js/site.js
ERR: 非法操作:js

[ 2016-12-06T08:42:58+08:00 ] ::1 /muke/Admin/Index/css/jqvmap.css
ERR: 非法操作:css

[ 2016-12-06T08:42:58+08:00 ] ::1 /muke/Admin/Index/js/jquery.vmap.js
ERR: 非法操作:js

[ 2016-12-06T08:42:58+08:00 ] ::1 /muke/Admin/Index/js/jquery.vmap.sampledata.js
ERR: 非法操作:js

[ 2016-12-06T08:42:58+08:00 ] ::1 /muke/Admin/Index/js/jquery.vmap.world.js
ERR: 非法操作:js

[ 2016-12-06T08:42:59+08:00 ] ::1 /muke/Admin/Index/js/bootstrap.min.js
ERR: 非法操作:js

[ 2016-12-06T08:45:10+08:00 ] ::1 /muke/Admin/Index/css/style.css
ERR: 非法操作:css

[ 2016-12-06T08:45:10+08:00 ] ::1 /muke/Admin/Index/css/bootstrap.min.css
ERR: 非法操作:css

[ 2016-12-06T08:45:10+08:00 ] ::1 /muke/Admin/Index/css/lines.css
ERR: 非法操作:css

[ 2016-12-06T08:45:10+08:00 ] ::1 /muke/Admin/Index/css/custom.css
ERR: 非法操作:css

[ 2016-12-06T08:45:10+08:00 ] ::1 /muke/Admin/Index/css/font-awesome.css
ERR: 非法操作:css

[ 2016-12-06T08:45:10+08:00 ] ::1 /muke/Admin/Index/css/jqvmap.css
ERR: 非法操作:css

[ 2016-12-06T08:45:10+08:00 ] ::1 /muke/Admin/Index/css/clndr.css
ERR: 非法操作:css

[ 2016-12-06T08:58:55+08:00 ] ::1 /muke/Admin/Index/css/bootstrap.min.css
ERR: 非法操作:css

[ 2016-12-06T08:58:55+08:00 ] ::1 /muke/Admin/Index/css/lines.css
ERR: 非法操作:css

[ 2016-12-06T08:58:55+08:00 ] ::1 /muke/Admin/Index/css/font-awesome.css
ERR: 非法操作:css

[ 2016-12-06T08:58:55+08:00 ] ::1 /muke/Admin/Index/css/style.css
ERR: 非法操作:css

[ 2016-12-06T08:58:55+08:00 ] ::1 /muke/Admin/Index/css/custom.css
ERR: 非法操作:css

[ 2016-12-06T08:58:55+08:00 ] ::1 /muke/Admin/Index/css/clndr.css
ERR: 非法操作:css

[ 2016-12-06T08:58:55+08:00 ] ::1 /muke/Admin/Index/css/jqvmap.css
ERR: 非法操作:css

[ 2016-12-06T08:58:56+08:00 ] ::1 /muke/Admin/Index/css/bootstrap.min.css
ERR: 非法操作:css

[ 2016-12-06T08:58:56+08:00 ] ::1 /muke/Admin/Index/css/font-awesome.css
ERR: 非法操作:css

[ 2016-12-06T08:58:56+08:00 ] ::1 /muke/Admin/Index/css/custom.css
ERR: 非法操作:css

[ 2016-12-06T08:58:56+08:00 ] ::1 /muke/Admin/Index/js/underscore-min.js
ERR: 非法操作:js

[ 2016-12-06T08:58:56+08:00 ] ::1 /muke/Admin/Index/css/style.css
ERR: 非法操作:css

[ 2016-12-06T08:58:56+08:00 ] ::1 /muke/Admin/Index/css/lines.css
ERR: 非法操作:css

[ 2016-12-06T08:58:56+08:00 ] ::1 /muke/Admin/Index/js/jquery.vmap.sampledata.js
ERR: 非法操作:js

[ 2016-12-06T08:58:56+08:00 ] ::1 /muke/Admin/Index/js/clndr.js
ERR: 非法操作:js

[ 2016-12-06T08:58:56+08:00 ] ::1 /muke/Admin/Index/js/jquery.vmap.js
ERR: 非法操作:js

[ 2016-12-06T08:58:56+08:00 ] ::1 /muke/Admin/Index/js/jquery.vmap.world.js
ERR: 非法操作:js

[ 2016-12-06T08:58:56+08:00 ] ::1 /muke/Admin/Index/js/moment-2.2.1.js
ERR: 非法操作:js

[ 2016-12-06T08:58:56+08:00 ] ::1 /muke/Admin/Index/js/site.js
ERR: 非法操作:js

[ 2016-12-06T08:58:56+08:00 ] ::1 /muke/Admin/Index/js/clndr.js
ERR: 非法操作:js

[ 2016-12-06T08:58:56+08:00 ] ::1 /muke/Admin/Common/js/bootstrap.min.js
ERR: 无法加载控制器:Common

[ 2016-12-06T08:58:57+08:00 ] ::1 /muke/Admin/Index/js/metisMenu.min.js
ERR: 非法操作:js

[ 2016-12-06T08:58:57+08:00 ] ::1 /muke/Admin/Index/js/custom.js
ERR: 非法操作:js

[ 2016-12-06T08:58:57+08:00 ] ::1 /muke/Admin/Index/js/d3.v3.js
ERR: 非法操作:js

[ 2016-12-06T08:58:57+08:00 ] ::1 /muke/Admin/Index/js/rickshaw.js
ERR: 非法操作:js

[ 2016-12-06T08:58:57+08:00 ] ::1 /muke/Admin/Index/js/jquery.min.js
ERR: 非法操作:js

[ 2016-12-06T08:58:57+08:00 ] ::1 /muke/Admin/Index/js/site.js
ERR: 非法操作:js

[ 2016-12-06T08:58:57+08:00 ] ::1 /muke/Admin/Index/js/jquery.vmap.js
ERR: 非法操作:js

[ 2016-12-06T08:58:57+08:00 ] ::1 /muke/Admin/Index/css/jqvmap.css
ERR: 非法操作:css

[ 2016-12-06T08:58:57+08:00 ] ::1 /muke/Admin/Index/js/jquery.vmap.sampledata.js
ERR: 非法操作:js

[ 2016-12-06T08:58:57+08:00 ] ::1 /muke/Admin/Index/js/jquery.vmap.world.js
ERR: 非法操作:js

[ 2016-12-06T08:58:57+08:00 ] ::1 /muke/Admin/Common/js/bootstrap.min.js
ERR: 无法加载控制器:Common

[ 2016-12-06T08:58:57+08:00 ] ::1 /muke/Admin/Index/js/metisMenu.min.js
ERR: 非法操作:js

[ 2016-12-06T08:58:57+08:00 ] ::1 /muke/Admin/Index/js/custom.js
ERR: 非法操作:js

[ 2016-12-06T08:58:58+08:00 ] ::1 /muke/Admin/Index/js/d3.v3.js
ERR: 非法操作:js

[ 2016-12-06T08:58:58+08:00 ] ::1 /muke/Admin/Index/js/rickshaw.js
ERR: 非法操作:js

[ 2016-12-06T08:58:58+08:00 ] ::1 /muke/Admin/Index/js/jquery.min.js
ERR: 非法操作:js

[ 2016-12-06T09:06:05+08:00 ] ::1 /muke/Admin/Index/css/style.css
ERR: 非法操作:css

[ 2016-12-06T09:06:05+08:00 ] ::1 /muke/Admin/Index/css/font-awesome.css
ERR: 非法操作:css

[ 2016-12-06T09:06:05+08:00 ] ::1 /muke/Admin/Index/css/custom.css
ERR: 非法操作:css

[ 2016-12-06T09:06:05+08:00 ] ::1 /muke/Admin/Index/css/bootstrap.min.css
ERR: 非法操作:css

[ 2016-12-06T09:06:05+08:00 ] ::1 /muke/Admin/Index/css/lines.css
ERR: 非法操作:css

[ 2016-12-06T09:06:05+08:00 ] ::1 /muke/Admin/Index/css/jqvmap.css
ERR: 非法操作:css

[ 2016-12-06T09:06:05+08:00 ] ::1 /muke/Admin/Index/css/clndr.css
ERR: 非法操作:css

[ 2016-12-06T09:06:05+08:00 ] ::1 /muke/Admin/Index/css/style.css
ERR: 非法操作:css

[ 2016-12-06T09:06:05+08:00 ] ::1 /muke/Admin/Index/js/underscore-min.js
ERR: 非法操作:js

[ 2016-12-06T09:06:06+08:00 ] ::1 /muke/Admin/Index/css/bootstrap.min.css
ERR: 非法操作:css

[ 2016-12-06T09:06:06+08:00 ] ::1 /muke/Admin/Index/css/font-awesome.css
ERR: 非法操作:css

[ 2016-12-06T09:06:06+08:00 ] ::1 /muke/Admin/Index/css/lines.css
ERR: 非法操作:css

[ 2016-12-06T09:06:06+08:00 ] ::1 /muke/Admin/Index/css/custom.css
ERR: 非法操作:css

[ 2016-12-06T09:06:06+08:00 ] ::1 /muke/Admin/Index/js/moment-2.2.1.js
ERR: 非法操作:js

[ 2016-12-06T09:06:06+08:00 ] ::1 /muke/Admin/Index/js/jquery.vmap.world.js
ERR: 非法操作:js

[ 2016-12-06T09:06:06+08:00 ] ::1 /muke/Admin/Index/js/site.js
ERR: 非法操作:js

[ 2016-12-06T09:06:06+08:00 ] ::1 /muke/Admin/Index/js/clndr.js
ERR: 非法操作:js

[ 2016-12-06T09:06:06+08:00 ] ::1 /muke/Admin/Index/js/jquery.vmap.js
ERR: 非法操作:js

[ 2016-12-06T09:06:06+08:00 ] ::1 /muke/Admin/Index/js/jquery.vmap.sampledata.js
ERR: 非法操作:js

[ 2016-12-06T09:06:06+08:00 ] ::1 /muke/Admin/Index/js/custom.js
ERR: 非法操作:js

[ 2016-12-06T09:06:06+08:00 ] ::1 /muke/Admin/Index/js/metisMenu.min.js
ERR: 非法操作:js

[ 2016-12-06T09:06:06+08:00 ] ::1 /muke/Admin/Index/js/site.js
ERR: 非法操作:js

[ 2016-12-06T09:06:06+08:00 ] ::1 /muke/Admin/Index/js/jquery.min.js
ERR: 非法操作:js

[ 2016-12-06T09:06:06+08:00 ] ::1 /muke/Admin/Index/js/d3.v3.js
ERR: 非法操作:js

[ 2016-12-06T09:06:06+08:00 ] ::1 /muke/Admin/Index/js/rickshaw.js
ERR: 非法操作:js

[ 2016-12-06T09:06:06+08:00 ] ::1 /muke/Admin/Index/js/jquery.vmap.js
ERR: 非法操作:js

[ 2016-12-06T09:06:07+08:00 ] ::1 /muke/Admin/Index/css/jqvmap.css
ERR: 非法操作:css

[ 2016-12-06T09:06:07+08:00 ] ::1 /muke/Admin/Index/js/jquery.vmap.sampledata.js
ERR: 非法操作:js

[ 2016-12-06T09:06:07+08:00 ] ::1 /muke/Admin/Index/js/jquery.vmap.world.js
ERR: 非法操作:js

[ 2016-12-06T09:06:07+08:00 ] ::1 /muke/Admin/Index/js/metisMenu.min.js
ERR: 非法操作:js

[ 2016-12-06T09:06:07+08:00 ] ::1 /muke/Admin/Index/js/custom.js
ERR: 非法操作:js

[ 2016-12-06T09:06:07+08:00 ] ::1 /muke/Admin/Index/js/d3.v3.js
ERR: 非法操作:js

[ 2016-12-06T09:06:07+08:00 ] ::1 /muke/Admin/Index/js/rickshaw.js
ERR: 非法操作:js

[ 2016-12-06T09:06:07+08:00 ] ::1 /muke/Admin/Index/js/jquery.min.js
ERR: 非法操作:js

[ 2016-12-06T09:07:44+08:00 ] ::1 /muke/Admin/Index/css/bootstrap.min.css
ERR: 非法操作:css

[ 2016-12-06T09:07:44+08:00 ] ::1 /muke/Admin/Index/css/style.css
ERR: 非法操作:css

[ 2016-12-06T09:07:44+08:00 ] ::1 /muke/Admin/Index/css/lines.css
ERR: 非法操作:css

[ 2016-12-06T09:07:45+08:00 ] ::1 /muke/Admin/Index/css/font-awesome.css
ERR: 非法操作:css

[ 2016-12-06T09:07:45+08:00 ] ::1 /muke/Admin/Index/css/custom.css
ERR: 非法操作:css

[ 2016-12-06T09:07:45+08:00 ] ::1 /muke/Admin/Index/css/jqvmap.css
ERR: 非法操作:css

[ 2016-12-06T09:07:45+08:00 ] ::1 /muke/Admin/Index/css/clndr.css
ERR: 非法操作:css

[ 2016-12-06T09:07:45+08:00 ] ::1 /muke/Admin/Index/css/style.css
ERR: 非法操作:css

[ 2016-12-06T09:07:45+08:00 ] ::1 /muke/Admin/Index/css/font-awesome.css
ERR: 非法操作:css

[ 2016-12-06T09:07:45+08:00 ] ::1 /muke/Admin/Index/css/custom.css
ERR: 非法操作:css

[ 2016-12-06T09:07:45+08:00 ] ::1 /muke/Admin/Index/css/lines.css
ERR: 非法操作:css

[ 2016-12-06T09:07:45+08:00 ] ::1 /muke/Admin/Index/js/underscore-min.js
ERR: 非法操作:js

[ 2016-12-06T09:07:45+08:00 ] ::1 /muke/Admin/Index/css/bootstrap.min.css
ERR: 非法操作:css

[ 2016-12-06T09:07:46+08:00 ] ::1 /muke/Admin/Index/js/moment-2.2.1.js
ERR: 非法操作:js

[ 2016-12-06T09:07:46+08:00 ] ::1 /muke/Admin/Index/js/jquery.vmap.sampledata.js
ERR: 非法操作:js

[ 2016-12-06T09:07:46+08:00 ] ::1 /muke/Admin/Index/js/site.js
ERR: 非法操作:js

[ 2016-12-06T09:07:46+08:00 ] ::1 /muke/Admin/Index/js/jquery.vmap.js
ERR: 非法操作:js

[ 2016-12-06T09:07:46+08:00 ] ::1 /muke/Admin/Index/js/clndr.js
ERR: 非法操作:js

[ 2016-12-06T09:07:46+08:00 ] ::1 /muke/Admin/Index/js/jquery.vmap.world.js
ERR: 非法操作:js

[ 2016-12-06T09:07:46+08:00 ] ::1 /muke/Admin/Index/js/site.js
ERR: 非法操作:js

[ 2016-12-06T09:07:46+08:00 ] ::1 /muke/Admin/Index/css/jqvmap.css
ERR: 非法操作:css

[ 2016-12-06T09:07:46+08:00 ] ::1 /muke/Admin/Index/js/jquery.vmap.js
ERR: 非法操作:js

[ 2016-12-06T09:07:46+08:00 ] ::1 /muke/Admin/Index/js/jquery.vmap.sampledata.js
ERR: 非法操作:js

[ 2016-12-06T09:07:47+08:00 ] ::1 /muke/Admin/Index/js/jquery.vmap.world.js
ERR: 非法操作:js

[ 2016-12-06T09:09:00+08:00 ] ::1 /muke/Admin/Index/css/clndr.css
ERR: 非法操作:css

[ 2016-12-06T09:09:00+08:00 ] ::1 /muke/Admin/Index/css/jqvmap.css
ERR: 非法操作:css

[ 2016-12-06T09:09:00+08:00 ] ::1 /muke/Admin/Index/js/underscore-min.js
ERR: 非法操作:js

[ 2016-12-06T09:09:00+08:00 ] ::1 /muke/Admin/Index/js/moment-2.2.1.js
ERR: 非法操作:js

[ 2016-12-06T09:09:00+08:00 ] ::1 /muke/Admin/Index/js/clndr.js
ERR: 非法操作:js

[ 2016-12-06T09:09:00+08:00 ] ::1 /muke/Admin/Index/js/site.js
ERR: 非法操作:js

[ 2016-12-06T09:09:01+08:00 ] ::1 /muke/Admin/Index/js/jquery.vmap.js
ERR: 非法操作:js

[ 2016-12-06T09:09:01+08:00 ] ::1 /muke/Admin/Index/js/jquery.vmap.world.js
ERR: 非法操作:js

[ 2016-12-06T09:09:01+08:00 ] ::1 /muke/Admin/Index/js/jquery.vmap.sampledata.js
ERR: 非法操作:js

[ 2016-12-06T09:09:01+08:00 ] ::1 /muke/Admin/Index/css/clndr.css
ERR: 非法操作:css

[ 2016-12-06T09:09:01+08:00 ] ::1 /muke/Admin/Index/js/underscore-min.js
ERR: 非法操作:js

[ 2016-12-06T09:09:02+08:00 ] ::1 /muke/Admin/Index/js/moment-2.2.1.js
ERR: 非法操作:js

[ 2016-12-06T09:09:02+08:00 ] ::1 /muke/Admin/Index/js/clndr.js
ERR: 非法操作:js

[ 2016-12-06T09:09:02+08:00 ] ::1 /muke/Admin/Index/js/site.js
ERR: 非法操作:js

[ 2016-12-06T09:09:02+08:00 ] ::1 /muke/Admin/Index/css/jqvmap.css
ERR: 非法操作:css

[ 2016-12-06T09:09:02+08:00 ] ::1 /muke/Admin/Index/js/jquery.vmap.js
ERR: 非法操作:js

[ 2016-12-06T09:09:02+08:00 ] ::1 /muke/Admin/Index/js/jquery.vmap.sampledata.js
ERR: 非法操作:js

[ 2016-12-06T09:09:02+08:00 ] ::1 /muke/Admin/Index/js/jquery.vmap.world.js
ERR: 非法操作:js

[ 2016-12-06T09:15:33+08:00 ] ::1 /muke/Admin/Index/css/clndr.css
ERR: 非法操作:css

[ 2016-12-06T09:15:33+08:00 ] ::1 /muke/Admin/Index/css/jqvmap.css
ERR: 非法操作:css

[ 2016-12-06T09:15:34+08:00 ] ::1 /muke/Admin/Index/js/jquery.vmap.js
ERR: 非法操作:js

[ 2016-12-06T09:15:34+08:00 ] ::1 /muke/Admin/Index/js/jquery.vmap.sampledata.js
ERR: 非法操作:js

[ 2016-12-06T09:15:34+08:00 ] ::1 /muke/Admin/Index/css/clndr.css
ERR: 非法操作:css

[ 2016-12-06T09:15:34+08:00 ] ::1 /muke/Admin/Index/css/jqvmap.css
ERR: 非法操作:css

[ 2016-12-06T09:15:35+08:00 ] ::1 /muke/Admin/Index/js/jquery.vmap.js
ERR: 非法操作:js

[ 2016-12-06T09:15:35+08:00 ] ::1 /muke/Admin/Index/js/jquery.vmap.sampledata.js
ERR: 非法操作:js

[ 2016-12-06T09:15:35+08:00 ] ::1 /muke/Admin/Index/js/jquery.vmap.world.js
ERR: 非法操作:js

[ 2016-12-06T09:15:35+08:00 ] ::1 /muke/Admin/Index/css/jqvmap.css
ERR: 非法操作:css

[ 2016-12-06T09:15:35+08:00 ] ::1 /muke/Admin/Index/js/jquery.vmap.js
ERR: 非法操作:js

[ 2016-12-06T09:15:35+08:00 ] ::1 /muke/Admin/Index/js/jquery.vmap.sampledata.js
ERR: 非法操作:js

[ 2016-12-06T09:15:35+08:00 ] ::1 /muke/Admin/Index/js/jquery.vmap.world.js
ERR: 非法操作:js

[ 2016-12-06T09:19:16+08:00 ] ::1 /muke/Admin/Index/css/clndr.css
ERR: 非法操作:css

[ 2016-12-06T09:19:16+08:00 ] ::1 /muke/Admin/Index/css/jqvmap.css
ERR: 非法操作:css

[ 2016-12-06T09:19:16+08:00 ] ::1 /muke/Admin/Index/js/jquery.vmap.js
ERR: 非法操作:js

[ 2016-12-06T09:19:16+08:00 ] ::1 /muke/Admin/Index/js/jquery.vmap.sampledata.js
ERR: 非法操作:js

[ 2016-12-06T09:19:17+08:00 ] ::1 /muke/Admin/Index/js/jquery.vmap.world.js
ERR: 非法操作:js

[ 2016-12-06T09:19:17+08:00 ] ::1 /muke/Admin/Index/css/jqvmap.css
ERR: 非法操作:css

[ 2016-12-06T09:19:17+08:00 ] ::1 /muke/Admin/Index/js/jquery.vmap.js
ERR: 非法操作:js

[ 2016-12-06T09:19:17+08:00 ] ::1 /muke/Admin/Index/js/jquery.vmap.sampledata.js
ERR: 非法操作:js

[ 2016-12-06T09:19:17+08:00 ] ::1 /muke/Admin/Index/js/jquery.vmap.world.js
ERR: 非法操作:js

