[ 2016-12-07T15:48:21+08:00 ] ::1 /muke/Admin/Index/css/clndr.css
ERR: 非法操作:css

[ 2016-12-07T15:48:21+08:00 ] ::1 /muke/Admin/Index/css/jqvmap.css
ERR: 非法操作:css

[ 2016-12-07T15:48:21+08:00 ] ::1 /muke/Admin/Index/js/jquery.vmap.js
ERR: 非法操作:js

[ 2016-12-07T15:48:21+08:00 ] ::1 /muke/Admin/Index/js/jquery.vmap.sampledata.js
ERR: 非法操作:js

[ 2016-12-07T15:48:21+08:00 ] ::1 /muke/Admin/Index/js/jquery.vmap.world.js
ERR: 非法操作:js

[ 2016-12-07T15:48:22+08:00 ] ::1 /muke/Admin/Index/js/jquery.vmap.js
ERR: 非法操作:js

[ 2016-12-07T15:48:22+08:00 ] ::1 /muke/Admin/Index/css/jqvmap.css
ERR: 非法操作:css

[ 2016-12-07T15:48:22+08:00 ] ::1 /muke/Admin/Index/js/jquery.vmap.sampledata.js
ERR: 非法操作:js

[ 2016-12-07T15:48:22+08:00 ] ::1 /muke/Admin/Index/js/jquery.vmap.world.js
ERR: 非法操作:js

[ 2016-12-07T15:59:51+08:00 ] ::1 /muke/Admin/Common/css/bootstrap.min.css
ERR: 无法加载控制器:Common

[ 2016-12-07T15:59:51+08:00 ] ::1 /muke/Admin/Common/font-awesome.css
ERR: 无法加载控制器:Common

[ 2016-12-07T15:59:51+08:00 ] ::1 /muke/Admin/Common/css/style.css
ERR: 无法加载控制器:Common

[ 2016-12-07T15:59:51+08:00 ] ::1 /muke/Admin/Common/js/jquery.min.js
ERR: 无法加载控制器:Common

[ 2016-12-07T15:59:51+08:00 ] ::1 /muke/Admin/Common/js/bootstrap.min.js
ERR: 无法加载控制器:Common

[ 2016-12-07T15:59:51+08:00 ] ::1 /muke/Admin/Common/js/jquery.min.js
ERR: 无法加载控制器:Common

[ 2016-12-07T15:59:54+08:00 ] ::1 /muke/Admin/Common/css/bootstrap.min.css
ERR: 无法加载控制器:Common

[ 2016-12-07T15:59:54+08:00 ] ::1 /muke/Admin/Common/css/style.css
ERR: 无法加载控制器:Common

[ 2016-12-07T15:59:54+08:00 ] ::1 /muke/Admin/Common/font-awesome.css
ERR: 无法加载控制器:Common

[ 2016-12-07T15:59:54+08:00 ] ::1 /muke/Admin/Common/js/jquery.min.js
ERR: 无法加载控制器:Common

[ 2016-12-07T15:59:54+08:00 ] ::1 /muke/Admin/Common/js/bootstrap.min.js
ERR: 无法加载控制器:Common

[ 2016-12-07T15:59:54+08:00 ] ::1 /muke/Admin/Common/js/bootstrap.min.js
ERR: 无法加载控制器:Common

[ 2016-12-07T15:59:58+08:00 ] ::1 /muke/Admin/Common/css/bootstrap.min.css
ERR: 无法加载控制器:Common

[ 2016-12-07T15:59:58+08:00 ] ::1 /muke/Admin/Common/css/style.css
ERR: 无法加载控制器:Common

[ 2016-12-07T15:59:58+08:00 ] ::1 /muke/Admin/Common/font-awesome.css
ERR: 无法加载控制器:Common

[ 2016-12-07T15:59:58+08:00 ] ::1 /muke/Admin/Common/js/jquery.min.js
ERR: 无法加载控制器:Common

[ 2016-12-07T15:59:58+08:00 ] ::1 /muke/Admin/Common/js/bootstrap.min.js
ERR: 无法加载控制器:Common

[ 2016-12-07T16:00:01+08:00 ] ::1 /muke/Admin/Common/css/bootstrap.min.css
ERR: 无法加载控制器:Common

[ 2016-12-07T16:00:01+08:00 ] ::1 /muke/Admin/Common/font-awesome.css
ERR: 无法加载控制器:Common

[ 2016-12-07T16:00:01+08:00 ] ::1 /muke/Admin/Common/css/style.css
ERR: 无法加载控制器:Common

[ 2016-12-07T16:00:01+08:00 ] ::1 /muke/Admin/Common/js/jquery.min.js
ERR: 无法加载控制器:Common

[ 2016-12-07T16:00:01+08:00 ] ::1 /muke/Admin/Common/js/bootstrap.min.js
ERR: 无法加载控制器:Common

[ 2016-12-07T16:00:01+08:00 ] ::1 /muke/Admin/Common/js/bootstrap.min.js
ERR: 无法加载控制器:Common

[ 2016-12-07T16:00:13+08:00 ] ::1 /muke/Admin/Index/manage
ERR: 模板不存在:./App/Admin/View//index.html

[ 2016-12-07T16:00:16+08:00 ] ::1 /muke/Admin/Common/font-awesome.css
ERR: 无法加载控制器:Common

[ 2016-12-07T16:00:16+08:00 ] ::1 /muke/Admin/Common/css/bootstrap.min.css
ERR: 无法加载控制器:Common

[ 2016-12-07T16:00:16+08:00 ] ::1 /muke/Admin/Common/css/style.css
ERR: 无法加载控制器:Common

[ 2016-12-07T16:00:16+08:00 ] ::1 /muke/Admin/Common/js/jquery.min.js
ERR: 无法加载控制器:Common

[ 2016-12-07T16:00:16+08:00 ] ::1 /muke/Admin/Common/js/bootstrap.min.js
ERR: 无法加载控制器:Common

[ 2016-12-07T16:00:29+08:00 ] ::1 /muke/Admin/Common/css/bootstrap.min.css
ERR: 无法加载控制器:Common

[ 2016-12-07T16:00:29+08:00 ] ::1 /muke/Admin/Common/font-awesome.css
ERR: 无法加载控制器:Common

[ 2016-12-07T16:00:29+08:00 ] ::1 /muke/Admin/Common/css/style.css
ERR: 无法加载控制器:Common

[ 2016-12-07T16:00:29+08:00 ] ::1 /muke/Admin/Common/js/jquery.min.js
ERR: 无法加载控制器:Common

[ 2016-12-07T16:00:29+08:00 ] ::1 /muke/Admin/Common/js/bootstrap.min.js
ERR: 无法加载控制器:Common

[ 2016-12-07T16:00:32+08:00 ] ::1 /muke/Admin/Common/css/bootstrap.min.css
ERR: 无法加载控制器:Common

[ 2016-12-07T16:00:33+08:00 ] ::1 /muke/Admin/Common/css/style.css
ERR: 无法加载控制器:Common

[ 2016-12-07T16:00:33+08:00 ] ::1 /muke/Admin/Common/font-awesome.css
ERR: 无法加载控制器:Common

[ 2016-12-07T16:00:33+08:00 ] ::1 /muke/Admin/Common/js/jquery.min.js
ERR: 无法加载控制器:Common

[ 2016-12-07T16:00:33+08:00 ] ::1 /muke/Admin/Common/js/bootstrap.min.js
ERR: 无法加载控制器:Common

[ 2016-12-07T16:00:34+08:00 ] ::1 /muke/Admin/Common/js/bootstrap.min.js
ERR: 无法加载控制器:Common

[ 2016-12-07T16:02:55+08:00 ] ::1 /muke/Admin/Index/css/clndr.css
ERR: 非法操作:css

[ 2016-12-07T16:02:55+08:00 ] ::1 /muke/Admin/Index/css/jqvmap.css
ERR: 非法操作:css

[ 2016-12-07T16:02:55+08:00 ] ::1 /muke/Admin/Index/js/jquery.vmap.js
ERR: 非法操作:js

[ 2016-12-07T16:02:55+08:00 ] ::1 /muke/Admin/Index/js/jquery.vmap.sampledata.js
ERR: 非法操作:js

[ 2016-12-07T16:02:55+08:00 ] ::1 /muke/Admin/Index/js/jquery.vmap.world.js
ERR: 非法操作:js

[ 2016-12-07T16:02:56+08:00 ] ::1 /muke/Admin/Index/js/jquery.vmap.js
ERR: 非法操作:js

[ 2016-12-07T16:02:56+08:00 ] ::1 /muke/Admin/Index/css/jqvmap.css
ERR: 非法操作:css

[ 2016-12-07T16:02:56+08:00 ] ::1 /muke/Admin/Index/js/jquery.vmap.sampledata.js
ERR: 非法操作:js

[ 2016-12-07T16:02:57+08:00 ] ::1 /muke/Admin/Index/js/jquery.vmap.world.js
ERR: 非法操作:js

[ 2016-12-07T16:02:58+08:00 ] ::1 /muke/Admin/Common/css/bootstrap.min.css
ERR: 无法加载控制器:Common

[ 2016-12-07T16:02:59+08:00 ] ::1 /muke/Admin/Common/css/style.css
ERR: 无法加载控制器:Common

[ 2016-12-07T16:02:59+08:00 ] ::1 /muke/Admin/Common/font-awesome.css
ERR: 无法加载控制器:Common

[ 2016-12-07T16:02:59+08:00 ] ::1 /muke/Admin/Common/js/jquery.min.js
ERR: 无法加载控制器:Common

[ 2016-12-07T16:02:59+08:00 ] ::1 /muke/Admin/Common/js/bootstrap.min.js
ERR: 无法加载控制器:Common

[ 2016-12-07T16:03:03+08:00 ] ::1 /muke/Admin/Common/css/bootstrap.min.css
ERR: 无法加载控制器:Common

[ 2016-12-07T16:03:03+08:00 ] ::1 /muke/Admin/Common/css/style.css
ERR: 无法加载控制器:Common

[ 2016-12-07T16:03:03+08:00 ] ::1 /muke/Admin/Common/font-awesome.css
ERR: 无法加载控制器:Common

[ 2016-12-07T16:07:20+08:00 ] ::1 /muke/Admin/Common/js/jquery.min.js
ERR: 无法加载控制器:Common

[ 2016-12-07T16:07:20+08:00 ] ::1 /muke/Admin/Common/css/bootstrap.min.css
ERR: 无法加载控制器:Common

[ 2016-12-07T16:07:20+08:00 ] ::1 /muke/Admin/Common/css/style.css
ERR: 无法加载控制器:Common

[ 2016-12-07T16:07:20+08:00 ] ::1 /muke/Admin/Common/font-awesome.css
ERR: 无法加载控制器:Common

[ 2016-12-07T16:07:20+08:00 ] ::1 /muke/Admin/Common/js/bootstrap.min.js
ERR: 无法加载控制器:Common

[ 2016-12-07T16:07:21+08:00 ] ::1 /muke/Admin/Common/js/bootstrap.min.js
ERR: 无法加载控制器:Common

[ 2016-12-07T16:15:28+08:00 ] ::1 /muke/Admin/Index/css/clndr.css
ERR: 非法操作:css

[ 2016-12-07T16:15:28+08:00 ] ::1 /muke/Admin/Index/css/jqvmap.css
ERR: 非法操作:css

[ 2016-12-07T16:15:28+08:00 ] ::1 /muke/Admin/Index/js/jquery.vmap.js
ERR: 非法操作:js

[ 2016-12-07T16:15:28+08:00 ] ::1 /muke/Admin/Index/js/jquery.vmap.sampledata.js
ERR: 非法操作:js

[ 2016-12-07T16:15:28+08:00 ] ::1 /muke/Admin/Index/js/jquery.vmap.world.js
ERR: 非法操作:js

[ 2016-12-07T16:15:30+08:00 ] ::1 /muke/Admin/Index/css/jqvmap.css
ERR: 非法操作:css

[ 2016-12-07T16:15:30+08:00 ] ::1 /muke/Admin/Index/js/jquery.vmap.js
ERR: 非法操作:js

[ 2016-12-07T16:15:30+08:00 ] ::1 /muke/Admin/Index/js/jquery.vmap.sampledata.js
ERR: 非法操作:js

[ 2016-12-07T16:15:31+08:00 ] ::1 /muke/Admin/Index/js/jquery.vmap.world.js
ERR: 非法操作:js

[ 2016-12-07T16:15:36+08:00 ] ::1 /muke/Admin/Index/grids.html
ERR: 非法操作:grids

[ 2016-12-07T16:15:39+08:00 ] ::1 /muke/Admin/Index/css/clndr.css
ERR: 非法操作:css

[ 2016-12-07T16:15:39+08:00 ] ::1 /muke/Admin/Index/css/jqvmap.css
ERR: 非法操作:css

[ 2016-12-07T16:15:39+08:00 ] ::1 /muke/Admin/Index/js/jquery.vmap.js
ERR: 非法操作:js

[ 2016-12-07T16:15:39+08:00 ] ::1 /muke/Admin/Index/js/jquery.vmap.world.js
ERR: 非法操作:js

[ 2016-12-07T16:15:39+08:00 ] ::1 /muke/Admin/Index/js/jquery.vmap.sampledata.js
ERR: 非法操作:js

[ 2016-12-07T16:15:39+08:00 ] ::1 /muke/Admin/Index/js/jquery.vmap.js
ERR: 非法操作:js

[ 2016-12-07T16:15:39+08:00 ] ::1 /muke/Admin/Index/css/jqvmap.css
ERR: 非法操作:css

[ 2016-12-07T16:15:39+08:00 ] ::1 /muke/Admin/Index/js/jquery.vmap.sampledata.js
ERR: 非法操作:js

[ 2016-12-07T16:15:40+08:00 ] ::1 /muke/Admin/Index/js/jquery.vmap.world.js
ERR: 非法操作:js

[ 2016-12-07T16:15:41+08:00 ] ::1 /muke/Admin/Index/typography.html
ERR: 非法操作:typography

[ 2016-12-07T16:15:42+08:00 ] ::1 /muke/Admin/Index/css/clndr.css
ERR: 非法操作:css

[ 2016-12-07T16:15:42+08:00 ] ::1 /muke/Admin/Index/css/jqvmap.css
ERR: 非法操作:css

[ 2016-12-07T16:15:43+08:00 ] ::1 /muke/Admin/Index/js/jquery.vmap.js
ERR: 非法操作:js

[ 2016-12-07T16:15:43+08:00 ] ::1 /muke/Admin/Index/js/jquery.vmap.world.js
ERR: 非法操作:js

[ 2016-12-07T16:15:43+08:00 ] ::1 /muke/Admin/Index/js/jquery.vmap.sampledata.js
ERR: 非法操作:js

[ 2016-12-07T16:15:43+08:00 ] ::1 /muke/Admin/Index/js/jquery.vmap.world.js
ERR: 非法操作:js

[ 2016-12-07T16:17:31+08:00 ] ::1 /muke/Admin/Index/css/jqvmap.css
ERR: 非法操作:css

[ 2016-12-07T16:17:31+08:00 ] ::1 /muke/Admin/Index/css/clndr.css
ERR: 非法操作:css

[ 2016-12-07T16:17:31+08:00 ] ::1 /muke/Admin/Index/js/jquery.vmap.js
ERR: 非法操作:js

[ 2016-12-07T16:17:31+08:00 ] ::1 /muke/Admin/Index/js/jquery.vmap.sampledata.js
ERR: 非法操作:js

[ 2016-12-07T16:17:31+08:00 ] ::1 /muke/Admin/Index/js/jquery.vmap.world.js
ERR: 非法操作:js

[ 2016-12-07T16:17:33+08:00 ] ::1 /muke/Admin/Index/js/jquery.vmap.js
ERR: 非法操作:js

[ 2016-12-07T16:17:33+08:00 ] ::1 /muke/Admin/Index/css/jqvmap.css
ERR: 非法操作:css

[ 2016-12-07T16:17:33+08:00 ] ::1 /muke/Admin/Index/js/jquery.vmap.sampledata.js
ERR: 非法操作:js

[ 2016-12-07T16:17:33+08:00 ] ::1 /muke/Admin/Index/js/jquery.vmap.world.js
ERR: 非法操作:js

[ 2016-12-07T16:24:32+08:00 ] ::1 /muke/Admin/Index/css/clndr.css
ERR: 非法操作:css

[ 2016-12-07T16:24:32+08:00 ] ::1 /muke/Admin/Index/css/jqvmap.css
ERR: 非法操作:css

[ 2016-12-07T16:24:32+08:00 ] ::1 /muke/Admin/Index/js/jquery.vmap.js
ERR: 非法操作:js

[ 2016-12-07T16:24:32+08:00 ] ::1 /muke/Admin/Index/js/jquery.vmap.sampledata.js
ERR: 非法操作:js

[ 2016-12-07T16:24:32+08:00 ] ::1 /muke/Admin/Index/js/jquery.vmap.world.js
ERR: 非法操作:js

[ 2016-12-07T16:24:32+08:00 ] ::1 /muke/Admin/Index/css/clndr.css
ERR: 非法操作:css

[ 2016-12-07T16:24:33+08:00 ] ::1 /muke/Admin/Index/js/jquery.vmap.js
ERR: 非法操作:js

[ 2016-12-07T16:24:33+08:00 ] ::1 /muke/Admin/Index/css/jqvmap.css
ERR: 非法操作:css

[ 2016-12-07T16:24:33+08:00 ] ::1 /muke/Admin/Index/js/jquery.vmap.sampledata.js
ERR: 非法操作:js

[ 2016-12-07T16:24:33+08:00 ] ::1 /muke/Admin/Index/js/jquery.vmap.world.js
ERR: 非法操作:js

[ 2016-12-07T16:24:35+08:00 ] ::1 /muke/Admin/Index/css/bootstrap.min.css
ERR: 非法操作:css

[ 2016-12-07T16:24:36+08:00 ] ::1 /muke/Admin/Index/css/style.css
ERR: 非法操作:css

[ 2016-12-07T16:24:36+08:00 ] ::1 /muke/Admin/Index/css/custom.css
ERR: 非法操作:css

[ 2016-12-07T16:24:36+08:00 ] ::1 /muke/Admin/Index/js/jquery.min.js
ERR: 非法操作:js

[ 2016-12-07T16:24:36+08:00 ] ::1 /muke/Admin/Index/css/font-awesome.css
ERR: 非法操作:css

[ 2016-12-07T16:24:36+08:00 ] ::1 /muke/Admin/Index/js/metisMenu.min.js
ERR: 非法操作:js

[ 2016-12-07T16:24:36+08:00 ] ::1 /muke/Admin/Index/css/bootstrap.min.css
ERR: 非法操作:css

[ 2016-12-07T16:24:36+08:00 ] ::1 /muke/Admin/Index/css/style.css
ERR: 非法操作:css

[ 2016-12-07T16:24:36+08:00 ] ::1 /muke/Admin/Index/js/custom.js
ERR: 非法操作:js

[ 2016-12-07T16:24:36+08:00 ] ::1 /muke/Admin/Index/js/bootstrap.min.js
ERR: 非法操作:js

[ 2016-12-07T16:24:37+08:00 ] ::1 /muke/Admin/Index/css/custom.css
ERR: 非法操作:css

[ 2016-12-07T16:24:37+08:00 ] ::1 /muke/Admin/Index/js/metisMenu.min.js
ERR: 非法操作:js

[ 2016-12-07T16:24:37+08:00 ] ::1 /muke/Admin/Index/js/custom.js
ERR: 非法操作:js

[ 2016-12-07T16:24:37+08:00 ] ::1 /muke/Admin/Index/js/bootstrap.min.js
ERR: 非法操作:js

[ 2016-12-07T16:34:43+08:00 ] ::1 /muke/Admin/Index/css/custom.css
ERR: 非法操作:css

[ 2016-12-07T16:34:44+08:00 ] ::1 /muke/Admin/Index/css/custom.css
ERR: 非法操作:css

[ 2016-12-07T16:35:26+08:00 ] ::1 /muke/Admin/Index/css/clndr.css
ERR: 非法操作:css

[ 2016-12-07T16:35:26+08:00 ] ::1 /muke/Admin/Index/css/jqvmap.css
ERR: 非法操作:css

[ 2016-12-07T16:35:26+08:00 ] ::1 /muke/Admin/Index/js/jquery.vmap.js
ERR: 非法操作:js

[ 2016-12-07T16:35:26+08:00 ] ::1 /muke/Admin/Index/js/jquery.vmap.sampledata.js
ERR: 非法操作:js

[ 2016-12-07T16:35:26+08:00 ] ::1 /muke/Admin/Index/js/jquery.vmap.world.js
ERR: 非法操作:js

[ 2016-12-07T16:35:27+08:00 ] ::1 /muke/Admin/Index/js/jquery.vmap.js
ERR: 非法操作:js

[ 2016-12-07T16:35:27+08:00 ] ::1 /muke/Admin/Index/css/jqvmap.css
ERR: 非法操作:css

[ 2016-12-07T16:35:27+08:00 ] ::1 /muke/Admin/Index/js/jquery.vmap.sampledata.js
ERR: 非法操作:js

[ 2016-12-07T16:35:27+08:00 ] ::1 /muke/Admin/Index/js/jquery.vmap.world.js
ERR: 非法操作:js

[ 2016-12-07T16:39:14+08:00 ] ::1 /muke/Admin/Index/css/clndr.css
ERR: 非法操作:css

[ 2016-12-07T16:39:14+08:00 ] ::1 /muke/Admin/Index/css/jqvmap.css
ERR: 非法操作:css

[ 2016-12-07T16:39:14+08:00 ] ::1 /muke/Admin/Index/js/jquery.vmap.js
ERR: 非法操作:js

[ 2016-12-07T16:39:14+08:00 ] ::1 /muke/Admin/Index/js/jquery.vmap.sampledata.js
ERR: 非法操作:js

[ 2016-12-07T16:39:14+08:00 ] ::1 /muke/Admin/Index/js/jquery.vmap.world.js
ERR: 非法操作:js

[ 2016-12-07T16:39:15+08:00 ] ::1 /muke/Admin/Index/js/jquery.vmap.js
ERR: 非法操作:js

[ 2016-12-07T16:39:15+08:00 ] ::1 /muke/Admin/Index/css/jqvmap.css
ERR: 非法操作:css

[ 2016-12-07T16:39:15+08:00 ] ::1 /muke/Admin/Index/js/jquery.vmap.sampledata.js
ERR: 非法操作:js

[ 2016-12-07T16:39:15+08:00 ] ::1 /muke/Admin/Index/js/jquery.vmap.world.js
ERR: 非法操作:js

[ 2016-12-07T16:39:24+08:00 ] ::1 /muke/Admin/Index/css/jqvmap.css
ERR: 非法操作:css

[ 2016-12-07T16:39:24+08:00 ] ::1 /muke/Admin/Index/css/clndr.css
ERR: 非法操作:css

