[ 2016-10-07T00:14:27+08:00 ] ::1 /muke/App/Common/Common/images/slide-pagenat.png
ERR: 无法加载模块:App

[ 2016-10-07T00:14:27+08:00 ] ::1 /muke/App/Common/Common/css/AjaxLoader.gif
ERR: 无法加载模块:App

[ 2016-10-07T00:18:09+08:00 ] ::1 /muke/App/Common/Common/css/AjaxLoader.gif
ERR: 无法加载模块:App

[ 2016-10-07T00:18:09+08:00 ] ::1 /muke/App/Common/Common/images/slide-pagenat.png
ERR: 无法加载模块:App

[ 2016-10-07T00:18:17+08:00 ] ::1 /muke/App/Common/Common/images/slide-pagenat.png
ERR: 无法加载模块:App

[ 2016-10-07T00:18:17+08:00 ] ::1 /muke/App/Common/Common/css/AjaxLoader.gif
ERR: 无法加载模块:App

[ 2016-10-07T00:25:30+08:00 ] ::1 /muke/App/Common/Common/images/slide-pagenat.png
ERR: 无法加载模块:App

[ 2016-10-07T00:25:30+08:00 ] ::1 /muke/App/Common/Common/css/AjaxLoader.gif
ERR: 无法加载模块:App

[ 2016-10-07T00:27:07+08:00 ] ::1 /muke/App/Common/Common/images/slide-pagenat.png
ERR: 无法加载模块:App

[ 2016-10-07T00:27:07+08:00 ] ::1 /muke/App/Common/Common/css/AjaxLoader.gif
ERR: 无法加载模块:App

[ 2016-10-07T00:29:30+08:00 ] ::1 /muke/App/Common/Common/images/slide-pagenat.png
ERR: 无法加载模块:App

[ 2016-10-07T00:29:30+08:00 ] ::1 /muke/App/Common/Common/css/AjaxLoader.gif
ERR: 无法加载模块:App

[ 2016-10-07T00:29:35+08:00 ] ::1 /muke/App/Common/Common/css/AjaxLoader.gif
ERR: 无法加载模块:App

[ 2016-10-07T00:29:35+08:00 ] ::1 /muke/App/Common/Common/images/slide-pagenat.png
ERR: 无法加载模块:App

[ 2016-10-07T00:30:08+08:00 ] ::1 /muke/App/Common/Common/images/slide-pagenat.png
ERR: 无法加载模块:App

[ 2016-10-07T00:30:08+08:00 ] ::1 /muke/App/Common/Common/css/AjaxLoader.gif
ERR: 无法加载模块:App

[ 2016-10-07T00:31:59+08:00 ] ::1 /muke/App/Common/Common/images/slide-pagenat.png
ERR: 无法加载模块:App

[ 2016-10-07T00:31:59+08:00 ] ::1 /muke/App/Common/Common/css/AjaxLoader.gif
ERR: 无法加载模块:App

[ 2016-10-07T00:33:25+08:00 ] ::1 /muke/App/Common/Common/images/slide-pagenat.png
ERR: 无法加载模块:App

[ 2016-10-07T00:33:25+08:00 ] ::1 /muke/App/Common/Common/css/AjaxLoader.gif
ERR: 无法加载模块:App

[ 2016-10-07T00:33:26+08:00 ] ::1 /muke/App/Common/Common/css/AjaxLoader.gif
ERR: 无法加载模块:App

[ 2016-10-07T00:33:26+08:00 ] ::1 /muke/App/Common/Common/images/slide-pagenat.png
ERR: 无法加载模块:App

[ 2016-10-07T00:34:16+08:00 ] ::1 /muke/App/Common/Common/images/slide-pagenat.png
ERR: 无法加载模块:App

[ 2016-10-07T00:34:16+08:00 ] ::1 /muke/App/Common/Common/css/AjaxLoader.gif
ERR: 无法加载模块:App

[ 2016-10-07T00:42:14+08:00 ] ::1 /muke/App/Common/Common/images/slide-pagenat.png
ERR: 无法加载模块:App

[ 2016-10-07T00:42:15+08:00 ] ::1 /muke/App/Common/Common/css/AjaxLoader.gif
ERR: 无法加载模块:App

[ 2016-10-07T00:43:03+08:00 ] ::1 /muke/App/Common/Common/images/slide-pagenat.png
ERR: 无法加载模块:App

[ 2016-10-07T00:43:04+08:00 ] ::1 /muke/App/Common/Common/css/AjaxLoader.gif
ERR: 无法加载模块:App

[ 2016-10-07T00:44:26+08:00 ] ::1 /muke/App/Common/Common/images/slide-pagenat.png
ERR: 无法加载模块:App

[ 2016-10-07T00:44:26+08:00 ] ::1 /muke/App/Common/Common/css/AjaxLoader.gif
ERR: 无法加载模块:App

[ 2016-10-07T00:44:31+08:00 ] ::1 /muke/App/Common/Common/images/slide-pagenat.png
ERR: 无法加载模块:App

[ 2016-10-07T00:44:31+08:00 ] ::1 /muke/App/Common/Common/css/AjaxLoader.gif
ERR: 无法加载模块:App

[ 2016-10-07T00:47:29+08:00 ] ::1 /muke/App/Common/Common/images/slide-pagenat.png
ERR: 无法加载模块:App

[ 2016-10-07T00:47:29+08:00 ] ::1 /muke/App/Common/Common/css/AjaxLoader.gif
ERR: 无法加载模块:App

[ 2016-10-07T00:47:33+08:00 ] ::1 /muke/App/Common/Common/fonts/glyphicons-halflings-regular.woff
ERR: 无法加载模块:App

[ 2016-10-07T00:47:33+08:00 ] ::1 /muke/App/Common/Common/fonts/glyphicons-halflings-regular.ttf
ERR: 无法加载模块:App

[ 2016-10-07T00:47:43+08:00 ] ::1 /muke/App/Common/Common/images/slide-pagenat.png
ERR: 无法加载模块:App

[ 2016-10-07T00:47:43+08:00 ] ::1 /muke/App/Common/Common/css/AjaxLoader.gif
ERR: 无法加载模块:App

[ 2016-10-07T00:49:53+08:00 ] ::1 /muke/App/Common/Common/images/slide-pagenat.png
ERR: 无法加载模块:App

[ 2016-10-07T00:49:53+08:00 ] ::1 /muke/App/Common/Common/css/AjaxLoader.gif
ERR: 无法加载模块:App

[ 2016-10-07T00:49:57+08:00 ] ::1 /muke/App/Common/Common/fonts/glyphicons-halflings-regular.woff
ERR: 无法加载模块:App

[ 2016-10-07T00:49:57+08:00 ] ::1 /muke/App/Common/Common/fonts/glyphicons-halflings-regular.ttf
ERR: 无法加载模块:App

[ 2016-10-07T00:50:06+08:00 ] ::1 /muke/App/Common/Common/images/slide-pagenat.png
ERR: 无法加载模块:App

[ 2016-10-07T00:50:07+08:00 ] ::1 /muke/App/Common/Common/css/AjaxLoader.gif
ERR: 无法加载模块:App

[ 2016-10-07T00:51:45+08:00 ] ::1 /muke/App/Common/Common/images/slide-pagenat.png
ERR: 无法加载模块:App

[ 2016-10-07T00:51:45+08:00 ] ::1 /muke/App/Common/Common/css/AjaxLoader.gif
ERR: 无法加载模块:App

[ 2016-10-07T00:51:49+08:00 ] ::1 /muke/App/Common/Common/fonts/glyphicons-halflings-regular.woff
ERR: 无法加载模块:App

[ 2016-10-07T00:51:49+08:00 ] ::1 /muke/App/Common/Common/fonts/glyphicons-halflings-regular.ttf
ERR: 无法加载模块:App

[ 2016-10-07T00:51:58+08:00 ] ::1 /muke/App/Common/Common/images/slide-pagenat.png
ERR: 无法加载模块:App

[ 2016-10-07T00:51:58+08:00 ] ::1 /muke/App/Common/Common/css/AjaxLoader.gif
ERR: 无法加载模块:App

[ 2016-10-07T01:26:09+08:00 ] ::1 /muke/App/Common/Common/images/slide-pagenat.png
ERR: 无法加载模块:App

[ 2016-10-07T01:26:09+08:00 ] ::1 /muke/App/Common/Common/css/AjaxLoader.gif
ERR: 无法加载模块:App

[ 2016-10-07T01:32:42+08:00 ] ::1 /muke/App/Common/Common/images/slide-pagenat.png
ERR: 无法加载模块:App

[ 2016-10-07T01:32:42+08:00 ] ::1 /muke/App/Common/Common/css/AjaxLoader.gif
ERR: 无法加载模块:App

[ 2016-10-07T01:33:25+08:00 ] ::1 /muke/App/Common/Common/images/slide-pagenat.png
ERR: 无法加载模块:App

[ 2016-10-07T01:33:26+08:00 ] ::1 /muke/App/Common/Common/css/AjaxLoader.gif
ERR: 无法加载模块:App

[ 2016-10-07T01:33:30+08:00 ] ::1 /muke/App/Common/Common/fonts/glyphicons-halflings-regular.woff
ERR: 无法加载模块:App

[ 2016-10-07T01:33:31+08:00 ] ::1 /muke/App/Common/Common/fonts/glyphicons-halflings-regular.ttf
ERR: 无法加载模块:App

[ 2016-10-07T01:33:39+08:00 ] ::1 /muke/App/Common/Common/images/slide-pagenat.png
ERR: 无法加载模块:App

[ 2016-10-07T01:33:39+08:00 ] ::1 /muke/App/Common/Common/css/AjaxLoader.gif
ERR: 无法加载模块:App

[ 2016-10-07T01:34:22+08:00 ] ::1 /muke/App/Common/Common/images/slide-pagenat.png
ERR: 无法加载模块:App

[ 2016-10-07T01:34:22+08:00 ] ::1 /muke/App/Common/Common/css/AjaxLoader.gif
ERR: 无法加载模块:App

[ 2016-10-07T01:34:29+08:00 ] ::1 /muke/App/Common/Common/images/slide-pagenat.png
ERR: 无法加载模块:App

[ 2016-10-07T01:34:29+08:00 ] ::1 /muke/App/Common/Common/css/AjaxLoader.gif
ERR: 无法加载模块:App

[ 2016-10-07T01:34:32+08:00 ] ::1 /muke/App/Common/Common/fonts/glyphicons-halflings-regular.woff
ERR: 无法加载模块:App

[ 2016-10-07T01:34:32+08:00 ] ::1 /muke/App/Common/Common/fonts/glyphicons-halflings-regular.ttf
ERR: 无法加载模块:App

[ 2016-10-07T01:34:51+08:00 ] ::1 /muke/App/Common/Common/images/slide-pagenat.png
ERR: 无法加载模块:App

[ 2016-10-07T01:34:51+08:00 ] ::1 /muke/App/Common/Common/css/AjaxLoader.gif
ERR: 无法加载模块:App

[ 2016-10-07T01:34:59+08:00 ] ::1 /muke/App/Common/Common/images/slide-pagenat.png
ERR: 无法加载模块:App

[ 2016-10-07T01:34:59+08:00 ] ::1 /muke/App/Common/Common/css/AjaxLoader.gif
ERR: 无法加载模块:App

[ 2016-10-07T09:19:22+08:00 ] ::1 /muke/App/Common/Common/fonts/glyphicons-halflings-regular.woff
ERR: 无法加载模块:App

[ 2016-10-07T09:19:23+08:00 ] ::1 /muke/App/Common/Common/fonts/glyphicons-halflings-regular.ttf
ERR: 无法加载模块:App

[ 2016-10-07T09:19:33+08:00 ] ::1 /muke/App/Common/Common/images/slide-pagenat.png
ERR: 无法加载模块:App

[ 2016-10-07T09:19:33+08:00 ] ::1 /muke/App/Common/Common/css/AjaxLoader.gif
ERR: 无法加载模块:App

[ 2016-10-07T09:19:40+08:00 ] ::1 /muke/App/Common/Common/images/slide-pagenat.png
ERR: 无法加载模块:App

[ 2016-10-07T09:19:41+08:00 ] ::1 /muke/App/Common/Common/css/AjaxLoader.gif
ERR: 无法加载模块:App

[ 2016-10-07T09:57:54+08:00 ] ::1 /muke/App/Common/Common/images/slide-pagenat.png
ERR: 无法加载模块:App

[ 2016-10-07T09:57:54+08:00 ] ::1 /muke/App/Common/Common/css/AjaxLoader.gif
ERR: 无法加载模块:App

[ 2016-10-07T09:57:57+08:00 ] ::1 /muke/App/Common/Common/fonts/glyphicons-halflings-regular.woff
ERR: 无法加载模块:App

[ 2016-10-07T09:57:57+08:00 ] ::1 /muke/App/Common/Common/fonts/glyphicons-halflings-regular.ttf
ERR: 无法加载模块:App

[ 2016-10-07T09:58:15+08:00 ] ::1 /muke/App/Common/Common/images/slide-pagenat.png
ERR: 无法加载模块:App

[ 2016-10-07T09:58:15+08:00 ] ::1 /muke/App/Common/Common/css/AjaxLoader.gif
ERR: 无法加载模块:App

[ 2016-10-07T09:59:36+08:00 ] ::1 /muke/App/Common/Common/fonts/glyphicons-halflings-regular.woff
ERR: 无法加载模块:App

[ 2016-10-07T09:59:37+08:00 ] ::1 /muke/App/Common/Common/fonts/glyphicons-halflings-regular.ttf
ERR: 无法加载模块:App

[ 2016-10-07T09:59:42+08:00 ] ::1 /muke/App/Common/Common/fonts/glyphicons-halflings-regular.woff
ERR: 无法加载模块:App

[ 2016-10-07T09:59:43+08:00 ] ::1 /muke/App/Common/Common/fonts/glyphicons-halflings-regular.ttf
ERR: 无法加载模块:App

[ 2016-10-07T10:00:34+08:00 ] ::1 /muke/App/Common/Common/fonts/glyphicons-halflings-regular.woff
ERR: 无法加载模块:App

[ 2016-10-07T10:00:34+08:00 ] ::1 /muke/App/Common/Common/fonts/glyphicons-halflings-regular.ttf
ERR: 无法加载模块:App

[ 2016-10-07T10:00:41+08:00 ] ::1 /muke/App/Common/Common/images/slide-pagenat.png
ERR: 无法加载模块:App

[ 2016-10-07T10:00:41+08:00 ] ::1 /muke/App/Common/Common/css/AjaxLoader.gif
ERR: 无法加载模块:App

[ 2016-10-07T10:02:07+08:00 ] ::1 /muke/App/Common/Common/images/slide-pagenat.png
ERR: 无法加载模块:App

[ 2016-10-07T10:02:07+08:00 ] ::1 /muke/App/Common/Common/css/AjaxLoader.gif
ERR: 无法加载模块:App

[ 2016-10-07T10:02:21+08:00 ] ::1 /muke/App/Common/Common/images/slide-pagenat.png
ERR: 无法加载模块:App

[ 2016-10-07T10:02:21+08:00 ] ::1 /muke/App/Common/Common/css/AjaxLoader.gif
ERR: 无法加载模块:App

[ 2016-10-07T10:02:28+08:00 ] ::1 /muke/App/Common/Common/images/slide-pagenat.png
ERR: 无法加载模块:App

[ 2016-10-07T10:02:28+08:00 ] ::1 /muke/App/Common/Common/css/AjaxLoader.gif
ERR: 无法加载模块:App

[ 2016-10-07T10:02:31+08:00 ] ::1 /muke/App/Common/Common/fonts/glyphicons-halflings-regular.woff
ERR: 无法加载模块:App

[ 2016-10-07T10:02:32+08:00 ] ::1 /muke/App/Common/Common/fonts/glyphicons-halflings-regular.ttf
ERR: 无法加载模块:App

[ 2016-10-07T10:02:46+08:00 ] ::1 /muke/App/Common/Common/images/slide-pagenat.png
ERR: 无法加载模块:App

[ 2016-10-07T10:02:46+08:00 ] ::1 /muke/App/Common/Common/css/AjaxLoader.gif
ERR: 无法加载模块:App

[ 2016-10-07T10:03:37+08:00 ] ::1 /muke/App/Common/Common/images/slide-pagenat.png
ERR: 无法加载模块:App

[ 2016-10-07T10:03:37+08:00 ] ::1 /muke/App/Common/Common/css/AjaxLoader.gif
ERR: 无法加载模块:App

[ 2016-10-07T10:04:18+08:00 ] ::1 /muke/App/Common/Common/images/slide-pagenat.png
ERR: 无法加载模块:App

[ 2016-10-07T10:04:19+08:00 ] ::1 /muke/App/Common/Common/css/AjaxLoader.gif
ERR: 无法加载模块:App

[ 2016-10-07T10:04:29+08:00 ] ::1 /muke/App/Common/Common/images/slide-pagenat.png
ERR: 无法加载模块:App

[ 2016-10-07T10:04:29+08:00 ] ::1 /muke/App/Common/Common/css/AjaxLoader.gif
ERR: 无法加载模块:App

[ 2016-10-07T10:04:41+08:00 ] ::1 /muke/App/Common/Common/fonts/glyphicons-halflings-regular.woff
ERR: 无法加载模块:App

[ 2016-10-07T10:04:42+08:00 ] ::1 /muke/App/Common/Common/fonts/glyphicons-halflings-regular.ttf
ERR: 无法加载模块:App

[ 2016-10-07T10:04:58+08:00 ] ::1 /muke/App/Common/Common/images/slide-pagenat.png
ERR: 无法加载模块:App

[ 2016-10-07T10:04:58+08:00 ] ::1 /muke/App/Common/Common/css/AjaxLoader.gif
ERR: 无法加载模块:App

[ 2016-10-07T10:05:41+08:00 ] ::1 /muke/App/Common/Common/images/slide-pagenat.png
ERR: 无法加载模块:App

[ 2016-10-07T10:05:41+08:00 ] ::1 /muke/App/Common/Common/css/AjaxLoader.gif
ERR: 无法加载模块:App

[ 2016-10-07T10:07:54+08:00 ] ::1 /muke/App/Common/Common/images/slide-pagenat.png
ERR: 无法加载模块:App

[ 2016-10-07T10:07:54+08:00 ] ::1 /muke/App/Common/Common/css/AjaxLoader.gif
ERR: 无法加载模块:App

[ 2016-10-07T10:07:59+08:00 ] ::1 /muke/App/Common/Common/fonts/glyphicons-halflings-regular.woff
ERR: 无法加载模块:App

[ 2016-10-07T10:07:59+08:00 ] ::1 /muke/App/Common/Common/fonts/glyphicons-halflings-regular.ttf
ERR: 无法加载模块:App

[ 2016-10-07T10:09:05+08:00 ] ::1 /muke/App/Common/Common/fonts/glyphicons-halflings-regular.woff
ERR: 无法加载模块:App

[ 2016-10-07T10:09:06+08:00 ] ::1 /muke/App/Common/Common/fonts/glyphicons-halflings-regular.ttf
ERR: 无法加载模块:App

[ 2016-10-07T10:09:26+08:00 ] ::1 /muke/App/Common/Common/fonts/glyphicons-halflings-regular.woff
ERR: 无法加载模块:App

[ 2016-10-07T10:09:26+08:00 ] ::1 /muke/App/Common/Common/fonts/glyphicons-halflings-regular.ttf
ERR: 无法加载模块:App

[ 2016-10-07T10:09:55+08:00 ] ::1 /muke/App/Common/Common/fonts/glyphicons-halflings-regular.woff
ERR: 无法加载模块:App

[ 2016-10-07T10:09:55+08:00 ] ::1 /muke/App/Common/Common/fonts/glyphicons-halflings-regular.ttf
ERR: 无法加载模块:App

[ 2016-10-07T10:13:08+08:00 ] ::1 /muke/App/Common/Common/images/slide-pagenat.png
ERR: 无法加载模块:App

[ 2016-10-07T10:13:08+08:00 ] ::1 /muke/App/Common/Common/css/AjaxLoader.gif
ERR: 无法加载模块:App

[ 2016-10-07T10:13:11+08:00 ] ::1 /muke/App/Common/Common/fonts/glyphicons-halflings-regular.woff
ERR: 无法加载模块:App

[ 2016-10-07T10:13:11+08:00 ] ::1 /muke/App/Common/Common/fonts/glyphicons-halflings-regular.ttf
ERR: 无法加载模块:App

[ 2016-10-07T10:13:50+08:00 ] ::1 /muke/App/Common/Common/fonts/glyphicons-halflings-regular.woff
ERR: 无法加载模块:App

[ 2016-10-07T10:13:50+08:00 ] ::1 /muke/App/Common/Common/fonts/glyphicons-halflings-regular.ttf
ERR: 无法加载模块:App

[ 2016-10-07T10:14:27+08:00 ] ::1 /muke/App/Common/Common/fonts/glyphicons-halflings-regular.woff
ERR: 无法加载模块:App

[ 2016-10-07T10:14:28+08:00 ] ::1 /muke/App/Common/Common/fonts/glyphicons-halflings-regular.ttf
ERR: 无法加载模块:App

[ 2016-10-07T10:16:15+08:00 ] ::1 /muke/App/Common/Common/fonts/glyphicons-halflings-regular.woff
ERR: 无法加载模块:App

[ 2016-10-07T10:16:15+08:00 ] ::1 /muke/App/Common/Common/fonts/glyphicons-halflings-regular.ttf
ERR: 无法加载模块:App

[ 2016-10-07T10:16:50+08:00 ] ::1 /muke/App/Common/Common/fonts/glyphicons-halflings-regular.woff
ERR: 无法加载模块:App

[ 2016-10-07T10:16:50+08:00 ] ::1 /muke/App/Common/Common/fonts/glyphicons-halflings-regular.ttf
ERR: 无法加载模块:App

[ 2016-10-07T10:16:54+08:00 ] ::1 /muke/App/Common/Common/fonts/glyphicons-halflings-regular.woff
ERR: 无法加载模块:App

[ 2016-10-07T10:16:54+08:00 ] ::1 /muke/App/Common/Common/fonts/glyphicons-halflings-regular.ttf
ERR: 无法加载模块:App

[ 2016-10-07T10:17:18+08:00 ] ::1 /muke/App/Common/Common/fonts/glyphicons-halflings-regular.woff
ERR: 无法加载模块:App

[ 2016-10-07T10:17:18+08:00 ] ::1 /muke/App/Common/Common/fonts/glyphicons-halflings-regular.ttf
ERR: 无法加载模块:App

[ 2016-10-07T10:19:55+08:00 ] ::1 /muke/App/Common/Common/fonts/glyphicons-halflings-regular.woff
ERR: 无法加载模块:App

[ 2016-10-07T10:19:56+08:00 ] ::1 /muke/App/Common/Common/fonts/glyphicons-halflings-regular.ttf
ERR: 无法加载模块:App

[ 2016-10-07T10:20:34+08:00 ] ::1 /muke/App/Common/Common/fonts/glyphicons-halflings-regular.woff
ERR: 无法加载模块:App

[ 2016-10-07T10:20:34+08:00 ] ::1 /muke/App/Common/Common/fonts/glyphicons-halflings-regular.ttf
ERR: 无法加载模块:App

[ 2016-10-07T10:20:46+08:00 ] ::1 /muke/App/Common/Common/fonts/glyphicons-halflings-regular.woff
ERR: 无法加载模块:App

[ 2016-10-07T10:20:46+08:00 ] ::1 /muke/App/Common/Common/fonts/glyphicons-halflings-regular.ttf
ERR: 无法加载模块:App

[ 2016-10-07T10:20:47+08:00 ] ::1 /muke/App/Common/Common/fonts/glyphicons-halflings-regular.woff
ERR: 无法加载模块:App

[ 2016-10-07T10:20:48+08:00 ] ::1 /muke/App/Common/Common/fonts/glyphicons-halflings-regular.ttf
ERR: 无法加载模块:App

[ 2016-10-07T10:20:57+08:00 ] ::1 /muke/App/Common/Common/fonts/glyphicons-halflings-regular.woff
ERR: 无法加载模块:App

[ 2016-10-07T10:20:57+08:00 ] ::1 /muke/App/Common/Common/fonts/glyphicons-halflings-regular.ttf
ERR: 无法加载模块:App

[ 2016-10-07T10:21:16+08:00 ] ::1 /muke/App/Common/Common/fonts/glyphicons-halflings-regular.woff
ERR: 无法加载模块:App

[ 2016-10-07T10:21:16+08:00 ] ::1 /muke/App/Common/Common/fonts/glyphicons-halflings-regular.ttf
ERR: 无法加载模块:App

[ 2016-10-07T10:21:20+08:00 ] ::1 /muke/App/Common/Common/fonts/glyphicons-halflings-regular.woff
ERR: 无法加载模块:App

[ 2016-10-07T10:21:20+08:00 ] ::1 /muke/App/Common/Common/fonts/glyphicons-halflings-regular.ttf
ERR: 无法加载模块:App

[ 2016-10-07T10:21:32+08:00 ] ::1 /muke/App/Common/Common/fonts/glyphicons-halflings-regular.woff
ERR: 无法加载模块:App

[ 2016-10-07T10:21:33+08:00 ] ::1 /muke/App/Common/Common/fonts/glyphicons-halflings-regular.ttf
ERR: 无法加载模块:App

[ 2016-10-07T10:23:31+08:00 ] ::1 /muke/App/Common/Common/fonts/glyphicons-halflings-regular.woff
ERR: 无法加载模块:App

[ 2016-10-07T10:23:31+08:00 ] ::1 /muke/App/Common/Common/fonts/glyphicons-halflings-regular.ttf
ERR: 无法加载模块:App

[ 2016-10-07T10:24:07+08:00 ] ::1 /muke/App/Common/Common/fonts/glyphicons-halflings-regular.woff
ERR: 无法加载模块:App

[ 2016-10-07T10:24:07+08:00 ] ::1 /muke/App/Common/Common/fonts/glyphicons-halflings-regular.ttf
ERR: 无法加载模块:App

[ 2016-10-07T10:28:51+08:00 ] ::1 /muke/App/Common/Common/fonts/glyphicons-halflings-regular.woff
ERR: 无法加载模块:App

[ 2016-10-07T10:28:52+08:00 ] ::1 /muke/App/Common/Common/fonts/glyphicons-halflings-regular.ttf
ERR: 无法加载模块:App

[ 2016-10-07T10:29:52+08:00 ] ::1 /muke/App/Common/Common/fonts/glyphicons-halflings-regular.woff
ERR: 无法加载模块:App

[ 2016-10-07T10:29:52+08:00 ] ::1 /muke/App/Common/Common/fonts/glyphicons-halflings-regular.ttf
ERR: 无法加载模块:App

[ 2016-10-07T10:30:36+08:00 ] ::1 /muke/App/Common/Common/fonts/glyphicons-halflings-regular.woff
ERR: 无法加载模块:App

[ 2016-10-07T10:30:37+08:00 ] ::1 /muke/App/Common/Common/fonts/glyphicons-halflings-regular.ttf
ERR: 无法加载模块:App

[ 2016-10-07T10:30:55+08:00 ] ::1 /muke/App/Common/Common/fonts/glyphicons-halflings-regular.woff
ERR: 无法加载模块:App

[ 2016-10-07T10:30:55+08:00 ] ::1 /muke/App/Common/Common/fonts/glyphicons-halflings-regular.ttf
ERR: 无法加载模块:App

[ 2016-10-07T10:31:44+08:00 ] ::1 /muke/App/Common/Common/fonts/glyphicons-halflings-regular.woff
ERR: 无法加载模块:App

[ 2016-10-07T10:31:44+08:00 ] ::1 /muke/App/Common/Common/fonts/glyphicons-halflings-regular.ttf
ERR: 无法加载模块:App

[ 2016-10-07T10:31:59+08:00 ] ::1 /muke/App/Common/Common/fonts/glyphicons-halflings-regular.woff
ERR: 无法加载模块:App

[ 2016-10-07T10:32:00+08:00 ] ::1 /muke/App/Common/Common/fonts/glyphicons-halflings-regular.ttf
ERR: 无法加载模块:App

[ 2016-10-07T10:32:12+08:00 ] ::1 /muke/App/Common/Common/fonts/glyphicons-halflings-regular.woff
ERR: 无法加载模块:App

[ 2016-10-07T10:32:12+08:00 ] ::1 /muke/App/Common/Common/fonts/glyphicons-halflings-regular.ttf
ERR: 无法加载模块:App

[ 2016-10-07T10:32:31+08:00 ] ::1 /muke/App/Common/Common/fonts/glyphicons-halflings-regular.woff
ERR: 无法加载模块:App

[ 2016-10-07T10:32:31+08:00 ] ::1 /muke/App/Common/Common/fonts/glyphicons-halflings-regular.ttf
ERR: 无法加载模块:App

[ 2016-10-07T10:32:35+08:00 ] ::1 /muke/App/Common/Common/fonts/glyphicons-halflings-regular.woff
ERR: 无法加载模块:App

[ 2016-10-07T10:32:36+08:00 ] ::1 /muke/App/Common/Common/fonts/glyphicons-halflings-regular.ttf
ERR: 无法加载模块:App

[ 2016-10-07T10:32:38+08:00 ] ::1 /muke/App/Common/Common/fonts/glyphicons-halflings-regular.woff
ERR: 无法加载模块:App

[ 2016-10-07T10:32:43+08:00 ] ::1 /muke/App/Common/Common/fonts/glyphicons-halflings-regular.woff
ERR: 无法加载模块:App

[ 2016-10-07T10:32:43+08:00 ] ::1 /muke/App/Common/Common/fonts/glyphicons-halflings-regular.ttf
ERR: 无法加载模块:App

[ 2016-10-07T10:32:58+08:00 ] ::1 /muke/App/Common/Common/images/slide-pagenat.png
ERR: 无法加载模块:App

[ 2016-10-07T10:32:58+08:00 ] ::1 /muke/App/Common/Common/css/AjaxLoader.gif
ERR: 无法加载模块:App

[ 2016-10-07T10:33:02+08:00 ] ::1 /muke/App/Common/Common/fonts/glyphicons-halflings-regular.woff
ERR: 无法加载模块:App

[ 2016-10-07T10:33:02+08:00 ] ::1 /muke/App/Common/Common/fonts/glyphicons-halflings-regular.ttf
ERR: 无法加载模块:App

[ 2016-10-07T10:33:38+08:00 ] ::1 /muke/App/Common/Common/fonts/glyphicons-halflings-regular.woff
ERR: 无法加载模块:App

[ 2016-10-07T10:33:38+08:00 ] ::1 /muke/App/Common/Common/fonts/glyphicons-halflings-regular.ttf
ERR: 无法加载模块:App

[ 2016-10-07T10:34:02+08:00 ] ::1 /muke/App/Common/Common/fonts/glyphicons-halflings-regular.woff
ERR: 无法加载模块:App

[ 2016-10-07T10:34:03+08:00 ] ::1 /muke/App/Common/Common/fonts/glyphicons-halflings-regular.ttf
ERR: 无法加载模块:App

[ 2016-10-07T10:35:49+08:00 ] ::1 /muke/App/Common/Common/fonts/glyphicons-halflings-regular.woff
ERR: 无法加载模块:App

[ 2016-10-07T10:35:49+08:00 ] ::1 /muke/App/Common/Common/fonts/glyphicons-halflings-regular.ttf
ERR: 无法加载模块:App

[ 2016-10-07T10:37:03+08:00 ] ::1 /muke/App/Common/Common/fonts/glyphicons-halflings-regular.woff
ERR: 无法加载模块:App

[ 2016-10-07T10:37:04+08:00 ] ::1 /muke/App/Common/Common/fonts/glyphicons-halflings-regular.ttf
ERR: 无法加载模块:App

[ 2016-10-07T10:37:52+08:00 ] ::1 /muke/App/Common/Common/fonts/glyphicons-halflings-regular.woff
ERR: 无法加载模块:App

[ 2016-10-07T10:37:53+08:00 ] ::1 /muke/App/Common/Common/fonts/glyphicons-halflings-regular.ttf
ERR: 无法加载模块:App

[ 2016-10-07T10:38:12+08:00 ] ::1 /muke/App/Common/Common/fonts/glyphicons-halflings-regular.woff
ERR: 无法加载模块:App

[ 2016-10-07T10:38:12+08:00 ] ::1 /muke/App/Common/Common/fonts/glyphicons-halflings-regular.ttf
ERR: 无法加载模块:App

[ 2016-10-07T10:38:21+08:00 ] ::1 /muke/App/Common/Common/fonts/glyphicons-halflings-regular.woff
ERR: 无法加载模块:App

[ 2016-10-07T10:38:22+08:00 ] ::1 /muke/App/Common/Common/fonts/glyphicons-halflings-regular.ttf
ERR: 无法加载模块:App

[ 2016-10-07T10:38:51+08:00 ] ::1 /muke/App/Common/Common/fonts/glyphicons-halflings-regular.woff
ERR: 无法加载模块:App

[ 2016-10-07T10:38:51+08:00 ] ::1 /muke/App/Common/Common/fonts/glyphicons-halflings-regular.ttf
ERR: 无法加载模块:App

[ 2016-10-07T10:39:17+08:00 ] ::1 /muke/App/Common/Common/fonts/glyphicons-halflings-regular.woff
ERR: 无法加载模块:App

[ 2016-10-07T10:39:17+08:00 ] ::1 /muke/App/Common/Common/fonts/glyphicons-halflings-regular.ttf
ERR: 无法加载模块:App

[ 2016-10-07T10:39:34+08:00 ] ::1 /muke/App/Common/Common/fonts/glyphicons-halflings-regular.woff
ERR: 无法加载模块:App

[ 2016-10-07T10:39:35+08:00 ] ::1 /muke/App/Common/Common/fonts/glyphicons-halflings-regular.ttf
ERR: 无法加载模块:App

[ 2016-10-07T10:40:02+08:00 ] ::1 /muke/App/Common/Common/fonts/glyphicons-halflings-regular.woff
ERR: 无法加载模块:App

[ 2016-10-07T10:40:03+08:00 ] ::1 /muke/App/Common/Common/fonts/glyphicons-halflings-regular.ttf
ERR: 无法加载模块:App

[ 2016-10-07T10:40:23+08:00 ] ::1 /muke/App/Common/Common/images/slide-pagenat.png
ERR: 无法加载模块:App

[ 2016-10-07T10:40:23+08:00 ] ::1 /muke/App/Common/Common/css/AjaxLoader.gif
ERR: 无法加载模块:App

[ 2016-10-07T10:40:27+08:00 ] ::1 /muke/App/Common/Common/fonts/glyphicons-halflings-regular.woff
ERR: 无法加载模块:App

[ 2016-10-07T10:40:28+08:00 ] ::1 /muke/App/Common/Common/fonts/glyphicons-halflings-regular.ttf
ERR: 无法加载模块:App

[ 2016-10-07T10:41:05+08:00 ] ::1 /muke/App/Common/Common/fonts/glyphicons-halflings-regular.woff
ERR: 无法加载模块:App

[ 2016-10-07T10:41:06+08:00 ] ::1 /muke/App/Common/Common/fonts/glyphicons-halflings-regular.ttf
ERR: 无法加载模块:App

[ 2016-10-07T10:41:27+08:00 ] ::1 /muke/App/Common/Common/fonts/glyphicons-halflings-regular.woff
ERR: 无法加载模块:App

[ 2016-10-07T10:41:27+08:00 ] ::1 /muke/App/Common/Common/fonts/glyphicons-halflings-regular.ttf
ERR: 无法加载模块:App

[ 2016-10-07T10:41:43+08:00 ] ::1 /muke/App/Common/Common/fonts/glyphicons-halflings-regular.woff
ERR: 无法加载模块:App

[ 2016-10-07T10:41:43+08:00 ] ::1 /muke/App/Common/Common/fonts/glyphicons-halflings-regular.ttf
ERR: 无法加载模块:App

[ 2016-10-07T10:41:51+08:00 ] ::1 /muke/App/Common/Common/fonts/glyphicons-halflings-regular.woff
ERR: 无法加载模块:App

[ 2016-10-07T10:41:51+08:00 ] ::1 /muke/App/Common/Common/fonts/glyphicons-halflings-regular.ttf
ERR: 无法加载模块:App

[ 2016-10-07T10:42:00+08:00 ] ::1 /muke/App/Common/Common/fonts/glyphicons-halflings-regular.woff
ERR: 无法加载模块:App

[ 2016-10-07T10:42:00+08:00 ] ::1 /muke/App/Common/Common/fonts/glyphicons-halflings-regular.ttf
ERR: 无法加载模块:App

[ 2016-10-07T10:42:28+08:00 ] ::1 /muke/App/Common/Common/fonts/glyphicons-halflings-regular.woff
ERR: 无法加载模块:App

[ 2016-10-07T10:42:28+08:00 ] ::1 /muke/App/Common/Common/fonts/glyphicons-halflings-regular.ttf
ERR: 无法加载模块:App

[ 2016-10-07T10:43:03+08:00 ] ::1 /muke/App/Common/Common/fonts/glyphicons-halflings-regular.woff
ERR: 无法加载模块:App

[ 2016-10-07T10:43:03+08:00 ] ::1 /muke/App/Common/Common/fonts/glyphicons-halflings-regular.ttf
ERR: 无法加载模块:App

[ 2016-10-07T10:44:25+08:00 ] ::1 /muke/App/Common/Common/fonts/glyphicons-halflings-regular.woff
ERR: 无法加载模块:App

[ 2016-10-07T10:44:26+08:00 ] ::1 /muke/App/Common/Common/fonts/glyphicons-halflings-regular.ttf
ERR: 无法加载模块:App

[ 2016-10-07T10:44:33+08:00 ] ::1 /muke/App/Common/Common/css/bootstrap.css.map
ERR: 无法加载模块:App

[ 2016-10-07T10:45:39+08:00 ] ::1 /muke/App/Common/Common/css/bootstrap.css.map
ERR: 无法加载模块:App

[ 2016-10-07T10:45:39+08:00 ] ::1 /muke/App/Common/Common/fonts/glyphicons-halflings-regular.woff
ERR: 无法加载模块:App

[ 2016-10-07T10:45:40+08:00 ] ::1 /muke/App/Common/Common/fonts/glyphicons-halflings-regular.ttf
ERR: 无法加载模块:App

[ 2016-10-07T10:51:15+08:00 ] ::1 /muke/App/Common/Common/fonts/glyphicons-halflings-regular.woff
ERR: 无法加载模块:App

[ 2016-10-07T10:51:16+08:00 ] ::1 /muke/App/Common/Common/fonts/glyphicons-halflings-regular.ttf
ERR: 无法加载模块:App

[ 2016-10-07T10:51:57+08:00 ] ::1 /muke/App/Common/Common/fonts/glyphicons-halflings-regular.woff
ERR: 无法加载模块:App

[ 2016-10-07T10:51:58+08:00 ] ::1 /muke/App/Common/Common/fonts/glyphicons-halflings-regular.ttf
ERR: 无法加载模块:App

[ 2016-10-07T10:53:05+08:00 ] ::1 /muke/App/Common/Common/fonts/glyphicons-halflings-regular.woff
ERR: 无法加载模块:App

[ 2016-10-07T10:53:06+08:00 ] ::1 /muke/App/Common/Common/fonts/glyphicons-halflings-regular.ttf
ERR: 无法加载模块:App

[ 2016-10-07T10:53:54+08:00 ] ::1 /muke/App/Common/Common/fonts/glyphicons-halflings-regular.woff
ERR: 无法加载模块:App

[ 2016-10-07T10:53:54+08:00 ] ::1 /muke/App/Common/Common/fonts/glyphicons-halflings-regular.ttf
ERR: 无法加载模块:App

[ 2016-10-07T10:54:12+08:00 ] ::1 /muke/App/Common/Common/fonts/glyphicons-halflings-regular.woff
ERR: 无法加载模块:App

[ 2016-10-07T10:54:12+08:00 ] ::1 /muke/App/Common/Common/fonts/glyphicons-halflings-regular.ttf
ERR: 无法加载模块:App

[ 2016-10-07T10:54:18+08:00 ] ::1 /muke/App/Common/Common/fonts/glyphicons-halflings-regular.woff
ERR: 无法加载模块:App

[ 2016-10-07T10:54:19+08:00 ] ::1 /muke/App/Common/Common/fonts/glyphicons-halflings-regular.ttf
ERR: 无法加载模块:App

[ 2016-10-07T10:54:41+08:00 ] ::1 /muke/App/Common/Common/fonts/glyphicons-halflings-regular.woff
ERR: 无法加载模块:App

[ 2016-10-07T10:54:41+08:00 ] ::1 /muke/App/Common/Common/fonts/glyphicons-halflings-regular.ttf
ERR: 无法加载模块:App

[ 2016-10-07T10:59:41+08:00 ] ::1 /muke/App/Common/Common/fonts/glyphicons-halflings-regular.woff
ERR: 无法加载模块:App

[ 2016-10-07T10:59:41+08:00 ] ::1 /muke/App/Common/Common/fonts/glyphicons-halflings-regular.ttf
ERR: 无法加载模块:App

[ 2016-10-07T10:59:47+08:00 ] ::1 /muke/App/Common/Common/fonts/glyphicons-halflings-regular.woff
ERR: 无法加载模块:App

[ 2016-10-07T10:59:47+08:00 ] ::1 /muke/App/Common/Common/fonts/glyphicons-halflings-regular.ttf
ERR: 无法加载模块:App

[ 2016-10-07T10:59:52+08:00 ] ::1 /muke/App/Common/Common/fonts/glyphicons-halflings-regular.woff
ERR: 无法加载模块:App

[ 2016-10-07T10:59:52+08:00 ] ::1 /muke/App/Common/Common/fonts/glyphicons-halflings-regular.ttf
ERR: 无法加载模块:App

[ 2016-10-07T11:00:11+08:00 ] ::1 /muke/App/Common/Common/fonts/glyphicons-halflings-regular.woff
ERR: 无法加载模块:App

[ 2016-10-07T11:00:12+08:00 ] ::1 /muke/App/Common/Common/fonts/glyphicons-halflings-regular.ttf
ERR: 无法加载模块:App

[ 2016-10-07T11:01:15+08:00 ] ::1 /muke/App/Common/Common/fonts/glyphicons-halflings-regular.woff
ERR: 无法加载模块:App

[ 2016-10-07T11:01:15+08:00 ] ::1 /muke/App/Common/Common/fonts/glyphicons-halflings-regular.ttf
ERR: 无法加载模块:App

[ 2016-10-07T11:02:13+08:00 ] ::1 /muke/App/Common/Common/fonts/glyphicons-halflings-regular.woff
ERR: 无法加载模块:App

[ 2016-10-07T11:02:14+08:00 ] ::1 /muke/App/Common/Common/fonts/glyphicons-halflings-regular.ttf
ERR: 无法加载模块:App

[ 2016-10-07T11:02:49+08:00 ] ::1 /muke/App/Common/Common/fonts/glyphicons-halflings-regular.woff
ERR: 无法加载模块:App

[ 2016-10-07T11:02:49+08:00 ] ::1 /muke/App/Common/Common/fonts/glyphicons-halflings-regular.ttf
ERR: 无法加载模块:App

[ 2016-10-07T11:04:48+08:00 ] ::1 /muke/App/Common/Common/fonts/glyphicons-halflings-regular.woff
ERR: 无法加载模块:App

[ 2016-10-07T11:04:48+08:00 ] ::1 /muke/App/Common/Common/fonts/glyphicons-halflings-regular.ttf
ERR: 无法加载模块:App

[ 2016-10-07T11:05:29+08:00 ] ::1 /muke/App/Common/Common/fonts/glyphicons-halflings-regular.woff
ERR: 无法加载模块:App

[ 2016-10-07T11:05:30+08:00 ] ::1 /muke/App/Common/Common/fonts/glyphicons-halflings-regular.ttf
ERR: 无法加载模块:App

[ 2016-10-07T11:06:03+08:00 ] ::1 /muke/App/Common/Common/fonts/glyphicons-halflings-regular.woff
ERR: 无法加载模块:App

[ 2016-10-07T11:06:03+08:00 ] ::1 /muke/App/Common/Common/fonts/glyphicons-halflings-regular.ttf
ERR: 无法加载模块:App

[ 2016-10-07T11:06:34+08:00 ] ::1 /muke/App/Common/Common/fonts/glyphicons-halflings-regular.woff
ERR: 无法加载模块:App

[ 2016-10-07T11:06:34+08:00 ] ::1 /muke/App/Common/Common/fonts/glyphicons-halflings-regular.ttf
ERR: 无法加载模块:App

[ 2016-10-07T11:07:23+08:00 ] ::1 /muke/App/Common/Common/fonts/glyphicons-halflings-regular.woff
ERR: 无法加载模块:App

[ 2016-10-07T11:07:24+08:00 ] ::1 /muke/App/Common/Common/fonts/glyphicons-halflings-regular.ttf
ERR: 无法加载模块:App

[ 2016-10-07T11:08:28+08:00 ] ::1 /muke/App/Common/Common/fonts/glyphicons-halflings-regular.woff
ERR: 无法加载模块:App

[ 2016-10-07T11:08:28+08:00 ] ::1 /muke/App/Common/Common/fonts/glyphicons-halflings-regular.ttf
ERR: 无法加载模块:App

[ 2016-10-07T11:08:35+08:00 ] ::1 /muke/App/Common/Common/fonts/glyphicons-halflings-regular.woff
ERR: 无法加载模块:App

[ 2016-10-07T11:08:35+08:00 ] ::1 /muke/App/Common/Common/fonts/glyphicons-halflings-regular.ttf
ERR: 无法加载模块:App

[ 2016-10-07T11:09:14+08:00 ] ::1 /muke/App/Common/Common/fonts/glyphicons-halflings-regular.woff
ERR: 无法加载模块:App

[ 2016-10-07T11:09:14+08:00 ] ::1 /muke/App/Common/Common/fonts/glyphicons-halflings-regular.ttf
ERR: 无法加载模块:App

[ 2016-10-07T11:10:25+08:00 ] ::1 /muke/App/Common/Common/fonts/glyphicons-halflings-regular.woff
ERR: 无法加载模块:App

[ 2016-10-07T11:10:25+08:00 ] ::1 /muke/App/Common/Common/fonts/glyphicons-halflings-regular.ttf
ERR: 无法加载模块:App

[ 2016-10-07T11:10:41+08:00 ] ::1 /muke/App/Common/Common/fonts/glyphicons-halflings-regular.woff
ERR: 无法加载模块:App

[ 2016-10-07T11:10:41+08:00 ] ::1 /muke/App/Common/Common/fonts/glyphicons-halflings-regular.ttf
ERR: 无法加载模块:App

[ 2016-10-07T11:11:03+08:00 ] ::1 /muke/App/Common/Common/fonts/glyphicons-halflings-regular.woff
ERR: 无法加载模块:App

[ 2016-10-07T11:11:04+08:00 ] ::1 /muke/App/Common/Common/fonts/glyphicons-halflings-regular.ttf
ERR: 无法加载模块:App

[ 2016-10-07T11:14:12+08:00 ] ::1 /muke/App/Common/Common/fonts/glyphicons-halflings-regular.woff
ERR: 无法加载模块:App

[ 2016-10-07T11:14:12+08:00 ] ::1 /muke/App/Common/Common/fonts/glyphicons-halflings-regular.ttf
ERR: 无法加载模块:App

[ 2016-10-07T11:14:26+08:00 ] ::1 /muke/App/Common/Common/fonts/glyphicons-halflings-regular.woff
ERR: 无法加载模块:App

[ 2016-10-07T11:14:27+08:00 ] ::1 /muke/App/Common/Common/fonts/glyphicons-halflings-regular.ttf
ERR: 无法加载模块:App

[ 2016-10-07T11:15:18+08:00 ] ::1 /muke/App/Common/Common/fonts/glyphicons-halflings-regular.woff
ERR: 无法加载模块:App

[ 2016-10-07T11:15:18+08:00 ] ::1 /muke/App/Common/Common/fonts/glyphicons-halflings-regular.ttf
ERR: 无法加载模块:App

[ 2016-10-07T11:16:02+08:00 ] ::1 /muke/App/Common/Common/fonts/glyphicons-halflings-regular.woff
ERR: 无法加载模块:App

[ 2016-10-07T11:16:03+08:00 ] ::1 /muke/App/Common/Common/fonts/glyphicons-halflings-regular.ttf
ERR: 无法加载模块:App

[ 2016-10-07T11:16:28+08:00 ] ::1 /muke/App/Common/Common/fonts/glyphicons-halflings-regular.woff
ERR: 无法加载模块:App

[ 2016-10-07T11:16:28+08:00 ] ::1 /muke/App/Common/Common/fonts/glyphicons-halflings-regular.ttf
ERR: 无法加载模块:App

[ 2016-10-07T11:16:37+08:00 ] ::1 /muke/App/Common/Common/fonts/glyphicons-halflings-regular.woff
ERR: 无法加载模块:App

[ 2016-10-07T11:16:37+08:00 ] ::1 /muke/App/Common/Common/fonts/glyphicons-halflings-regular.ttf
ERR: 无法加载模块:App

[ 2016-10-07T11:16:58+08:00 ] ::1 /muke/App/Common/Common/fonts/glyphicons-halflings-regular.woff
ERR: 无法加载模块:App

[ 2016-10-07T11:16:59+08:00 ] ::1 /muke/App/Common/Common/fonts/glyphicons-halflings-regular.ttf
ERR: 无法加载模块:App

[ 2016-10-07T11:19:30+08:00 ] ::1 /muke/App/Common/Common/fonts/glyphicons-halflings-regular.woff
ERR: 无法加载模块:App

[ 2016-10-07T11:19:30+08:00 ] ::1 /muke/App/Common/Common/fonts/glyphicons-halflings-regular.ttf
ERR: 无法加载模块:App

[ 2016-10-07T11:27:45+08:00 ] ::1 /muke/App/Common/Common/fonts/glyphicons-halflings-regular.woff
ERR: 无法加载模块:App

[ 2016-10-07T11:27:45+08:00 ] ::1 /muke/App/Common/Common/fonts/glyphicons-halflings-regular.ttf
ERR: 无法加载模块:App

[ 2016-10-07T11:29:32+08:00 ] ::1 /muke/App/Common/Common/fonts/glyphicons-halflings-regular.woff
ERR: 无法加载模块:App

[ 2016-10-07T11:29:32+08:00 ] ::1 /muke/App/Common/Common/fonts/glyphicons-halflings-regular.ttf
ERR: 无法加载模块:App

[ 2016-10-07T11:30:53+08:00 ] ::1 /muke/App/Common/Common/fonts/glyphicons-halflings-regular.woff
ERR: 无法加载模块:App

[ 2016-10-07T11:30:53+08:00 ] ::1 /muke/App/Common/Common/fonts/glyphicons-halflings-regular.ttf
ERR: 无法加载模块:App

[ 2016-10-07T12:32:12+08:00 ] ::1 /muke/App/Common/Common/fonts/glyphicons-halflings-regular.woff
ERR: 无法加载模块:App

[ 2016-10-07T12:32:12+08:00 ] ::1 /muke/App/Common/Common/fonts/glyphicons-halflings-regular.ttf
ERR: 无法加载模块:App

[ 2016-10-07T12:32:13+08:00 ] ::1 /muke/App/Common/Common/fonts/glyphicons-halflings-regular.woff
ERR: 无法加载模块:App

[ 2016-10-07T12:32:13+08:00 ] ::1 /muke/App/Common/Common/fonts/glyphicons-halflings-regular.ttf
ERR: 无法加载模块:App

[ 2016-10-07T12:37:20+08:00 ] ::1 /muke/App/Common/Common/fonts/glyphicons-halflings-regular.woff
ERR: 无法加载模块:App

[ 2016-10-07T12:37:21+08:00 ] ::1 /muke/App/Common/Common/fonts/glyphicons-halflings-regular.ttf
ERR: 无法加载模块:App

[ 2016-10-07T12:37:21+08:00 ] ::1 /muke/App/Common/Common/fonts/glyphicons-halflings-regular.woff
ERR: 无法加载模块:App

[ 2016-10-07T12:37:21+08:00 ] ::1 /muke/App/Common/Common/fonts/glyphicons-halflings-regular.ttf
ERR: 无法加载模块:App

[ 2016-10-07T12:38:17+08:00 ] ::1 /muke/App/Common/Common/fonts/glyphicons-halflings-regular.woff
ERR: 无法加载模块:App

[ 2016-10-07T12:38:18+08:00 ] ::1 /muke/App/Common/Common/fonts/glyphicons-halflings-regular.ttf
ERR: 无法加载模块:App

[ 2016-10-07T12:38:18+08:00 ] ::1 /muke/App/Common/Common/fonts/glyphicons-halflings-regular.woff
ERR: 无法加载模块:App

[ 2016-10-07T12:38:18+08:00 ] ::1 /muke/App/Common/Common/fonts/glyphicons-halflings-regular.ttf
ERR: 无法加载模块:App

[ 2016-10-07T12:42:24+08:00 ] ::1 /muke/App/Common/Common/fonts/glyphicons-halflings-regular.woff
ERR: 无法加载模块:App

[ 2016-10-07T12:42:24+08:00 ] ::1 /muke/App/Common/Common/fonts/glyphicons-halflings-regular.ttf
ERR: 无法加载模块:App

[ 2016-10-07T12:42:24+08:00 ] ::1 /muke/App/Common/Common/fonts/glyphicons-halflings-regular.woff
ERR: 无法加载模块:App

[ 2016-10-07T12:42:24+08:00 ] ::1 /muke/App/Common/Common/fonts/glyphicons-halflings-regular.ttf
ERR: 无法加载模块:App

[ 2016-10-07T12:43:01+08:00 ] ::1 /muke/App/Common/Common/fonts/glyphicons-halflings-regular.woff
ERR: 无法加载模块:App

[ 2016-10-07T12:43:01+08:00 ] ::1 /muke/App/Common/Common/fonts/glyphicons-halflings-regular.ttf
ERR: 无法加载模块:App

[ 2016-10-07T12:43:01+08:00 ] ::1 /muke/App/Common/Common/fonts/glyphicons-halflings-regular.woff
ERR: 无法加载模块:App

[ 2016-10-07T12:43:01+08:00 ] ::1 /muke/App/Common/Common/fonts/glyphicons-halflings-regular.ttf
ERR: 无法加载模块:App

[ 2016-10-07T12:43:37+08:00 ] ::1 /muke/App/Common/Common/fonts/glyphicons-halflings-regular.woff
ERR: 无法加载模块:App

[ 2016-10-07T12:43:37+08:00 ] ::1 /muke/App/Common/Common/fonts/glyphicons-halflings-regular.ttf
ERR: 无法加载模块:App

[ 2016-10-07T12:43:38+08:00 ] ::1 /muke/App/Common/Common/fonts/glyphicons-halflings-regular.woff
ERR: 无法加载模块:App

[ 2016-10-07T12:43:38+08:00 ] ::1 /muke/App/Common/Common/fonts/glyphicons-halflings-regular.ttf
ERR: 无法加载模块:App

[ 2016-10-07T12:44:52+08:00 ] ::1 /muke/App/Common/Common/fonts/glyphicons-halflings-regular.woff
ERR: 无法加载模块:App

[ 2016-10-07T12:44:52+08:00 ] ::1 /muke/App/Common/Common/fonts/glyphicons-halflings-regular.ttf
ERR: 无法加载模块:App

[ 2016-10-07T12:44:53+08:00 ] ::1 /muke/App/Common/Common/fonts/glyphicons-halflings-regular.woff
ERR: 无法加载模块:App

[ 2016-10-07T12:44:53+08:00 ] ::1 /muke/App/Common/Common/fonts/glyphicons-halflings-regular.ttf
ERR: 无法加载模块:App

[ 2016-10-07T12:45:11+08:00 ] ::1 /muke/App/Common/Common/fonts/glyphicons-halflings-regular.woff
ERR: 无法加载模块:App

[ 2016-10-07T12:45:11+08:00 ] ::1 /muke/App/Common/Common/fonts/glyphicons-halflings-regular.ttf
ERR: 无法加载模块:App

[ 2016-10-07T12:45:11+08:00 ] ::1 /muke/App/Common/Common/fonts/glyphicons-halflings-regular.woff
ERR: 无法加载模块:App

[ 2016-10-07T12:45:11+08:00 ] ::1 /muke/App/Common/Common/fonts/glyphicons-halflings-regular.ttf
ERR: 无法加载模块:App

[ 2016-10-07T12:45:24+08:00 ] ::1 /muke/App/Common/Common/fonts/glyphicons-halflings-regular.woff
ERR: 无法加载模块:App

[ 2016-10-07T12:45:25+08:00 ] ::1 /muke/App/Common/Common/fonts/glyphicons-halflings-regular.ttf
ERR: 无法加载模块:App

[ 2016-10-07T12:45:25+08:00 ] ::1 /muke/App/Common/Common/fonts/glyphicons-halflings-regular.woff
ERR: 无法加载模块:App

[ 2016-10-07T12:45:25+08:00 ] ::1 /muke/App/Common/Common/fonts/glyphicons-halflings-regular.ttf
ERR: 无法加载模块:App

[ 2016-10-07T12:46:03+08:00 ] ::1 /muke/App/Common/Common/fonts/glyphicons-halflings-regular.woff
ERR: 无法加载模块:App

[ 2016-10-07T12:46:04+08:00 ] ::1 /muke/App/Common/Common/fonts/glyphicons-halflings-regular.ttf
ERR: 无法加载模块:App

[ 2016-10-07T12:46:04+08:00 ] ::1 /muke/App/Common/Common/fonts/glyphicons-halflings-regular.woff
ERR: 无法加载模块:App

[ 2016-10-07T12:46:04+08:00 ] ::1 /muke/App/Common/Common/fonts/glyphicons-halflings-regular.ttf
ERR: 无法加载模块:App

[ 2016-10-07T12:46:08+08:00 ] ::1 /muke/App/Common/Common/fonts/glyphicons-halflings-regular.woff
ERR: 无法加载模块:App

[ 2016-10-07T12:46:09+08:00 ] ::1 /muke/App/Common/Common/fonts/glyphicons-halflings-regular.ttf
ERR: 无法加载模块:App

[ 2016-10-07T12:46:09+08:00 ] ::1 /muke/App/Common/Common/fonts/glyphicons-halflings-regular.woff
ERR: 无法加载模块:App

[ 2016-10-07T12:46:09+08:00 ] ::1 /muke/App/Common/Common/fonts/glyphicons-halflings-regular.ttf
ERR: 无法加载模块:App

[ 2016-10-07T12:46:49+08:00 ] ::1 /muke/App/Common/Common/fonts/glyphicons-halflings-regular.woff
ERR: 无法加载模块:App

[ 2016-10-07T12:46:50+08:00 ] ::1 /muke/App/Common/Common/fonts/glyphicons-halflings-regular.ttf
ERR: 无法加载模块:App

[ 2016-10-07T12:46:50+08:00 ] ::1 /muke/App/Common/Common/fonts/glyphicons-halflings-regular.woff
ERR: 无法加载模块:App

[ 2016-10-07T12:46:50+08:00 ] ::1 /muke/App/Common/Common/fonts/glyphicons-halflings-regular.ttf
ERR: 无法加载模块:App

[ 2016-10-07T12:47:27+08:00 ] ::1 /muke/App/Common/Common/fonts/glyphicons-halflings-regular.woff
ERR: 无法加载模块:App

[ 2016-10-07T12:47:28+08:00 ] ::1 /muke/App/Common/Common/fonts/glyphicons-halflings-regular.ttf
ERR: 无法加载模块:App

[ 2016-10-07T12:47:28+08:00 ] ::1 /muke/App/Common/Common/fonts/glyphicons-halflings-regular.woff
ERR: 无法加载模块:App

[ 2016-10-07T12:47:28+08:00 ] ::1 /muke/App/Common/Common/fonts/glyphicons-halflings-regular.ttf
ERR: 无法加载模块:App

[ 2016-10-07T12:48:32+08:00 ] ::1 /muke/App/Common/Common/fonts/glyphicons-halflings-regular.woff
ERR: 无法加载模块:App

[ 2016-10-07T12:48:32+08:00 ] ::1 /muke/App/Common/Common/fonts/glyphicons-halflings-regular.ttf
ERR: 无法加载模块:App

[ 2016-10-07T12:48:33+08:00 ] ::1 /muke/App/Common/Common/fonts/glyphicons-halflings-regular.woff
ERR: 无法加载模块:App

[ 2016-10-07T12:48:33+08:00 ] ::1 /muke/App/Common/Common/fonts/glyphicons-halflings-regular.ttf
ERR: 无法加载模块:App

[ 2016-10-07T12:49:36+08:00 ] ::1 /muke/App/Common/Common/fonts/glyphicons-halflings-regular.woff
ERR: 无法加载模块:App

[ 2016-10-07T12:49:37+08:00 ] ::1 /muke/App/Common/Common/fonts/glyphicons-halflings-regular.ttf
ERR: 无法加载模块:App

[ 2016-10-07T12:49:37+08:00 ] ::1 /muke/App/Common/Common/fonts/glyphicons-halflings-regular.woff
ERR: 无法加载模块:App

[ 2016-10-07T12:49:37+08:00 ] ::1 /muke/App/Common/Common/fonts/glyphicons-halflings-regular.ttf
ERR: 无法加载模块:App

[ 2016-10-07T12:49:52+08:00 ] ::1 /muke/App/Common/Common/fonts/glyphicons-halflings-regular.woff
ERR: 无法加载模块:App

[ 2016-10-07T12:49:53+08:00 ] ::1 /muke/App/Common/Common/fonts/glyphicons-halflings-regular.ttf
ERR: 无法加载模块:App

[ 2016-10-07T12:49:53+08:00 ] ::1 /muke/App/Common/Common/fonts/glyphicons-halflings-regular.woff
ERR: 无法加载模块:App

[ 2016-10-07T12:49:53+08:00 ] ::1 /muke/App/Common/Common/fonts/glyphicons-halflings-regular.ttf
ERR: 无法加载模块:App

[ 2016-10-07T12:50:08+08:00 ] ::1 /muke/App/Common/Common/fonts/glyphicons-halflings-regular.woff
ERR: 无法加载模块:App

[ 2016-10-07T12:50:08+08:00 ] ::1 /muke/App/Common/Common/fonts/glyphicons-halflings-regular.ttf
ERR: 无法加载模块:App

[ 2016-10-07T12:55:08+08:00 ] ::1 /muke/App/Common/Common/images/slide-pagenat.png
ERR: 无法加载模块:App

[ 2016-10-07T12:55:08+08:00 ] ::1 /muke/App/Common/Common/css/AjaxLoader.gif
ERR: 无法加载模块:App

[ 2016-10-07T12:55:16+08:00 ] ::1 /muke/App/Common/Common/images/slide-pagenat.png
ERR: 无法加载模块:App

[ 2016-10-07T12:55:16+08:00 ] ::1 /muke/App/Common/Common/css/AjaxLoader.gif
ERR: 无法加载模块:App

[ 2016-10-07T13:00:41+08:00 ] ::1 /muke/App/Common/Common/fonts/glyphicons-halflings-regular.woff
ERR: 无法加载模块:App

[ 2016-10-07T13:00:41+08:00 ] ::1 /muke/App/Common/Common/fonts/glyphicons-halflings-regular.ttf
ERR: 无法加载模块:App

[ 2016-10-07T13:00:42+08:00 ] ::1 /muke/App/Common/Common/fonts/glyphicons-halflings-regular.woff
ERR: 无法加载模块:App

[ 2016-10-07T13:00:42+08:00 ] ::1 /muke/App/Common/Common/fonts/glyphicons-halflings-regular.ttf
ERR: 无法加载模块:App

[ 2016-10-07T13:02:10+08:00 ] ::1 /muke/App/Common/Common/fonts/glyphicons-halflings-regular.woff
ERR: 无法加载模块:App

[ 2016-10-07T13:02:10+08:00 ] ::1 /muke/App/Common/Common/fonts/glyphicons-halflings-regular.ttf
ERR: 无法加载模块:App

[ 2016-10-07T13:02:10+08:00 ] ::1 /muke/App/Common/Common/fonts/glyphicons-halflings-regular.woff
ERR: 无法加载模块:App

[ 2016-10-07T13:02:10+08:00 ] ::1 /muke/App/Common/Common/fonts/glyphicons-halflings-regular.ttf
ERR: 无法加载模块:App

[ 2016-10-07T13:10:51+08:00 ] ::1 /muke/App/Common/Common/images/slide-pagenat.png
ERR: 无法加载模块:App

[ 2016-10-07T13:10:52+08:00 ] ::1 /muke/App/Common/Common/css/AjaxLoader.gif
ERR: 无法加载模块:App

[ 2016-10-07T13:10:56+08:00 ] ::1 /muke/App/Common/Common/fonts/glyphicons-halflings-regular.woff
ERR: 无法加载模块:App

[ 2016-10-07T13:10:57+08:00 ] ::1 /muke/App/Common/Common/fonts/glyphicons-halflings-regular.ttf
ERR: 无法加载模块:App

[ 2016-10-07T13:11:08+08:00 ] ::1 /muke/App/Common/Common/images/slide-pagenat.png
ERR: 无法加载模块:App

[ 2016-10-07T13:11:08+08:00 ] ::1 /muke/App/Common/Common/css/AjaxLoader.gif
ERR: 无法加载模块:App

[ 2016-10-07T13:25:30+08:00 ] ::1 /muke/App/Common/Common/fonts/glyphicons-halflings-regular.woff
ERR: 无法加载模块:App

[ 2016-10-07T13:25:31+08:00 ] ::1 /muke/App/Common/Common/fonts/glyphicons-halflings-regular.ttf
ERR: 无法加载模块:App

[ 2016-10-07T13:25:31+08:00 ] ::1 /muke/App/Common/Common/fonts/glyphicons-halflings-regular.woff
ERR: 无法加载模块:App

[ 2016-10-07T13:25:31+08:00 ] ::1 /muke/App/Common/Common/fonts/glyphicons-halflings-regular.ttf
ERR: 无法加载模块:App

[ 2016-10-07T13:27:11+08:00 ] ::1 /muke/App/Common/Common/fonts/glyphicons-halflings-regular.woff
ERR: 无法加载模块:App

[ 2016-10-07T13:27:11+08:00 ] ::1 /muke/App/Common/Common/fonts/glyphicons-halflings-regular.ttf
ERR: 无法加载模块:App

[ 2016-10-07T13:27:11+08:00 ] ::1 /muke/App/Common/Common/fonts/glyphicons-halflings-regular.woff
ERR: 无法加载模块:App

[ 2016-10-07T13:27:12+08:00 ] ::1 /muke/App/Common/Common/fonts/glyphicons-halflings-regular.ttf
ERR: 无法加载模块:App

[ 2016-10-07T13:30:22+08:00 ] ::1 /muke/App/Common/Common/images/slide-pagenat.png
ERR: 无法加载模块:App

[ 2016-10-07T13:30:22+08:00 ] ::1 /muke/App/Common/Common/css/AjaxLoader.gif
ERR: 无法加载模块:App

[ 2016-10-07T13:30:29+08:00 ] ::1 /muke/App/Common/Common/css/AjaxLoader.gif
ERR: 无法加载模块:App

[ 2016-10-07T13:30:29+08:00 ] ::1 /muke/App/Common/Common/images/slide-pagenat.png
ERR: 无法加载模块:App

[ 2016-10-07T13:30:35+08:00 ] ::1 /muke/App/Common/Common/fonts/glyphicons-halflings-regular.woff
ERR: 无法加载模块:App

[ 2016-10-07T13:30:35+08:00 ] ::1 /muke/App/Common/Common/fonts/glyphicons-halflings-regular.ttf
ERR: 无法加载模块:App

[ 2016-10-07T13:30:36+08:00 ] ::1 /muke/App/Common/Common/fonts/glyphicons-halflings-regular.woff
ERR: 无法加载模块:App

[ 2016-10-07T13:30:36+08:00 ] ::1 /muke/App/Common/Common/fonts/glyphicons-halflings-regular.ttf
ERR: 无法加载模块:App

[ 2016-10-07T13:32:19+08:00 ] ::1 /muke/App/Common/Common/fonts/glyphicons-halflings-regular.woff
ERR: 无法加载模块:App

[ 2016-10-07T13:32:19+08:00 ] ::1 /muke/App/Common/Common/fonts/glyphicons-halflings-regular.ttf
ERR: 无法加载模块:App

[ 2016-10-07T13:32:19+08:00 ] ::1 /muke/App/Common/Common/fonts/glyphicons-halflings-regular.woff
ERR: 无法加载模块:App

[ 2016-10-07T13:32:19+08:00 ] ::1 /muke/App/Common/Common/fonts/glyphicons-halflings-regular.ttf
ERR: 无法加载模块:App

[ 2016-10-07T13:36:51+08:00 ] ::1 /muke/App/Common/Common/fonts/glyphicons-halflings-regular.woff
ERR: 无法加载模块:App

[ 2016-10-07T13:36:52+08:00 ] ::1 /muke/App/Common/Common/fonts/glyphicons-halflings-regular.ttf
ERR: 无法加载模块:App

[ 2016-10-07T13:36:52+08:00 ] ::1 /muke/App/Common/Common/fonts/glyphicons-halflings-regular.woff
ERR: 无法加载模块:App

[ 2016-10-07T13:36:52+08:00 ] ::1 /muke/App/Common/Common/fonts/glyphicons-halflings-regular.ttf
ERR: 无法加载模块:App

[ 2016-10-07T13:38:50+08:00 ] ::1 /muke/App/Common/Common/fonts/glyphicons-halflings-regular.woff
ERR: 无法加载模块:App

[ 2016-10-07T13:38:50+08:00 ] ::1 /muke/App/Common/Common/fonts/glyphicons-halflings-regular.ttf
ERR: 无法加载模块:App

[ 2016-10-07T13:38:51+08:00 ] ::1 /muke/App/Common/Common/fonts/glyphicons-halflings-regular.woff
ERR: 无法加载模块:App

[ 2016-10-07T13:38:51+08:00 ] ::1 /muke/App/Common/Common/fonts/glyphicons-halflings-regular.ttf
ERR: 无法加载模块:App

[ 2016-10-07T13:40:45+08:00 ] ::1 /muke/App/Common/Common/fonts/glyphicons-halflings-regular.woff
ERR: 无法加载模块:App

[ 2016-10-07T13:40:45+08:00 ] ::1 /muke/App/Common/Common/fonts/glyphicons-halflings-regular.ttf
ERR: 无法加载模块:App

[ 2016-10-07T13:40:45+08:00 ] ::1 /muke/App/Common/Common/fonts/glyphicons-halflings-regular.woff
ERR: 无法加载模块:App

[ 2016-10-07T13:40:45+08:00 ] ::1 /muke/App/Common/Common/fonts/glyphicons-halflings-regular.ttf
ERR: 无法加载模块:App

[ 2016-10-07T13:44:18+08:00 ] ::1 /muke/App/Common/Common/fonts/glyphicons-halflings-regular.woff
ERR: 无法加载模块:App

[ 2016-10-07T13:44:18+08:00 ] ::1 /muke/App/Common/Common/fonts/glyphicons-halflings-regular.ttf
ERR: 无法加载模块:App

[ 2016-10-07T13:44:18+08:00 ] ::1 /muke/App/Common/Common/fonts/glyphicons-halflings-regular.woff
ERR: 无法加载模块:App

[ 2016-10-07T13:44:18+08:00 ] ::1 /muke/App/Common/Common/fonts/glyphicons-halflings-regular.ttf
ERR: 无法加载模块:App

[ 2016-10-07T13:58:39+08:00 ] ::1 /muke/App/Common/Common/fonts/glyphicons-halflings-regular.woff
ERR: 无法加载模块:App

[ 2016-10-07T13:58:39+08:00 ] ::1 /muke/App/Common/Common/fonts/glyphicons-halflings-regular.ttf
ERR: 无法加载模块:App

[ 2016-10-07T13:58:40+08:00 ] ::1 /muke/App/Common/Common/fonts/glyphicons-halflings-regular.woff
ERR: 无法加载模块:App

[ 2016-10-07T13:58:40+08:00 ] ::1 /muke/App/Common/Common/fonts/glyphicons-halflings-regular.ttf
ERR: 无法加载模块:App

[ 2016-10-07T13:59:24+08:00 ] ::1 /muke/App/Common/Common/images/slide-pagenat.png
ERR: 无法加载模块:App

[ 2016-10-07T13:59:24+08:00 ] ::1 /muke/App/Common/Common/css/AjaxLoader.gif
ERR: 无法加载模块:App

[ 2016-10-07T14:00:28+08:00 ] ::1 /muke/App/Common/Common/fonts/glyphicons-halflings-regular.woff
ERR: 无法加载模块:App

[ 2016-10-07T14:00:28+08:00 ] ::1 /muke/App/Common/Common/fonts/glyphicons-halflings-regular.ttf
ERR: 无法加载模块:App

[ 2016-10-07T14:00:28+08:00 ] ::1 /muke/App/Common/Common/fonts/glyphicons-halflings-regular.woff
ERR: 无法加载模块:App

[ 2016-10-07T14:00:29+08:00 ] ::1 /muke/App/Common/Common/fonts/glyphicons-halflings-regular.ttf
ERR: 无法加载模块:App

[ 2016-10-07T14:01:21+08:00 ] ::1 /muke/App/Common/Common/fonts/glyphicons-halflings-regular.woff
ERR: 无法加载模块:App

[ 2016-10-07T14:01:21+08:00 ] ::1 /muke/App/Common/Common/fonts/glyphicons-halflings-regular.ttf
ERR: 无法加载模块:App

[ 2016-10-07T14:01:22+08:00 ] ::1 /muke/App/Common/Common/fonts/glyphicons-halflings-regular.woff
ERR: 无法加载模块:App

[ 2016-10-07T14:01:22+08:00 ] ::1 /muke/App/Common/Common/fonts/glyphicons-halflings-regular.ttf
ERR: 无法加载模块:App

[ 2016-10-07T14:01:42+08:00 ] ::1 /muke/App/Common/Common/images/slide-pagenat.png
ERR: 无法加载模块:App

[ 2016-10-07T14:01:42+08:00 ] ::1 /muke/App/Common/Common/css/AjaxLoader.gif
ERR: 无法加载模块:App

[ 2016-10-07T14:04:30+08:00 ] ::1 /muke/App/Common/Common/fonts/glyphicons-halflings-regular.woff
ERR: 无法加载模块:App

[ 2016-10-07T14:04:31+08:00 ] ::1 /muke/App/Common/Common/fonts/glyphicons-halflings-regular.ttf
ERR: 无法加载模块:App

[ 2016-10-07T14:04:31+08:00 ] ::1 /muke/App/Common/Common/fonts/glyphicons-halflings-regular.woff
ERR: 无法加载模块:App

[ 2016-10-07T14:04:31+08:00 ] ::1 /muke/App/Common/Common/fonts/glyphicons-halflings-regular.ttf
ERR: 无法加载模块:App

[ 2016-10-07T14:25:50+08:00 ] ::1 /muke/App/Common/Common/images/slide-pagenat.png
ERR: 无法加载模块:App

[ 2016-10-07T14:25:50+08:00 ] ::1 /muke/App/Common/Common/css/AjaxLoader.gif
ERR: 无法加载模块:App

[ 2016-10-07T14:25:56+08:00 ] ::1 /muke/App/Common/Common/fonts/glyphicons-halflings-regular.woff
ERR: 无法加载模块:App

[ 2016-10-07T14:25:56+08:00 ] ::1 /muke/App/Common/Common/fonts/glyphicons-halflings-regular.ttf
ERR: 无法加载模块:App

[ 2016-10-07T14:25:56+08:00 ] ::1 /muke/App/Common/Common/fonts/glyphicons-halflings-regular.woff
ERR: 无法加载模块:App

[ 2016-10-07T14:25:56+08:00 ] ::1 /muke/App/Common/Common/fonts/glyphicons-halflings-regular.ttf
ERR: 无法加载模块:App

[ 2016-10-07T14:26:16+08:00 ] ::1 /muke/App/Common/Common/images/slide-pagenat.png
ERR: 无法加载模块:App

[ 2016-10-07T14:26:16+08:00 ] ::1 /muke/App/Common/Common/css/AjaxLoader.gif
ERR: 无法加载模块:App

[ 2016-10-07T14:26:20+08:00 ] ::1 /muke/App/Common/Common/fonts/glyphicons-halflings-regular.woff
ERR: 无法加载模块:App

[ 2016-10-07T14:26:20+08:00 ] ::1 /muke/App/Common/Common/fonts/glyphicons-halflings-regular.ttf
ERR: 无法加载模块:App

[ 2016-10-07T14:28:10+08:00 ] ::1 /muke/App/Common/Common/images/slide-pagenat.png
ERR: 无法加载模块:App

[ 2016-10-07T14:28:10+08:00 ] ::1 /muke/App/Common/Common/css/AjaxLoader.gif
ERR: 无法加载模块:App

[ 2016-10-07T14:28:13+08:00 ] ::1 /muke/App/Common/Common/fonts/glyphicons-halflings-regular.woff
ERR: 无法加载模块:App

[ 2016-10-07T14:28:13+08:00 ] ::1 /muke/App/Common/Common/fonts/glyphicons-halflings-regular.ttf
ERR: 无法加载模块:App

[ 2016-10-07T14:28:13+08:00 ] ::1 /muke/App/Common/Common/fonts/glyphicons-halflings-regular.woff
ERR: 无法加载模块:App

[ 2016-10-07T14:28:13+08:00 ] ::1 /muke/App/Common/Common/fonts/glyphicons-halflings-regular.ttf
ERR: 无法加载模块:App

[ 2016-10-07T14:28:39+08:00 ] ::1 /muke/App/Common/Common/images/slide-pagenat.png
ERR: 无法加载模块:App

[ 2016-10-07T14:28:39+08:00 ] ::1 /muke/App/Common/Common/css/AjaxLoader.gif
ERR: 无法加载模块:App

[ 2016-10-07T14:28:43+08:00 ] ::1 /muke/App/Common/Common/fonts/glyphicons-halflings-regular.woff
ERR: 无法加载模块:App

[ 2016-10-07T14:28:44+08:00 ] ::1 /muke/App/Common/Common/fonts/glyphicons-halflings-regular.ttf
ERR: 无法加载模块:App

[ 2016-10-07T14:29:26+08:00 ] ::1 /muke/App/Common/Common/images/slide-pagenat.png
ERR: 无法加载模块:App

[ 2016-10-07T14:29:26+08:00 ] ::1 /muke/App/Common/Common/css/AjaxLoader.gif
ERR: 无法加载模块:App

[ 2016-10-07T14:31:31+08:00 ] ::1 /muke/App/Common/Common/images/slide-pagenat.png
ERR: 无法加载模块:App

[ 2016-10-07T14:31:31+08:00 ] ::1 /muke/App/Common/Common/css/AjaxLoader.gif
ERR: 无法加载模块:App

[ 2016-10-07T14:31:35+08:00 ] ::1 /muke/App/Common/Common/fonts/glyphicons-halflings-regular.woff
ERR: 无法加载模块:App

[ 2016-10-07T14:31:35+08:00 ] ::1 /muke/App/Common/Common/fonts/glyphicons-halflings-regular.ttf
ERR: 无法加载模块:App

[ 2016-10-07T14:31:35+08:00 ] ::1 /muke/App/Common/Common/fonts/glyphicons-halflings-regular.woff
ERR: 无法加载模块:App

[ 2016-10-07T14:31:36+08:00 ] ::1 /muke/App/Common/Common/fonts/glyphicons-halflings-regular.ttf
ERR: 无法加载模块:App

[ 2016-10-07T14:45:40+08:00 ] ::1 /muke/App/Common/Common/fonts/glyphicons-halflings-regular.woff
ERR: 无法加载模块:App

[ 2016-10-07T14:45:40+08:00 ] ::1 /muke/App/Common/Common/fonts/glyphicons-halflings-regular.ttf
ERR: 无法加载模块:App

[ 2016-10-07T14:51:47+08:00 ] ::1 /muke/App/Common/Common/fonts/glyphicons-halflings-regular.woff
ERR: 无法加载模块:App

[ 2016-10-07T14:51:47+08:00 ] ::1 /muke/App/Common/Common/fonts/glyphicons-halflings-regular.ttf
ERR: 无法加载模块:App

[ 2016-10-07T15:53:01+08:00 ] ::1 /muke/App/Common/Common/images/slide-pagenat.png
ERR: 无法加载模块:App

[ 2016-10-07T15:53:01+08:00 ] ::1 /muke/App/Common/Common/css/AjaxLoader.gif
ERR: 无法加载模块:App

[ 2016-10-07T15:53:07+08:00 ] ::1 /muke/App/Common/Common/fonts/glyphicons-halflings-regular.woff
ERR: 无法加载模块:App

[ 2016-10-07T15:53:07+08:00 ] ::1 /muke/App/Common/Common/fonts/glyphicons-halflings-regular.ttf
ERR: 无法加载模块:App

[ 2016-10-07T15:54:00+08:00 ] ::1 /muke/App/Common/Common/fonts/glyphicons-halflings-regular.woff
ERR: 无法加载模块:App

[ 2016-10-07T15:54:00+08:00 ] ::1 /muke/App/Common/Common/fonts/glyphicons-halflings-regular.ttf
ERR: 无法加载模块:App

[ 2016-10-07T15:54:00+08:00 ] ::1 /muke/App/Common/Common/fonts/glyphicons-halflings-regular.woff
ERR: 无法加载模块:App

[ 2016-10-07T15:54:00+08:00 ] ::1 /muke/App/Common/Common/fonts/glyphicons-halflings-regular.ttf
ERR: 无法加载模块:App

[ 2016-10-07T15:54:16+08:00 ] ::1 /muke/App/Common/Common/fonts/glyphicons-halflings-regular.woff
ERR: 无法加载模块:App

[ 2016-10-07T15:54:16+08:00 ] ::1 /muke/App/Common/Common/fonts/glyphicons-halflings-regular.ttf
ERR: 无法加载模块:App

[ 2016-10-07T15:54:16+08:00 ] ::1 /muke/App/Common/Common/fonts/glyphicons-halflings-regular.woff
ERR: 无法加载模块:App

[ 2016-10-07T15:54:17+08:00 ] ::1 /muke/App/Common/Common/fonts/glyphicons-halflings-regular.ttf
ERR: 无法加载模块:App

[ 2016-10-07T15:54:30+08:00 ] ::1 /muke/App/Common/Common/fonts/glyphicons-halflings-regular.woff
ERR: 无法加载模块:App

[ 2016-10-07T15:54:30+08:00 ] ::1 /muke/App/Common/Common/fonts/glyphicons-halflings-regular.ttf
ERR: 无法加载模块:App

[ 2016-10-07T15:54:30+08:00 ] ::1 /muke/App/Common/Common/fonts/glyphicons-halflings-regular.woff
ERR: 无法加载模块:App

[ 2016-10-07T15:54:30+08:00 ] ::1 /muke/App/Common/Common/fonts/glyphicons-halflings-regular.ttf
ERR: 无法加载模块:App

[ 2016-10-07T15:55:29+08:00 ] ::1 /muke/App/Common/Common/fonts/glyphicons-halflings-regular.woff
ERR: 无法加载模块:App

[ 2016-10-07T15:55:29+08:00 ] ::1 /muke/App/Common/Common/fonts/glyphicons-halflings-regular.ttf
ERR: 无法加载模块:App

[ 2016-10-07T15:55:29+08:00 ] ::1 /muke/App/Common/Common/fonts/glyphicons-halflings-regular.woff
ERR: 无法加载模块:App

[ 2016-10-07T15:55:30+08:00 ] ::1 /muke/App/Common/Common/fonts/glyphicons-halflings-regular.ttf
ERR: 无法加载模块:App

[ 2016-10-07T15:56:20+08:00 ] ::1 /muke/App/Common/Common/fonts/glyphicons-halflings-regular.woff
ERR: 无法加载模块:App

[ 2016-10-07T15:56:21+08:00 ] ::1 /muke/App/Common/Common/fonts/glyphicons-halflings-regular.ttf
ERR: 无法加载模块:App

[ 2016-10-07T15:56:21+08:00 ] ::1 /muke/App/Common/Common/fonts/glyphicons-halflings-regular.woff
ERR: 无法加载模块:App

[ 2016-10-07T15:56:21+08:00 ] ::1 /muke/App/Common/Common/fonts/glyphicons-halflings-regular.ttf
ERR: 无法加载模块:App

[ 2016-10-07T15:56:31+08:00 ] ::1 /muke/App/Common/Common/fonts/glyphicons-halflings-regular.woff
ERR: 无法加载模块:App

[ 2016-10-07T15:56:31+08:00 ] ::1 /muke/App/Common/Common/fonts/glyphicons-halflings-regular.ttf
ERR: 无法加载模块:App

[ 2016-10-07T15:56:31+08:00 ] ::1 /muke/App/Common/Common/fonts/glyphicons-halflings-regular.woff
ERR: 无法加载模块:App

[ 2016-10-07T15:56:31+08:00 ] ::1 /muke/App/Common/Common/fonts/glyphicons-halflings-regular.ttf
ERR: 无法加载模块:App

[ 2016-10-07T16:00:27+08:00 ] ::1 /muke/App/Common/Common/fonts/glyphicons-halflings-regular.woff
ERR: 无法加载模块:App

[ 2016-10-07T16:00:28+08:00 ] ::1 /muke/App/Common/Common/fonts/glyphicons-halflings-regular.ttf
ERR: 无法加载模块:App

[ 2016-10-07T16:00:28+08:00 ] ::1 /muke/App/Common/Common/fonts/glyphicons-halflings-regular.woff
ERR: 无法加载模块:App

[ 2016-10-07T16:00:28+08:00 ] ::1 /muke/App/Common/Common/fonts/glyphicons-halflings-regular.ttf
ERR: 无法加载模块:App

[ 2016-10-07T16:01:35+08:00 ] ::1 /muke/App/Common/Common/fonts/glyphicons-halflings-regular.woff
ERR: 无法加载模块:App

[ 2016-10-07T16:01:35+08:00 ] ::1 /muke/App/Common/Common/fonts/glyphicons-halflings-regular.ttf
ERR: 无法加载模块:App

[ 2016-10-07T16:01:36+08:00 ] ::1 /muke/App/Common/Common/fonts/glyphicons-halflings-regular.woff
ERR: 无法加载模块:App

[ 2016-10-07T16:01:36+08:00 ] ::1 /muke/App/Common/Common/fonts/glyphicons-halflings-regular.ttf
ERR: 无法加载模块:App

[ 2016-10-07T16:01:52+08:00 ] ::1 /muke/App/Common/Common/fonts/glyphicons-halflings-regular.woff
ERR: 无法加载模块:App

[ 2016-10-07T16:01:53+08:00 ] ::1 /muke/App/Common/Common/fonts/glyphicons-halflings-regular.ttf
ERR: 无法加载模块:App

[ 2016-10-07T16:01:53+08:00 ] ::1 /muke/App/Common/Common/fonts/glyphicons-halflings-regular.woff
ERR: 无法加载模块:App

[ 2016-10-07T16:01:53+08:00 ] ::1 /muke/App/Common/Common/fonts/glyphicons-halflings-regular.ttf
ERR: 无法加载模块:App

[ 2016-10-07T16:02:17+08:00 ] ::1 /muke/App/Common/Common/fonts/glyphicons-halflings-regular.woff
ERR: 无法加载模块:App

[ 2016-10-07T16:02:17+08:00 ] ::1 /muke/App/Common/Common/fonts/glyphicons-halflings-regular.ttf
ERR: 无法加载模块:App

[ 2016-10-07T16:02:17+08:00 ] ::1 /muke/App/Common/Common/fonts/glyphicons-halflings-regular.woff
ERR: 无法加载模块:App

[ 2016-10-07T16:02:17+08:00 ] ::1 /muke/App/Common/Common/fonts/glyphicons-halflings-regular.ttf
ERR: 无法加载模块:App

[ 2016-10-07T16:03:34+08:00 ] ::1 /muke/App/Common/Common/fonts/glyphicons-halflings-regular.woff
ERR: 无法加载模块:App

[ 2016-10-07T16:03:34+08:00 ] ::1 /muke/App/Common/Common/fonts/glyphicons-halflings-regular.ttf
ERR: 无法加载模块:App

[ 2016-10-07T16:03:34+08:00 ] ::1 /muke/App/Common/Common/fonts/glyphicons-halflings-regular.woff
ERR: 无法加载模块:App

[ 2016-10-07T16:03:34+08:00 ] ::1 /muke/App/Common/Common/fonts/glyphicons-halflings-regular.ttf
ERR: 无法加载模块:App

[ 2016-10-07T16:08:18+08:00 ] ::1 /muke/App/Common/Common/fonts/glyphicons-halflings-regular.woff
ERR: 无法加载模块:App

[ 2016-10-07T16:08:18+08:00 ] ::1 /muke/App/Common/Common/fonts/glyphicons-halflings-regular.ttf
ERR: 无法加载模块:App

[ 2016-10-07T16:08:18+08:00 ] ::1 /muke/App/Common/Common/fonts/glyphicons-halflings-regular.woff
ERR: 无法加载模块:App

[ 2016-10-07T16:08:18+08:00 ] ::1 /muke/App/Common/Common/fonts/glyphicons-halflings-regular.ttf
ERR: 无法加载模块:App

[ 2016-10-07T16:11:15+08:00 ] ::1 /muke/App/Common/Common/fonts/glyphicons-halflings-regular.woff
ERR: 无法加载模块:App

[ 2016-10-07T16:11:16+08:00 ] ::1 /muke/App/Common/Common/fonts/glyphicons-halflings-regular.ttf
ERR: 无法加载模块:App

[ 2016-10-07T16:11:25+08:00 ] ::1 /muke/App/Common/Common/fonts/glyphicons-halflings-regular.woff
ERR: 无法加载模块:App

[ 2016-10-07T16:11:25+08:00 ] ::1 /muke/App/Common/Common/fonts/glyphicons-halflings-regular.ttf
ERR: 无法加载模块:App

[ 2016-10-07T16:11:25+08:00 ] ::1 /muke/App/Common/Common/fonts/glyphicons-halflings-regular.woff
ERR: 无法加载模块:App

[ 2016-10-07T16:11:25+08:00 ] ::1 /muke/App/Common/Common/fonts/glyphicons-halflings-regular.ttf
ERR: 无法加载模块:App

[ 2016-10-07T16:13:46+08:00 ] ::1 /muke/App/Common/Common/fonts/glyphicons-halflings-regular.woff
ERR: 无法加载模块:App

[ 2016-10-07T16:13:47+08:00 ] ::1 /muke/App/Common/Common/fonts/glyphicons-halflings-regular.ttf
ERR: 无法加载模块:App

[ 2016-10-07T16:13:47+08:00 ] ::1 /muke/App/Common/Common/fonts/glyphicons-halflings-regular.woff
ERR: 无法加载模块:App

[ 2016-10-07T16:13:47+08:00 ] ::1 /muke/App/Common/Common/fonts/glyphicons-halflings-regular.ttf
ERR: 无法加载模块:App

[ 2016-10-07T16:14:45+08:00 ] ::1 /muke/App/Common/Common/fonts/glyphicons-halflings-regular.woff
ERR: 无法加载模块:App

[ 2016-10-07T16:14:46+08:00 ] ::1 /muke/App/Common/Common/fonts/glyphicons-halflings-regular.ttf
ERR: 无法加载模块:App

[ 2016-10-07T16:14:46+08:00 ] ::1 /muke/App/Common/Common/fonts/glyphicons-halflings-regular.woff
ERR: 无法加载模块:App

[ 2016-10-07T16:14:46+08:00 ] ::1 /muke/App/Common/Common/fonts/glyphicons-halflings-regular.ttf
ERR: 无法加载模块:App

[ 2016-10-07T16:14:59+08:00 ] ::1 /muke/App/Common/Common/fonts/glyphicons-halflings-regular.woff
ERR: 无法加载模块:App

[ 2016-10-07T16:14:59+08:00 ] ::1 /muke/App/Common/Common/fonts/glyphicons-halflings-regular.ttf
ERR: 无法加载模块:App

[ 2016-10-07T16:14:59+08:00 ] ::1 /muke/App/Common/Common/fonts/glyphicons-halflings-regular.woff
ERR: 无法加载模块:App

[ 2016-10-07T16:14:59+08:00 ] ::1 /muke/App/Common/Common/fonts/glyphicons-halflings-regular.ttf
ERR: 无法加载模块:App

[ 2016-10-07T16:15:28+08:00 ] ::1 /muke/App/Common/Common/fonts/glyphicons-halflings-regular.woff
ERR: 无法加载模块:App

[ 2016-10-07T16:15:29+08:00 ] ::1 /muke/App/Common/Common/fonts/glyphicons-halflings-regular.ttf
ERR: 无法加载模块:App

[ 2016-10-07T16:15:29+08:00 ] ::1 /muke/App/Common/Common/fonts/glyphicons-halflings-regular.woff
ERR: 无法加载模块:App

[ 2016-10-07T16:15:29+08:00 ] ::1 /muke/App/Common/Common/fonts/glyphicons-halflings-regular.ttf
ERR: 无法加载模块:App

[ 2016-10-07T16:16:13+08:00 ] ::1 /muke/App/Common/Common/fonts/glyphicons-halflings-regular.woff
ERR: 无法加载模块:App

[ 2016-10-07T16:16:14+08:00 ] ::1 /muke/App/Common/Common/fonts/glyphicons-halflings-regular.ttf
ERR: 无法加载模块:App

[ 2016-10-07T16:16:14+08:00 ] ::1 /muke/App/Common/Common/fonts/glyphicons-halflings-regular.woff
ERR: 无法加载模块:App

[ 2016-10-07T16:16:14+08:00 ] ::1 /muke/App/Common/Common/fonts/glyphicons-halflings-regular.ttf
ERR: 无法加载模块:App

[ 2016-10-07T16:17:15+08:00 ] ::1 /muke/App/Common/Common/fonts/glyphicons-halflings-regular.woff
ERR: 无法加载模块:App

[ 2016-10-07T16:17:15+08:00 ] ::1 /muke/App/Common/Common/fonts/glyphicons-halflings-regular.ttf
ERR: 无法加载模块:App

[ 2016-10-07T16:17:15+08:00 ] ::1 /muke/App/Common/Common/fonts/glyphicons-halflings-regular.woff
ERR: 无法加载模块:App

[ 2016-10-07T16:17:15+08:00 ] ::1 /muke/App/Common/Common/fonts/glyphicons-halflings-regular.ttf
ERR: 无法加载模块:App

[ 2016-10-07T16:18:09+08:00 ] ::1 /muke/App/Common/Common/fonts/glyphicons-halflings-regular.woff
ERR: 无法加载模块:App

[ 2016-10-07T16:18:09+08:00 ] ::1 /muke/App/Common/Common/fonts/glyphicons-halflings-regular.ttf
ERR: 无法加载模块:App

[ 2016-10-07T16:18:09+08:00 ] ::1 /muke/App/Common/Common/fonts/glyphicons-halflings-regular.woff
ERR: 无法加载模块:App

[ 2016-10-07T16:18:09+08:00 ] ::1 /muke/App/Common/Common/fonts/glyphicons-halflings-regular.ttf
ERR: 无法加载模块:App

[ 2016-10-07T16:18:17+08:00 ] ::1 /muke/App/Common/Common/fonts/glyphicons-halflings-regular.woff
ERR: 无法加载模块:App

[ 2016-10-07T16:18:18+08:00 ] ::1 /muke/App/Common/Common/fonts/glyphicons-halflings-regular.ttf
ERR: 无法加载模块:App

[ 2016-10-07T16:18:18+08:00 ] ::1 /muke/App/Common/Common/fonts/glyphicons-halflings-regular.woff
ERR: 无法加载模块:App

[ 2016-10-07T16:18:18+08:00 ] ::1 /muke/App/Common/Common/fonts/glyphicons-halflings-regular.ttf
ERR: 无法加载模块:App

[ 2016-10-07T16:18:47+08:00 ] ::1 /muke/App/Common/Common/fonts/glyphicons-halflings-regular.woff
ERR: 无法加载模块:App

[ 2016-10-07T16:18:47+08:00 ] ::1 /muke/App/Common/Common/fonts/glyphicons-halflings-regular.ttf
ERR: 无法加载模块:App

[ 2016-10-07T16:18:47+08:00 ] ::1 /muke/App/Common/Common/fonts/glyphicons-halflings-regular.woff
ERR: 无法加载模块:App

[ 2016-10-07T16:18:47+08:00 ] ::1 /muke/App/Common/Common/fonts/glyphicons-halflings-regular.ttf
ERR: 无法加载模块:App

[ 2016-10-07T16:19:33+08:00 ] ::1 /muke/App/Common/Common/fonts/glyphicons-halflings-regular.woff
ERR: 无法加载模块:App

[ 2016-10-07T16:19:34+08:00 ] ::1 /muke/App/Common/Common/fonts/glyphicons-halflings-regular.ttf
ERR: 无法加载模块:App

[ 2016-10-07T16:19:34+08:00 ] ::1 /muke/App/Common/Common/fonts/glyphicons-halflings-regular.woff
ERR: 无法加载模块:App

[ 2016-10-07T16:19:34+08:00 ] ::1 /muke/App/Common/Common/fonts/glyphicons-halflings-regular.ttf
ERR: 无法加载模块:App

[ 2016-10-07T16:20:13+08:00 ] ::1 /muke/App/Common/Common/fonts/glyphicons-halflings-regular.woff
ERR: 无法加载模块:App

[ 2016-10-07T16:20:14+08:00 ] ::1 /muke/App/Common/Common/fonts/glyphicons-halflings-regular.ttf
ERR: 无法加载模块:App

[ 2016-10-07T16:20:14+08:00 ] ::1 /muke/App/Common/Common/fonts/glyphicons-halflings-regular.woff
ERR: 无法加载模块:App

[ 2016-10-07T16:20:14+08:00 ] ::1 /muke/App/Common/Common/fonts/glyphicons-halflings-regular.ttf
ERR: 无法加载模块:App

[ 2016-10-07T16:26:11+08:00 ] ::1 /muke/App/Common/Common/fonts/glyphicons-halflings-regular.woff
ERR: 无法加载模块:App

[ 2016-10-07T16:26:11+08:00 ] ::1 /muke/App/Common/Common/fonts/glyphicons-halflings-regular.ttf
ERR: 无法加载模块:App

[ 2016-10-07T16:26:11+08:00 ] ::1 /muke/App/Common/Common/fonts/glyphicons-halflings-regular.woff
ERR: 无法加载模块:App

[ 2016-10-07T16:26:11+08:00 ] ::1 /muke/App/Common/Common/fonts/glyphicons-halflings-regular.ttf
ERR: 无法加载模块:App

[ 2016-10-07T16:26:45+08:00 ] ::1 /muke/App/Common/Common/fonts/glyphicons-halflings-regular.woff
ERR: 无法加载模块:App

[ 2016-10-07T16:26:46+08:00 ] ::1 /muke/App/Common/Common/fonts/glyphicons-halflings-regular.ttf
ERR: 无法加载模块:App

[ 2016-10-07T16:26:46+08:00 ] ::1 /muke/App/Common/Common/fonts/glyphicons-halflings-regular.woff
ERR: 无法加载模块:App

[ 2016-10-07T16:26:46+08:00 ] ::1 /muke/App/Common/Common/fonts/glyphicons-halflings-regular.ttf
ERR: 无法加载模块:App

[ 2016-10-07T16:27:02+08:00 ] ::1 /muke/App/Common/Common/fonts/glyphicons-halflings-regular.woff
ERR: 无法加载模块:App

[ 2016-10-07T16:27:02+08:00 ] ::1 /muke/App/Common/Common/fonts/glyphicons-halflings-regular.ttf
ERR: 无法加载模块:App

[ 2016-10-07T16:27:03+08:00 ] ::1 /muke/App/Common/Common/fonts/glyphicons-halflings-regular.woff
ERR: 无法加载模块:App

[ 2016-10-07T16:27:03+08:00 ] ::1 /muke/App/Common/Common/fonts/glyphicons-halflings-regular.ttf
ERR: 无法加载模块:App

[ 2016-10-07T16:27:57+08:00 ] ::1 /muke/App/Common/Common/fonts/glyphicons-halflings-regular.woff
ERR: 无法加载模块:App

[ 2016-10-07T16:27:58+08:00 ] ::1 /muke/App/Common/Common/fonts/glyphicons-halflings-regular.ttf
ERR: 无法加载模块:App

[ 2016-10-07T16:27:58+08:00 ] ::1 /muke/App/Common/Common/fonts/glyphicons-halflings-regular.woff
ERR: 无法加载模块:App

[ 2016-10-07T16:27:58+08:00 ] ::1 /muke/App/Common/Common/fonts/glyphicons-halflings-regular.ttf
ERR: 无法加载模块:App

[ 2016-10-07T16:37:36+08:00 ] ::1 /muke/App/Common/Common/fonts/glyphicons-halflings-regular.woff
ERR: 无法加载模块:App

[ 2016-10-07T16:37:37+08:00 ] ::1 /muke/App/Common/Common/fonts/glyphicons-halflings-regular.ttf
ERR: 无法加载模块:App

[ 2016-10-07T16:37:37+08:00 ] ::1 /muke/App/Common/Common/fonts/glyphicons-halflings-regular.woff
ERR: 无法加载模块:App

[ 2016-10-07T16:37:37+08:00 ] ::1 /muke/App/Common/Common/fonts/glyphicons-halflings-regular.ttf
ERR: 无法加载模块:App

[ 2016-10-07T16:38:21+08:00 ] ::1 /muke/App/Common/Common/fonts/glyphicons-halflings-regular.woff
ERR: 无法加载模块:App

[ 2016-10-07T16:38:21+08:00 ] ::1 /muke/App/Common/Common/fonts/glyphicons-halflings-regular.ttf
ERR: 无法加载模块:App

[ 2016-10-07T16:38:21+08:00 ] ::1 /muke/App/Common/Common/fonts/glyphicons-halflings-regular.woff
ERR: 无法加载模块:App

[ 2016-10-07T16:38:22+08:00 ] ::1 /muke/App/Common/Common/fonts/glyphicons-halflings-regular.ttf
ERR: 无法加载模块:App

[ 2016-10-07T16:40:00+08:00 ] ::1 /muke/App/Common/Common/fonts/glyphicons-halflings-regular.woff
ERR: 无法加载模块:App

[ 2016-10-07T16:40:00+08:00 ] ::1 /muke/App/Common/Common/fonts/glyphicons-halflings-regular.ttf
ERR: 无法加载模块:App

[ 2016-10-07T16:40:00+08:00 ] ::1 /muke/App/Common/Common/fonts/glyphicons-halflings-regular.woff
ERR: 无法加载模块:App

[ 2016-10-07T16:40:00+08:00 ] ::1 /muke/App/Common/Common/fonts/glyphicons-halflings-regular.ttf
ERR: 无法加载模块:App

[ 2016-10-07T16:42:22+08:00 ] ::1 /muke/App/Common/Common/fonts/glyphicons-halflings-regular.woff
ERR: 无法加载模块:App

[ 2016-10-07T16:42:22+08:00 ] ::1 /muke/App/Common/Common/fonts/glyphicons-halflings-regular.ttf
ERR: 无法加载模块:App

[ 2016-10-07T16:42:22+08:00 ] ::1 /muke/App/Common/Common/fonts/glyphicons-halflings-regular.woff
ERR: 无法加载模块:App

[ 2016-10-07T16:42:22+08:00 ] ::1 /muke/App/Common/Common/fonts/glyphicons-halflings-regular.ttf
ERR: 无法加载模块:App

[ 2016-10-07T16:44:47+08:00 ] ::1 /muke/App/Common/Common/fonts/glyphicons-halflings-regular.woff
ERR: 无法加载模块:App

[ 2016-10-07T16:44:47+08:00 ] ::1 /muke/App/Common/Common/fonts/glyphicons-halflings-regular.ttf
ERR: 无法加载模块:App

[ 2016-10-07T16:44:48+08:00 ] ::1 /muke/App/Common/Common/fonts/glyphicons-halflings-regular.woff
ERR: 无法加载模块:App

[ 2016-10-07T16:44:48+08:00 ] ::1 /muke/App/Common/Common/fonts/glyphicons-halflings-regular.ttf
ERR: 无法加载模块:App

