[ 2016-10-08T09:59:20+08:00 ] ::1 /muke/App/Common/Common/images/slide-pagenat.png
ERR: 无法加载模块:App

[ 2016-10-08T10:02:00+08:00 ] ::1 /muke/App/Common/Common/fonts/glyphicons-halflings-regular.woff
ERR: 无法加载模块:App

[ 2016-10-08T10:02:00+08:00 ] ::1 /muke/App/Common/Common/fonts/glyphicons-halflings-regular.ttf
ERR: 无法加载模块:App

[ 2016-10-08T10:02:01+08:00 ] ::1 /muke/App/Common/Common/fonts/glyphicons-halflings-regular.woff
ERR: 无法加载模块:App

[ 2016-10-08T10:02:01+08:00 ] ::1 /muke/App/Common/Common/fonts/glyphicons-halflings-regular.ttf
ERR: 无法加载模块:App

[ 2016-10-08T10:04:01+08:00 ] ::1 /muke/App/Common/Common/images/slide-pagenat.png
ERR: 无法加载模块:App

[ 2016-10-08T10:04:01+08:00 ] ::1 /muke/App/Common/Common/css/AjaxLoader.gif
ERR: 无法加载模块:App

[ 2016-10-08T10:04:03+08:00 ] ::1 /muke/App/Common/Common/fonts/glyphicons-halflings-regular.woff
ERR: 无法加载模块:App

[ 2016-10-08T10:04:03+08:00 ] ::1 /muke/App/Common/Common/fonts/glyphicons-halflings-regular.ttf
ERR: 无法加载模块:App

[ 2016-10-08T10:04:03+08:00 ] ::1 /muke/App/Common/Common/fonts/glyphicons-halflings-regular.woff
ERR: 无法加载模块:App

[ 2016-10-08T10:04:04+08:00 ] ::1 /muke/App/Common/Common/fonts/glyphicons-halflings-regular.ttf
ERR: 无法加载模块:App

[ 2016-10-08T10:09:32+08:00 ] ::1 /muke/App/Common/Common/fonts/glyphicons-halflings-regular.woff
ERR: 无法加载模块:App

[ 2016-10-08T10:09:33+08:00 ] ::1 /muke/App/Common/Common/fonts/glyphicons-halflings-regular.ttf
ERR: 无法加载模块:App

[ 2016-10-08T10:09:33+08:00 ] ::1 /muke/App/Common/Common/fonts/glyphicons-halflings-regular.woff
ERR: 无法加载模块:App

[ 2016-10-08T10:09:33+08:00 ] ::1 /muke/App/Common/Common/fonts/glyphicons-halflings-regular.ttf
ERR: 无法加载模块:App

[ 2016-10-08T10:09:36+08:00 ] ::1 /muke/App/Common/Common/ylkckj/lib/font/league-gothic/league-gothic.css
ERR: 无法加载模块:App

[ 2016-10-08T10:11:46+08:00 ] ::1 /muke/App/Common/Common/fonts/glyphicons-halflings-regular.woff
ERR: 无法加载模块:App

[ 2016-10-08T10:11:46+08:00 ] ::1 /muke/App/Common/Common/fonts/glyphicons-halflings-regular.ttf
ERR: 无法加载模块:App

[ 2016-10-08T10:11:46+08:00 ] ::1 /muke/App/Common/Common/fonts/glyphicons-halflings-regular.woff
ERR: 无法加载模块:App

[ 2016-10-08T10:11:46+08:00 ] ::1 /muke/App/Common/Common/fonts/glyphicons-halflings-regular.ttf
ERR: 无法加载模块:App

[ 2016-10-08T10:14:27+08:00 ] ::1 /muke/App/Common/Common/fonts/glyphicons-halflings-regular.woff
ERR: 无法加载模块:App

[ 2016-10-08T10:14:27+08:00 ] ::1 /muke/App/Common/Common/fonts/glyphicons-halflings-regular.ttf
ERR: 无法加载模块:App

[ 2016-10-08T10:14:27+08:00 ] ::1 /muke/App/Common/Common/fonts/glyphicons-halflings-regular.woff
ERR: 无法加载模块:App

[ 2016-10-08T10:14:27+08:00 ] ::1 /muke/App/Common/Common/fonts/glyphicons-halflings-regular.ttf
ERR: 无法加载模块:App

[ 2016-10-08T10:14:32+08:00 ] ::1 /muke/App/Common/Common/ylkckj/lib/font/league-gothic/league-gothic.css
ERR: 无法加载模块:App

[ 2016-10-08T10:46:30+08:00 ] ::1 /muke/App/Common/Common/images/slide-pagenat.png
ERR: 无法加载模块:App

[ 2016-10-08T10:46:30+08:00 ] ::1 /muke/App/Common/Common/css/AjaxLoader.gif
ERR: 无法加载模块:App

[ 2016-10-08T10:46:38+08:00 ] ::1 /muke/App/Common/Common/fonts/glyphicons-halflings-regular.woff
ERR: 无法加载模块:App

[ 2016-10-08T10:46:38+08:00 ] ::1 /muke/App/Common/Common/fonts/glyphicons-halflings-regular.ttf
ERR: 无法加载模块:App

[ 2016-10-08T10:46:39+08:00 ] ::1 /muke/App/Common/Common/fonts/glyphicons-halflings-regular.woff
ERR: 无法加载模块:App

[ 2016-10-08T10:46:39+08:00 ] ::1 /muke/App/Common/Common/fonts/glyphicons-halflings-regular.ttf
ERR: 无法加载模块:App

[ 2016-10-08T10:49:13+08:00 ] ::1 /muke/App/Common/Common/fonts/glyphicons-halflings-regular.woff
ERR: 无法加载模块:App

[ 2016-10-08T10:49:13+08:00 ] ::1 /muke/App/Common/Common/fonts/glyphicons-halflings-regular.ttf
ERR: 无法加载模块:App

[ 2016-10-08T10:49:13+08:00 ] ::1 /muke/App/Common/Common/fonts/glyphicons-halflings-regular.woff
ERR: 无法加载模块:App

[ 2016-10-08T10:49:14+08:00 ] ::1 /muke/App/Common/Common/fonts/glyphicons-halflings-regular.ttf
ERR: 无法加载模块:App

[ 2016-10-08T10:49:16+08:00 ] ::1 /muke/App/Common/Common/fonts/glyphicons-halflings-regular.woff
ERR: 无法加载模块:App

[ 2016-10-08T10:49:16+08:00 ] ::1 /muke/App/Common/Common/fonts/glyphicons-halflings-regular.ttf
ERR: 无法加载模块:App

[ 2016-10-08T10:49:17+08:00 ] ::1 /muke/App/Common/Common/fonts/glyphicons-halflings-regular.woff
ERR: 无法加载模块:App

[ 2016-10-08T10:49:17+08:00 ] ::1 /muke/App/Common/Common/fonts/glyphicons-halflings-regular.ttf
ERR: 无法加载模块:App

[ 2016-10-08T10:49:20+08:00 ] ::1 /muke/App/Common/Common/fonts/glyphicons-halflings-regular.woff
ERR: 无法加载模块:App

[ 2016-10-08T10:49:20+08:00 ] ::1 /muke/App/Common/Common/fonts/glyphicons-halflings-regular.ttf
ERR: 无法加载模块:App

[ 2016-10-08T10:49:20+08:00 ] ::1 /muke/App/Common/Common/fonts/glyphicons-halflings-regular.woff
ERR: 无法加载模块:App

[ 2016-10-08T10:49:20+08:00 ] ::1 /muke/App/Common/Common/fonts/glyphicons-halflings-regular.ttf
ERR: 无法加载模块:App

[ 2016-10-08T10:49:50+08:00 ] ::1 /muke/App/Common/Common/fonts/glyphicons-halflings-regular.woff
ERR: 无法加载模块:App

[ 2016-10-08T10:49:51+08:00 ] ::1 /muke/App/Common/Common/fonts/glyphicons-halflings-regular.ttf
ERR: 无法加载模块:App

[ 2016-10-08T10:49:51+08:00 ] ::1 /muke/App/Common/Common/fonts/glyphicons-halflings-regular.woff
ERR: 无法加载模块:App

[ 2016-10-08T10:49:51+08:00 ] ::1 /muke/App/Common/Common/fonts/glyphicons-halflings-regular.ttf
ERR: 无法加载模块:App

[ 2016-10-08T10:50:04+08:00 ] ::1 /muke/App/Common/Common/fonts/glyphicons-halflings-regular.woff
ERR: 无法加载模块:App

[ 2016-10-08T10:50:05+08:00 ] ::1 /muke/App/Common/Common/fonts/glyphicons-halflings-regular.ttf
ERR: 无法加载模块:App

[ 2016-10-08T10:50:06+08:00 ] ::1 /muke/App/Common/Common/fonts/glyphicons-halflings-regular.woff
ERR: 无法加载模块:App

[ 2016-10-08T10:50:09+08:00 ] ::1 /muke/App/Common/Common/fonts/glyphicons-halflings-regular.woff
ERR: 无法加载模块:App

[ 2016-10-08T10:50:09+08:00 ] ::1 /muke/App/Common/Common/fonts/glyphicons-halflings-regular.ttf
ERR: 无法加载模块:App

[ 2016-10-08T10:50:11+08:00 ] ::1 /muke/App/Common/Common/fonts/glyphicons-halflings-regular.woff
ERR: 无法加载模块:App

[ 2016-10-08T10:50:12+08:00 ] ::1 /muke/App/Common/Common/fonts/glyphicons-halflings-regular.ttf
ERR: 无法加载模块:App

[ 2016-10-08T10:50:12+08:00 ] ::1 /muke/App/Common/Common/fonts/glyphicons-halflings-regular.woff
ERR: 无法加载模块:App

[ 2016-10-08T10:50:12+08:00 ] ::1 /muke/App/Common/Common/fonts/glyphicons-halflings-regular.ttf
ERR: 无法加载模块:App

[ 2016-10-08T10:50:17+08:00 ] ::1 /muke/App/Common/Common/fonts/glyphicons-halflings-regular.woff
ERR: 无法加载模块:App

[ 2016-10-08T10:50:17+08:00 ] ::1 /muke/App/Common/Common/fonts/glyphicons-halflings-regular.ttf
ERR: 无法加载模块:App

[ 2016-10-08T10:50:17+08:00 ] ::1 /muke/App/Common/Common/fonts/glyphicons-halflings-regular.woff
ERR: 无法加载模块:App

[ 2016-10-08T10:50:17+08:00 ] ::1 /muke/App/Common/Common/fonts/glyphicons-halflings-regular.ttf
ERR: 无法加载模块:App

[ 2016-10-08T10:50:28+08:00 ] ::1 /muke/App/Common/Common/fonts/glyphicons-halflings-regular.woff
ERR: 无法加载模块:App

[ 2016-10-08T10:50:28+08:00 ] ::1 /muke/App/Common/Common/fonts/glyphicons-halflings-regular.ttf
ERR: 无法加载模块:App

[ 2016-10-08T10:50:28+08:00 ] ::1 /muke/App/Common/Common/fonts/glyphicons-halflings-regular.woff
ERR: 无法加载模块:App

[ 2016-10-08T10:50:28+08:00 ] ::1 /muke/App/Common/Common/fonts/glyphicons-halflings-regular.ttf
ERR: 无法加载模块:App

[ 2016-10-08T10:50:56+08:00 ] ::1 /muke/App/Common/Common/fonts/glyphicons-halflings-regular.woff
ERR: 无法加载模块:App

[ 2016-10-08T10:50:56+08:00 ] ::1 /muke/App/Common/Common/fonts/glyphicons-halflings-regular.ttf
ERR: 无法加载模块:App

[ 2016-10-08T10:50:56+08:00 ] ::1 /muke/App/Common/Common/fonts/glyphicons-halflings-regular.woff
ERR: 无法加载模块:App

[ 2016-10-08T10:50:56+08:00 ] ::1 /muke/App/Common/Common/fonts/glyphicons-halflings-regular.ttf
ERR: 无法加载模块:App

[ 2016-10-08T10:58:50+08:00 ] ::1 /muke/App/Common/Common/fonts/glyphicons-halflings-regular.woff
ERR: 无法加载模块:App

[ 2016-10-08T10:58:50+08:00 ] ::1 /muke/App/Common/Common/fonts/glyphicons-halflings-regular.ttf
ERR: 无法加载模块:App

[ 2016-10-08T10:58:50+08:00 ] ::1 /muke/App/Common/Common/fonts/glyphicons-halflings-regular.woff
ERR: 无法加载模块:App

[ 2016-10-08T10:58:50+08:00 ] ::1 /muke/App/Common/Common/fonts/glyphicons-halflings-regular.ttf
ERR: 无法加载模块:App

[ 2016-10-08T10:59:26+08:00 ] ::1 /muke/App/Common/Common/fonts/glyphicons-halflings-regular.woff
ERR: 无法加载模块:App

[ 2016-10-08T10:59:26+08:00 ] ::1 /muke/App/Common/Common/fonts/glyphicons-halflings-regular.ttf
ERR: 无法加载模块:App

[ 2016-10-08T10:59:26+08:00 ] ::1 /muke/App/Common/Common/fonts/glyphicons-halflings-regular.woff
ERR: 无法加载模块:App

[ 2016-10-08T10:59:27+08:00 ] ::1 /muke/App/Common/Common/fonts/glyphicons-halflings-regular.ttf
ERR: 无法加载模块:App

[ 2016-10-08T11:00:10+08:00 ] ::1 /muke/App/Common/Common/fonts/glyphicons-halflings-regular.woff
ERR: 无法加载模块:App

[ 2016-10-08T11:00:10+08:00 ] ::1 /muke/App/Common/Common/fonts/glyphicons-halflings-regular.ttf
ERR: 无法加载模块:App

[ 2016-10-08T11:00:10+08:00 ] ::1 /muke/App/Common/Common/fonts/glyphicons-halflings-regular.woff
ERR: 无法加载模块:App

[ 2016-10-08T11:00:10+08:00 ] ::1 /muke/App/Common/Common/fonts/glyphicons-halflings-regular.ttf
ERR: 无法加载模块:App

[ 2016-10-08T13:06:54+08:00 ] ::1 /muke/App/Common/Common/images/slide-pagenat.png
ERR: 无法加载模块:App

[ 2016-10-08T13:06:54+08:00 ] ::1 /muke/App/Common/Common/css/AjaxLoader.gif
ERR: 无法加载模块:App

[ 2016-10-08T14:06:34+08:00 ] ::1 /muke/App/Common/Common/images/slide-pagenat.png
ERR: 无法加载模块:App

[ 2016-10-08T14:06:34+08:00 ] ::1 /muke/App/Common/Common/css/AjaxLoader.gif
ERR: 无法加载模块:App

[ 2016-10-08T14:06:38+08:00 ] ::1 /muke/App/Common/Common/fonts/glyphicons-halflings-regular.woff
ERR: 无法加载模块:App

[ 2016-10-08T14:06:38+08:00 ] ::1 /muke/App/Common/Common/fonts/glyphicons-halflings-regular.ttf
ERR: 无法加载模块:App

[ 2016-10-08T14:07:15+08:00 ] ::1 /muke/App/Common/Common/fonts/glyphicons-halflings-regular.woff
ERR: 无法加载模块:App

[ 2016-10-08T14:07:15+08:00 ] ::1 /muke/App/Common/Common/fonts/glyphicons-halflings-regular.ttf
ERR: 无法加载模块:App

[ 2016-10-08T14:07:25+08:00 ] ::1 /muke/App/Common/Common/images/slide-pagenat.png
ERR: 无法加载模块:App

[ 2016-10-08T14:07:25+08:00 ] ::1 /muke/App/Common/Common/css/AjaxLoader.gif
ERR: 无法加载模块:App

[ 2016-10-08T14:49:11+08:00 ] ::1 /muke/App/Common/Common/images/slide-pagenat.png
ERR: 无法加载模块:App

[ 2016-10-08T14:49:11+08:00 ] ::1 /muke/App/Common/Common/css/AjaxLoader.gif
ERR: 无法加载模块:App

[ 2016-10-08T15:03:28+08:00 ] ::1 /muke/App/Common/Common/images/slide-pagenat.png
ERR: 无法加载模块:App

[ 2016-10-08T15:03:29+08:00 ] ::1 /muke/App/Common/Common/css/AjaxLoader.gif
ERR: 无法加载模块:App

[ 2016-10-08T15:03:46+08:00 ] ::1 /muke/App/Common/Common/css/AjaxLoader.gif
ERR: 无法加载模块:App

[ 2016-10-08T15:03:46+08:00 ] ::1 /muke/App/Common/Common/images/slide-pagenat.png
ERR: 无法加载模块:App

[ 2016-10-08T15:07:34+08:00 ] ::1 /muke/App/Common/Common/images/slide-pagenat.png
ERR: 无法加载模块:App

[ 2016-10-08T15:07:34+08:00 ] ::1 /muke/App/Common/Common/css/AjaxLoader.gif
ERR: 无法加载模块:App

[ 2016-10-08T15:07:38+08:00 ] ::1 /muke/App/Common/Common/fonts/glyphicons-halflings-regular.woff
ERR: 无法加载模块:App

[ 2016-10-08T15:07:39+08:00 ] ::1 /muke/App/Common/Common/fonts/glyphicons-halflings-regular.ttf
ERR: 无法加载模块:App

[ 2016-10-08T15:07:53+08:00 ] ::1 /muke/App/Common/Common/images/slide-pagenat.png
ERR: 无法加载模块:App

[ 2016-10-08T15:07:53+08:00 ] ::1 /muke/App/Common/Common/css/AjaxLoader.gif
ERR: 无法加载模块:App

[ 2016-10-08T16:20:47+08:00 ] ::1 /muke/css/bootstrap.min.css
ERR: 无法加载模块:Css

[ 2016-10-08T16:20:47+08:00 ] ::1 /muke/js/jquery.min.js
ERR: 无法加载模块:Js

[ 2016-10-08T16:20:47+08:00 ] ::1 /muke/css/style.css
ERR: 无法加载模块:Css

[ 2016-10-08T16:20:47+08:00 ] ::1 /muke/js/bootstrap.min.js
ERR: 无法加载模块:Js

[ 2016-10-08T16:20:47+08:00 ] ::1 /muke/css/font-awesome.css
ERR: 无法加载模块:Css

[ 2016-10-08T16:20:47+08:00 ] ::1 /muke/images/logo.png
ERR: 无法加载模块:Images

[ 2016-10-08T16:20:47+08:00 ] ::1 /muke/js/bootstrap.min.js
ERR: 无法加载模块:Js

[ 2016-10-08T16:20:48+08:00 ] ::1 /muke/images/logo.png
ERR: 无法加载模块:Images

[ 2016-10-08T16:22:33+08:00 ] ::1 /muke/css/style.css
ERR: 无法加载模块:Css

[ 2016-10-08T16:22:33+08:00 ] ::1 /muke/js/jquery.min.js
ERR: 无法加载模块:Js

[ 2016-10-08T16:22:33+08:00 ] ::1 /muke/css/font-awesome.css
ERR: 无法加载模块:Css

[ 2016-10-08T16:22:34+08:00 ] ::1 /muke/js/bootstrap.min.js
ERR: 无法加载模块:Js

[ 2016-10-08T16:22:34+08:00 ] ::1 /muke/images/logo.png
ERR: 无法加载模块:Images

[ 2016-10-08T16:22:45+08:00 ] ::1 /muke/css/font-awesome.css
ERR: 无法加载模块:Css

[ 2016-10-08T16:22:45+08:00 ] ::1 /muke/js/jquery.min.js
ERR: 无法加载模块:Js

[ 2016-10-08T16:22:45+08:00 ] ::1 /muke/js/bootstrap.min.js
ERR: 无法加载模块:Js

[ 2016-10-08T16:22:45+08:00 ] ::1 /muke/images/logo.png
ERR: 无法加载模块:Images

[ 2016-10-08T16:53:15+08:00 ] ::1 /muke/muke/Home/View/logincheck
ERR: 无法加载模块:Muke

[ 2016-10-08T16:57:25+08:00 ] ::1 /muke/App/Common/Common/images/slide-pagenat.png
ERR: 无法加载模块:App

[ 2016-10-08T16:57:25+08:00 ] ::1 /muke/App/Common/Common/css/AjaxLoader.gif
ERR: 无法加载模块:App

[ 2016-10-08T18:14:39+08:00 ] ::1 /muke/App/Common/Common/images/slide-pagenat.png
ERR: 无法加载模块:App

[ 2016-10-08T18:14:39+08:00 ] ::1 /muke/App/Common/Common/css/AjaxLoader.gif
ERR: 无法加载模块:App

[ 2016-10-08T20:20:35+08:00 ] ::1 /muke/App/Common/Common/images/slide-pagenat.png
ERR: 无法加载模块:App

[ 2016-10-08T20:20:36+08:00 ] ::1 /muke/App/Common/Common/css/AjaxLoader.gif
ERR: 无法加载模块:App

[ 2016-10-08T20:32:41+08:00 ] ::1 /muke/App/Common/Common/fonts/glyphicons-halflings-regular.woff
ERR: 无法加载模块:App

[ 2016-10-08T20:32:42+08:00 ] ::1 /muke/App/Common/Common/fonts/glyphicons-halflings-regular.ttf
ERR: 无法加载模块:App

[ 2016-10-08T20:32:42+08:00 ] ::1 /muke/App/Common/Common/fonts/glyphicons-halflings-regular.woff
ERR: 无法加载模块:App

[ 2016-10-08T20:32:42+08:00 ] ::1 /muke/App/Common/Common/fonts/glyphicons-halflings-regular.ttf
ERR: 无法加载模块:App

