[ 2016-12-10T11:10:53+08:00 ] ::1 /muke/App/Admin/Common/font-awesome.css
ERR: 无法加载模块:App

[ 2016-12-10T17:10:30+08:00 ] ::1 /muke/App/Admin/Common/font-awesome.css
ERR: 无法加载模块:App

[ 2016-12-10T17:10:39+08:00 ] ::1 /muke/App/Common/Common/images/slide-pagenat.png
ERR: 无法加载模块:App

[ 2016-12-10T17:10:39+08:00 ] ::1 /muke/App/Common/Common/css/AjaxLoader.gif
ERR: 无法加载模块:App

[ 2016-12-10T17:10:43+08:00 ] ::1 /muke/App/Common/Common/fonts/glyphicons-halflings-regular.woff
ERR: 无法加载模块:App

[ 2016-12-10T17:10:44+08:00 ] ::1 /muke/App/Common/Common/fonts/glyphicons-halflings-regular.ttf
ERR: 无法加载模块:App

[ 2016-12-10T17:44:19+08:00 ] ::1 /muke/App/Admin/Common/font-awesome.css
ERR: 无法加载模块:App

[ 2016-12-10T17:44:29+08:00 ] ::1 /muke/App/Common/Common/images/slide-pagenat.png
ERR: 无法加载模块:App

[ 2016-12-10T17:44:30+08:00 ] ::1 /muke/App/Common/Common/css/AjaxLoader.gif
ERR: 无法加载模块:App

[ 2016-12-10T17:44:32+08:00 ] ::1 /muke/App/Common/Common/fonts/glyphicons-halflings-regular.woff
ERR: 无法加载模块:App

[ 2016-12-10T17:44:33+08:00 ] ::1 /muke/App/Common/Common/fonts/glyphicons-halflings-regular.ttf
ERR: 无法加载模块:App

