[ 2016-12-01T17:19:00+08:00 ] ::1 /muke/App/Common/Common/images/slide-pagenat.png
ERR: 无法加载模块:App

[ 2016-12-01T17:19:00+08:00 ] ::1 /muke/App/Common/Common/css/AjaxLoader.gif
ERR: 无法加载模块:App

[ 2016-12-01T17:20:15+08:00 ] ::1 /muke/App/Common/Common/fonts/glyphicons-halflings-regular.woff
ERR: 无法加载模块:App

[ 2016-12-01T17:20:15+08:00 ] ::1 /muke/App/Common/Common/fonts/glyphicons-halflings-regular.ttf
ERR: 无法加载模块:App

[ 2016-12-01T17:20:31+08:00 ] ::1 /muke/App/Common/Common/fonts/glyphicons-halflings-regular.woff
ERR: 无法加载模块:App

[ 2016-12-01T17:20:31+08:00 ] ::1 /muke/App/Common/Common/fonts/glyphicons-halflings-regular.ttf
ERR: 无法加载模块:App

[ 2016-12-01T17:22:32+08:00 ] ::1 /muke/App/Common/Common/fonts/glyphicons-halflings-regular.woff
ERR: 无法加载模块:App

[ 2016-12-01T17:22:32+08:00 ] ::1 /muke/App/Common/Common/fonts/glyphicons-halflings-regular.ttf
ERR: 无法加载模块:App

[ 2016-12-01T17:23:19+08:00 ] ::1 /muke/App/Common/Common/fonts/glyphicons-halflings-regular.woff
ERR: 无法加载模块:App

[ 2016-12-01T17:23:20+08:00 ] ::1 /muke/App/Common/Common/fonts/glyphicons-halflings-regular.ttf
ERR: 无法加载模块:App

[ 2016-12-01T17:24:28+08:00 ] ::1 /muke/App/Common/Common/fonts/glyphicons-halflings-regular.woff
ERR: 无法加载模块:App

[ 2016-12-01T17:24:28+08:00 ] ::1 /muke/App/Common/Common/fonts/glyphicons-halflings-regular.ttf
ERR: 无法加载模块:App

[ 2016-12-01T17:24:36+08:00 ] ::1 /muke/App/Common/Common/fonts/glyphicons-halflings-regular.woff
ERR: 无法加载模块:App

[ 2016-12-01T17:24:36+08:00 ] ::1 /muke/App/Common/Common/fonts/glyphicons-halflings-regular.ttf
ERR: 无法加载模块:App

[ 2016-12-01T17:27:06+08:00 ] ::1 /muke/App/Common/Common/fonts/glyphicons-halflings-regular.woff
ERR: 无法加载模块:App

[ 2016-12-01T17:27:07+08:00 ] ::1 /muke/App/Common/Common/fonts/glyphicons-halflings-regular.ttf
ERR: 无法加载模块:App

[ 2016-12-01T17:27:09+08:00 ] ::1 /muke/App/Common/Common/fonts/glyphicons-halflings-regular.woff
ERR: 无法加载模块:App

[ 2016-12-01T17:27:09+08:00 ] ::1 /muke/App/Common/Common/fonts/glyphicons-halflings-regular.ttf
ERR: 无法加载模块:App

[ 2016-12-01T19:12:57+08:00 ] ::1 /muke/App/Common/Common/fonts/glyphicons-halflings-regular.woff
ERR: 无法加载模块:App

[ 2016-12-01T19:12:57+08:00 ] ::1 /muke/App/Common/Common/fonts/glyphicons-halflings-regular.ttf
ERR: 无法加载模块:App

[ 2016-12-01T19:33:27+08:00 ] ::1 /muke/App/Common/Common/fonts/glyphicons-halflings-regular.woff
ERR: 无法加载模块:App

[ 2016-12-01T19:33:27+08:00 ] ::1 /muke/App/Common/Common/fonts/glyphicons-halflings-regular.ttf
ERR: 无法加载模块:App

[ 2016-12-01T19:33:52+08:00 ] ::1 /muke/App/Common/Common/fonts/glyphicons-halflings-regular.woff
ERR: 无法加载模块:App

[ 2016-12-01T19:33:52+08:00 ] ::1 /muke/App/Common/Common/fonts/glyphicons-halflings-regular.ttf
ERR: 无法加载模块:App

[ 2016-12-01T20:49:05+08:00 ] ::1 /muke/App/Common/Common/fonts/glyphicons-halflings-regular.woff
ERR: 无法加载模块:App

[ 2016-12-01T20:49:05+08:00 ] ::1 /muke/App/Common/Common/fonts/glyphicons-halflings-regular.ttf
ERR: 无法加载模块:App

[ 2016-12-01T20:49:33+08:00 ] ::1 /muke/App/Common/Common/fonts/glyphicons-halflings-regular.woff
ERR: 无法加载模块:App

[ 2016-12-01T20:49:33+08:00 ] ::1 /muke/App/Common/Common/fonts/glyphicons-halflings-regular.ttf
ERR: 无法加载模块:App

[ 2016-12-01T20:50:46+08:00 ] ::1 /muke/App/Common/Common/fonts/glyphicons-halflings-regular.woff
ERR: 无法加载模块:App

[ 2016-12-01T20:50:46+08:00 ] ::1 /muke/App/Common/Common/fonts/glyphicons-halflings-regular.ttf
ERR: 无法加载模块:App

[ 2016-12-01T20:51:14+08:00 ] ::1 /muke/App/Common/Common/fonts/glyphicons-halflings-regular.woff
ERR: 无法加载模块:App

[ 2016-12-01T20:51:15+08:00 ] ::1 /muke/App/Common/Common/fonts/glyphicons-halflings-regular.ttf
ERR: 无法加载模块:App

[ 2016-12-01T21:05:28+08:00 ] ::1 /muke/App/Common/Common/fonts/glyphicons-halflings-regular.woff
ERR: 无法加载模块:App

[ 2016-12-01T21:05:28+08:00 ] ::1 /muke/App/Common/Common/fonts/glyphicons-halflings-regular.ttf
ERR: 无法加载模块:App

[ 2016-12-01T21:47:54+08:00 ] ::1 /muke/App/Common/Common/fonts/glyphicons-halflings-regular.woff
ERR: 无法加载模块:App

[ 2016-12-01T21:47:54+08:00 ] ::1 /muke/App/Common/Common/fonts/glyphicons-halflings-regular.ttf
ERR: 无法加载模块:App

[ 2016-12-01T21:54:58+08:00 ] ::1 /muke/App/Common/Common/fonts/glyphicons-halflings-regular.woff
ERR: 无法加载模块:App

[ 2016-12-01T21:54:58+08:00 ] ::1 /muke/App/Common/Common/fonts/glyphicons-halflings-regular.ttf
ERR: 无法加载模块:App

[ 2016-12-01T21:55:58+08:00 ] ::1 /muke/App/Common/Common/fonts/glyphicons-halflings-regular.woff
ERR: 无法加载模块:App

[ 2016-12-01T21:55:58+08:00 ] ::1 /muke/App/Common/Common/fonts/glyphicons-halflings-regular.ttf
ERR: 无法加载模块:App

[ 2016-12-01T21:56:37+08:00 ] ::1 /muke/App/Common/Common/fonts/glyphicons-halflings-regular.woff
ERR: 无法加载模块:App

[ 2016-12-01T21:56:38+08:00 ] ::1 /muke/App/Common/Common/fonts/glyphicons-halflings-regular.ttf
ERR: 无法加载模块:App

[ 2016-12-01T21:57:03+08:00 ] ::1 /muke/App/Common/Common/fonts/glyphicons-halflings-regular.woff
ERR: 无法加载模块:App

[ 2016-12-01T21:57:03+08:00 ] ::1 /muke/App/Common/Common/fonts/glyphicons-halflings-regular.ttf
ERR: 无法加载模块:App

[ 2016-12-01T21:59:29+08:00 ] ::1 /muke/App/Common/Common/fonts/glyphicons-halflings-regular.woff
ERR: 无法加载模块:App

[ 2016-12-01T21:59:29+08:00 ] ::1 /muke/App/Common/Common/fonts/glyphicons-halflings-regular.ttf
ERR: 无法加载模块:App

[ 2016-12-01T21:59:31+08:00 ] ::1 /muke/App/Common/Common/fonts/glyphicons-halflings-regular.woff
ERR: 无法加载模块:App

[ 2016-12-01T21:59:31+08:00 ] ::1 /muke/App/Common/Common/fonts/glyphicons-halflings-regular.ttf
ERR: 无法加载模块:App

[ 2016-12-01T22:00:20+08:00 ] ::1 /muke/App/Common/Common/images/slide-pagenat.png
ERR: 无法加载模块:App

[ 2016-12-01T22:00:20+08:00 ] ::1 /muke/App/Common/Common/css/AjaxLoader.gif
ERR: 无法加载模块:App

[ 2016-12-01T22:00:26+08:00 ] ::1 /muke/App/Common/Common/fonts/glyphicons-halflings-regular.woff
ERR: 无法加载模块:App

[ 2016-12-01T22:00:26+08:00 ] ::1 /muke/App/Common/Common/fonts/glyphicons-halflings-regular.ttf
ERR: 无法加载模块:App

[ 2016-12-01T22:00:44+08:00 ] ::1 /muke/App/Common/Common/images/slide-pagenat.png
ERR: 无法加载模块:App

[ 2016-12-01T22:00:44+08:00 ] ::1 /muke/App/Common/Common/css/AjaxLoader.gif
ERR: 无法加载模块:App

[ 2016-12-01T22:01:14+08:00 ] ::1 /muke/App/Common/Common/images/slide-pagenat.png
ERR: 无法加载模块:App

[ 2016-12-01T22:01:14+08:00 ] ::1 /muke/App/Common/Common/css/AjaxLoader.gif
ERR: 无法加载模块:App

[ 2016-12-01T22:03:04+08:00 ] ::1 /muke/App/Common/Common/fonts/glyphicons-halflings-regular.woff
ERR: 无法加载模块:App

[ 2016-12-01T22:03:05+08:00 ] ::1 /muke/App/Common/Common/fonts/glyphicons-halflings-regular.ttf
ERR: 无法加载模块:App

[ 2016-12-01T22:03:25+08:00 ] ::1 /muke/App/Common/Common/images/slide-pagenat.png
ERR: 无法加载模块:App

[ 2016-12-01T22:03:25+08:00 ] ::1 /muke/App/Common/Common/css/AjaxLoader.gif
ERR: 无法加载模块:App

[ 2016-12-01T22:03:54+08:00 ] ::1 /muke/App/Common/Common/images/slide-pagenat.png
ERR: 无法加载模块:App

[ 2016-12-01T22:03:54+08:00 ] ::1 /muke/App/Common/Common/css/AjaxLoader.gif
ERR: 无法加载模块:App

[ 2016-12-01T22:03:56+08:00 ] ::1 /muke/App/Common/Common/fonts/glyphicons-halflings-regular.woff
ERR: 无法加载模块:App

[ 2016-12-01T22:03:56+08:00 ] ::1 /muke/App/Common/Common/fonts/glyphicons-halflings-regular.ttf
ERR: 无法加载模块:App

[ 2016-12-01T22:04:07+08:00 ] ::1 /muke/App/Common/Common/images/slide-pagenat.png
ERR: 无法加载模块:App

[ 2016-12-01T22:04:07+08:00 ] ::1 /muke/App/Common/Common/css/AjaxLoader.gif
ERR: 无法加载模块:App

[ 2016-12-01T22:04:47+08:00 ] ::1 /muke/App/Common/Common/images/slide-pagenat.png
ERR: 无法加载模块:App

[ 2016-12-01T22:04:47+08:00 ] ::1 /muke/App/Common/Common/css/AjaxLoader.gif
ERR: 无法加载模块:App

[ 2016-12-01T22:07:27+08:00 ] ::1 /muke/App/Common/Common/fonts/glyphicons-halflings-regular.woff
ERR: 无法加载模块:App

[ 2016-12-01T22:07:28+08:00 ] ::1 /muke/App/Common/Common/fonts/glyphicons-halflings-regular.ttf
ERR: 无法加载模块:App

[ 2016-12-01T22:10:34+08:00 ] ::1 /muke/App/Common/Common/fonts/glyphicons-halflings-regular.woff
ERR: 无法加载模块:App

[ 2016-12-01T22:10:34+08:00 ] ::1 /muke/App/Common/Common/fonts/glyphicons-halflings-regular.ttf
ERR: 无法加载模块:App

[ 2016-12-01T22:10:46+08:00 ] ::1 /muke/App/Common/Common/fonts/glyphicons-halflings-regular.woff
ERR: 无法加载模块:App

[ 2016-12-01T22:10:47+08:00 ] ::1 /muke/App/Common/Common/fonts/glyphicons-halflings-regular.ttf
ERR: 无法加载模块:App

[ 2016-12-01T22:11:29+08:00 ] ::1 /muke/App/Common/Common/fonts/glyphicons-halflings-regular.woff
ERR: 无法加载模块:App

[ 2016-12-01T22:11:29+08:00 ] ::1 /muke/App/Common/Common/fonts/glyphicons-halflings-regular.ttf
ERR: 无法加载模块:App

[ 2016-12-01T22:17:03+08:00 ] ::1 /muke/App/Common/Common/fonts/glyphicons-halflings-regular.woff
ERR: 无法加载模块:App

[ 2016-12-01T22:17:03+08:00 ] ::1 /muke/App/Common/Common/fonts/glyphicons-halflings-regular.ttf
ERR: 无法加载模块:App

[ 2016-12-01T22:17:14+08:00 ] ::1 /muke/App/Common/Common/fonts/glyphicons-halflings-regular.woff
ERR: 无法加载模块:App

[ 2016-12-01T22:17:14+08:00 ] ::1 /muke/App/Common/Common/fonts/glyphicons-halflings-regular.ttf
ERR: 无法加载模块:App

[ 2016-12-01T22:17:58+08:00 ] ::1 /muke/App/Common/Common/fonts/glyphicons-halflings-regular.woff
ERR: 无法加载模块:App

[ 2016-12-01T22:17:58+08:00 ] ::1 /muke/App/Common/Common/fonts/glyphicons-halflings-regular.ttf
ERR: 无法加载模块:App

[ 2016-12-01T22:18:12+08:00 ] ::1 /muke/App/Common/Common/fonts/glyphicons-halflings-regular.woff
ERR: 无法加载模块:App

[ 2016-12-01T22:18:13+08:00 ] ::1 /muke/App/Common/Common/fonts/glyphicons-halflings-regular.ttf
ERR: 无法加载模块:App

[ 2016-12-01T22:19:00+08:00 ] ::1 /muke/App/Common/Common/fonts/glyphicons-halflings-regular.woff
ERR: 无法加载模块:App

[ 2016-12-01T22:19:00+08:00 ] ::1 /muke/App/Common/Common/fonts/glyphicons-halflings-regular.ttf
ERR: 无法加载模块:App

[ 2016-12-01T22:20:02+08:00 ] ::1 /muke/App/Common/Common/images/slide-pagenat.png
ERR: 无法加载模块:App

[ 2016-12-01T22:20:02+08:00 ] ::1 /muke/App/Common/Common/css/AjaxLoader.gif
ERR: 无法加载模块:App

[ 2016-12-01T22:20:09+08:00 ] ::1 /muke/App/Common/Common/images/slide-pagenat.png
ERR: 无法加载模块:App

[ 2016-12-01T22:20:09+08:00 ] ::1 /muke/App/Common/Common/css/AjaxLoader.gif
ERR: 无法加载模块:App

[ 2016-12-01T22:20:25+08:00 ] ::1 /muke/App/Common/Common/fonts/glyphicons-halflings-regular.woff
ERR: 无法加载模块:App

[ 2016-12-01T22:20:26+08:00 ] ::1 /muke/App/Common/Common/fonts/glyphicons-halflings-regular.ttf
ERR: 无法加载模块:App

[ 2016-12-01T22:20:48+08:00 ] ::1 /muke/App/Common/Common/fonts/glyphicons-halflings-regular.woff
ERR: 无法加载模块:App

[ 2016-12-01T22:20:48+08:00 ] ::1 /muke/App/Common/Common/fonts/glyphicons-halflings-regular.ttf
ERR: 无法加载模块:App

[ 2016-12-01T22:21:00+08:00 ] ::1 /muke/App/Common/Common/images/slide-pagenat.png
ERR: 无法加载模块:App

[ 2016-12-01T22:21:00+08:00 ] ::1 /muke/App/Common/Common/css/AjaxLoader.gif
ERR: 无法加载模块:App

