[ 2016-12-03T15:45:31+08:00 ] ::1 /muke/App/Common/Common/images/slide-pagenat.png
ERR: 无法加载模块:App

[ 2016-12-03T15:45:31+08:00 ] ::1 /muke/App/Common/Common/css/AjaxLoader.gif
ERR: 无法加载模块:App

[ 2016-12-03T15:48:38+08:00 ] ::1 /muke/App/Common/Common/fonts/glyphicons-halflings-regular.woff
ERR: 无法加载模块:App

[ 2016-12-03T15:48:38+08:00 ] ::1 /muke/App/Common/Common/fonts/glyphicons-halflings-regular.ttf
ERR: 无法加载模块:App

[ 2016-12-03T15:48:50+08:00 ] ::1 /muke/App/Common/Common/images/slide-pagenat.png
ERR: 无法加载模块:App

[ 2016-12-03T15:48:51+08:00 ] ::1 /muke/App/Common/Common/css/AjaxLoader.gif
ERR: 无法加载模块:App

[ 2016-12-03T19:56:04+08:00 ] ::1 /muke/App/Common/Common/css/bootstrap.css.map
ERR: 无法加载模块:App

[ 2016-12-03T19:58:18+08:00 ] ::1 /muke/App/Common/Common/css/bootstrap.css.map
ERR: 无法加载模块:App

[ 2016-12-03T20:02:11+08:00 ] ::1 /muke/App/Common/Common/css/bootstrap.css.map
ERR: 无法加载模块:App

[ 2016-12-03T20:06:12+08:00 ] ::1 /muke/App/Common/Common/css/bootstrap.css.map
ERR: 无法加载模块:App

[ 2016-12-03T20:07:13+08:00 ] ::1 /muke/App/Common/Common/css/bootstrap.css.map
ERR: 无法加载模块:App

[ 2016-12-03T20:07:34+08:00 ] ::1 /muke/App/Common/Common/css/bootstrap.css.map
ERR: 无法加载模块:App

[ 2016-12-03T20:08:01+08:00 ] ::1 /muke/App/Common/Common/css/bootstrap.css.map
ERR: 无法加载模块:App

[ 2016-12-03T20:13:55+08:00 ] ::1 /muke/App/Common/Common/css/bootstrap.css.map
ERR: 无法加载模块:App

[ 2016-12-03T20:17:15+08:00 ] ::1 /muke/contact
ERR: 无法加载模块:Contact

[ 2016-12-03T20:18:33+08:00 ] ::1 /muke/contact.html
ERR: 无法加载模块:Contact

[ 2016-12-03T20:34:47+08:00 ] ::1 /muke/App/Common/Common/images/slide-pagenat.png
ERR: 无法加载模块:App

[ 2016-12-03T20:34:48+08:00 ] ::1 /muke/App/Common/Common/css/AjaxLoader.gif
ERR: 无法加载模块:App

[ 2016-12-03T20:35:58+08:00 ] ::1 /muke/App/Common/Common/images/slide-pagenat.png
ERR: 无法加载模块:App

[ 2016-12-03T20:35:58+08:00 ] ::1 /muke/App/Common/Common/css/AjaxLoader.gif
ERR: 无法加载模块:App

[ 2016-12-03T20:36:43+08:00 ] ::1 /muke/App/Common/Common/fonts/glyphicons-halflings-regular.woff
ERR: 无法加载模块:App

[ 2016-12-03T20:36:43+08:00 ] ::1 /muke/App/Common/Common/fonts/glyphicons-halflings-regular.ttf
ERR: 无法加载模块:App

[ 2016-12-03T20:43:31+08:00 ] ::1 /muke/App/Common/Common/fonts/glyphicons-halflings-regular.woff
ERR: 无法加载模块:App

[ 2016-12-03T20:43:32+08:00 ] ::1 /muke/App/Common/Common/fonts/glyphicons-halflings-regular.ttf
ERR: 无法加载模块:App

[ 2016-12-03T20:44:09+08:00 ] ::1 /muke/App/Common/Common/fonts/glyphicons-halflings-regular.woff
ERR: 无法加载模块:App

[ 2016-12-03T20:44:09+08:00 ] ::1 /muke/App/Common/Common/fonts/glyphicons-halflings-regular.ttf
ERR: 无法加载模块:App

[ 2016-12-03T20:44:29+08:00 ] ::1 /muke/App/Common/Common/fonts/glyphicons-halflings-regular.woff
ERR: 无法加载模块:App

[ 2016-12-03T20:44:29+08:00 ] ::1 /muke/App/Common/Common/fonts/glyphicons-halflings-regular.ttf
ERR: 无法加载模块:App

[ 2016-12-03T20:45:03+08:00 ] ::1 /muke/App/Common/Common/images/slide-pagenat.png
ERR: 无法加载模块:App

[ 2016-12-03T20:45:03+08:00 ] ::1 /muke/App/Common/Common/css/AjaxLoader.gif
ERR: 无法加载模块:App

[ 2016-12-03T20:45:12+08:00 ] ::1 /muke/App/Common/Common/images/slide-pagenat.png
ERR: 无法加载模块:App

[ 2016-12-03T20:45:12+08:00 ] ::1 /muke/App/Common/Common/css/AjaxLoader.gif
ERR: 无法加载模块:App

[ 2016-12-03T21:07:29+08:00 ] ::1 /muke/App/Common/Common/fonts/glyphicons-halflings-regular.woff
ERR: 无法加载模块:App

[ 2016-12-03T21:07:30+08:00 ] ::1 /muke/App/Common/Common/fonts/glyphicons-halflings-regular.ttf
ERR: 无法加载模块:App

[ 2016-12-03T21:09:33+08:00 ] ::1 /muke/App/Common/Common/images/slide-pagenat.png
ERR: 无法加载模块:App

[ 2016-12-03T21:09:33+08:00 ] ::1 /muke/App/Common/Common/css/AjaxLoader.gif
ERR: 无法加载模块:App

[ 2016-12-03T21:09:38+08:00 ] ::1 /muke/App/Common/Common/fonts/glyphicons-halflings-regular.woff
ERR: 无法加载模块:App

[ 2016-12-03T21:09:38+08:00 ] ::1 /muke/App/Common/Common/fonts/glyphicons-halflings-regular.ttf
ERR: 无法加载模块:App

[ 2016-12-03T21:09:57+08:00 ] ::1 /muke/App/Common/Common/fonts/glyphicons-halflings-regular.woff
ERR: 无法加载模块:App

[ 2016-12-03T21:09:58+08:00 ] ::1 /muke/App/Common/Common/fonts/glyphicons-halflings-regular.ttf
ERR: 无法加载模块:App

[ 2016-12-03T21:13:15+08:00 ] ::1 /muke/App/Home/View/login
ERR: 无法加载模块:App

[ 2016-12-03T21:23:54+08:00 ] ::1 /muke/App/Common/Common/fonts/glyphicons-halflings-regular.woff
ERR: 无法加载模块:App

[ 2016-12-03T21:23:54+08:00 ] ::1 /muke/App/Common/Common/fonts/glyphicons-halflings-regular.ttf
ERR: 无法加载模块:App

[ 2016-12-03T21:24:04+08:00 ] ::1 /muke/App/Common/Common/images/slide-pagenat.png
ERR: 无法加载模块:App

[ 2016-12-03T21:24:05+08:00 ] ::1 /muke/App/Common/Common/css/AjaxLoader.gif
ERR: 无法加载模块:App

[ 2016-12-03T21:27:59+08:00 ] ::1 /muke/App/Home/View/contact
ERR: 无法加载模块:App

[ 2016-12-03T21:47:52+08:00 ] ::1 /muke/App/Common/Common/fonts/glyphicons-halflings-regular.woff
ERR: 无法加载模块:App

[ 2016-12-03T21:47:52+08:00 ] ::1 /muke/App/Common/Common/fonts/glyphicons-halflings-regular.ttf
ERR: 无法加载模块:App

[ 2016-12-03T21:48:49+08:00 ] ::1 /muke/App/Common/Common/images/slide-pagenat.png
ERR: 无法加载模块:App

[ 2016-12-03T21:48:50+08:00 ] ::1 /muke/App/Common/Common/css/AjaxLoader.gif
ERR: 无法加载模块:App

[ 2016-12-03T21:48:58+08:00 ] ::1 /muke/App/Common/Common/fonts/glyphicons-halflings-regular.woff
ERR: 无法加载模块:App

[ 2016-12-03T21:48:59+08:00 ] ::1 /muke/App/Common/Common/fonts/glyphicons-halflings-regular.ttf
ERR: 无法加载模块:App

[ 2016-12-03T21:50:11+08:00 ] ::1 /muke/App/Common/Common/images/slide-pagenat.png
ERR: 无法加载模块:App

[ 2016-12-03T21:50:11+08:00 ] ::1 /muke/App/Common/Common/css/AjaxLoader.gif
ERR: 无法加载模块:App

[ 2016-12-03T21:52:04+08:00 ] ::1 /muke/App/Common/Common/images/slide-pagenat.png
ERR: 无法加载模块:App

[ 2016-12-03T21:52:05+08:00 ] ::1 /muke/App/Common/Common/css/AjaxLoader.gif
ERR: 无法加载模块:App

[ 2016-12-03T21:54:34+08:00 ] ::1 /muke/App/Common/Common/fonts/glyphicons-halflings-regular.woff
ERR: 无法加载模块:App

[ 2016-12-03T21:54:34+08:00 ] ::1 /muke/App/Common/Common/fonts/glyphicons-halflings-regular.ttf
ERR: 无法加载模块:App

[ 2016-12-03T21:55:30+08:00 ] ::1 /muke/App/Common/Common/fonts/glyphicons-halflings-regular.woff
ERR: 无法加载模块:App

[ 2016-12-03T21:55:31+08:00 ] ::1 /muke/App/Common/Common/fonts/glyphicons-halflings-regular.ttf
ERR: 无法加载模块:App

[ 2016-12-03T21:58:21+08:00 ] ::1 /muke/App/Common/Common/fonts/glyphicons-halflings-regular.woff
ERR: 无法加载模块:App

[ 2016-12-03T21:58:21+08:00 ] ::1 /muke/App/Common/Common/fonts/glyphicons-halflings-regular.ttf
ERR: 无法加载模块:App

[ 2016-12-03T22:00:41+08:00 ] ::1 /muke/App/Common/Common/fonts/glyphicons-halflings-regular.woff
ERR: 无法加载模块:App

[ 2016-12-03T22:00:41+08:00 ] ::1 /muke/App/Common/Common/fonts/glyphicons-halflings-regular.ttf
ERR: 无法加载模块:App

[ 2016-12-03T22:00:46+08:00 ] ::1 /muke/App/Common/Common/fonts/glyphicons-halflings-regular.woff
ERR: 无法加载模块:App

[ 2016-12-03T22:00:46+08:00 ] ::1 /muke/App/Common/Common/fonts/glyphicons-halflings-regular.ttf
ERR: 无法加载模块:App

[ 2016-12-03T22:00:48+08:00 ] ::1 /muke/App/Common/Common/fonts/glyphicons-halflings-regular.woff
ERR: 无法加载模块:App

[ 2016-12-03T22:00:49+08:00 ] ::1 /muke/App/Common/Common/fonts/glyphicons-halflings-regular.ttf
ERR: 无法加载模块:App

[ 2016-12-03T22:11:29+08:00 ] ::1 /muke/App/Common/Common/images/slide-pagenat.png
ERR: 无法加载模块:App

[ 2016-12-03T22:11:29+08:00 ] ::1 /muke/App/Common/Common/css/AjaxLoader.gif
ERR: 无法加载模块:App

[ 2016-12-03T22:11:56+08:00 ] ::1 /muke/index.html
ERR: 无法加载模块:Index

