[ 2017-08-25T16:36:20+08:00 ] ::1 /muke/App/Common/Common/images/slide-pagenat.png
ERR: 无法加载模块:App

[ 2017-08-25T16:36:20+08:00 ] ::1 /muke/App/Common/Common/css/AjaxLoader.gif
ERR: 无法加载模块:App

[ 2017-08-25T16:36:34+08:00 ] ::1 /muke/App/Common/Common/fonts/glyphicons-halflings-regular.woff
ERR: 无法加载模块:App

[ 2017-08-25T16:36:35+08:00 ] ::1 /muke/App/Common/Common/fonts/glyphicons-halflings-regular.ttf
ERR: 无法加载模块:App

[ 2017-08-25T16:37:04+08:00 ] ::1 /muke/App/Common/Common/fonts/glyphicons-halflings-regular.woff
ERR: 无法加载模块:App

[ 2017-08-25T16:37:04+08:00 ] ::1 /muke/App/Common/Common/fonts/glyphicons-halflings-regular.ttf
ERR: 无法加载模块:App

[ 2017-08-25T16:37:26+08:00 ] ::1 /muke/App/Common/Common/images/slide-pagenat.png
ERR: 无法加载模块:App

[ 2017-08-25T16:37:26+08:00 ] ::1 /muke/App/Common/Common/css/AjaxLoader.gif
ERR: 无法加载模块:App

[ 2017-08-25T16:37:30+08:00 ] ::1 /muke/App/Common/Common/fonts/glyphicons-halflings-regular.woff
ERR: 无法加载模块:App

[ 2017-08-25T16:37:30+08:00 ] ::1 /muke/App/Common/Common/fonts/glyphicons-halflings-regular.ttf
ERR: 无法加载模块:App

[ 2017-08-25T16:37:40+08:00 ] ::1 /muke/App/Common/Common/css/AjaxLoader.gif
ERR: 无法加载模块:App

[ 2017-08-25T16:37:40+08:00 ] ::1 /muke/App/Common/Common/images/slide-pagenat.png
ERR: 无法加载模块:App

